[2017-03-24 11:21:27] ParseIt.INFO: Parsing process - run [] []
[2017-03-24 11:22:14] ParseIt.INFO: Parsing process - run [] []
[2017-03-24 11:28:18] ParseIt.INFO: Parsing process - run [] []
[2017-03-24 11:28:20] ParseIt.INFO: Parsing source - https://www.citilink.ru/catalog/mobile/cell_phones/XIAOMI/ [] []
[2017-03-24 11:28:23] ParseIt.INFO: Parsing source - https://www.citilink.ru/catalog/mobile/smartfony/?available=1&status=55395790&p=1&f=1376_214HUAWEI [] []
[2017-03-24 11:31:05] ParseIt.INFO: Parsing process - run [] []
[2017-03-24 11:31:18] ParseIt.ERROR: ParseitController.run() {"errors":["[object] (ErrorException(code: 0): Undefined variable: sources at /var/www/mobzilla/data/www/mobzilla.su/parseit/app/Donors/CitilinkRu.php:48)"],"source":"https://www.citilink.ru/catalog/mobile/cell_phones/?available=1&status=55395790&p=1&f=1376_214XIAOMI"} []
[2017-03-24 11:40:33] ParseIt.INFO: Parsing process - run [] []
[2017-03-24 11:40:36] ParseIt.INFO: Parsing source - https://www.citilink.ru/catalog/mobile/cell_phones/?available=1&status=55395790&p=1&f=1376_214XIAOMI [] []
[2017-03-24 11:40:39] ParseIt.INFO: Parsing source - https://www.citilink.ru/catalog/mobile/smartfony/?available=1&status=55395790&p=1&f=1376_214HUAWEI [] []
[2017-03-24 11:40:39] ParseIt.ERROR: Url https://www.citilink.ru/catalog/mobile/cell_phones/436867/ return blank page [] []
[2017-03-24 11:40:40] ParseIt.ERROR: Url https://www.citilink.ru/catalog/mobile/cell_phones/428092/ return blank page [] []
[2017-03-24 11:40:40] ParseIt.ERROR: Url https://www.citilink.ru/catalog/mobile/cell_phones/436670/ return blank page [] []
[2017-03-24 11:40:40] ParseIt.ERROR: Url https://www.citilink.ru/catalog/mobile/cell_phones/412287/ return blank page [] []
[2017-03-24 11:40:41] ParseIt.ERROR: Url https://www.citilink.ru/catalog/mobile/cell_phones/436910/ return blank page [] []
[2017-03-24 11:40:41] ParseIt.ERROR: Url https://www.citilink.ru/catalog/mobile/cell_phones/436908/ return blank page [] []
[2017-03-24 11:40:41] ParseIt.ERROR: Url https://www.citilink.ru/catalog/mobile/cell_phones/436130/ return blank page [] []
[2017-03-24 11:40:42] ParseIt.ERROR: Url https://www.citilink.ru/catalog/mobile/cell_phones/405615/ return blank page [] []
[2017-03-24 11:40:42] ParseIt.ERROR: Url https://www.citilink.ru/catalog/mobile/cell_phones/405623/ return blank page [] []
[2017-03-24 11:40:42] ParseIt.ERROR: Url https://www.citilink.ru/catalog/mobile/cell_phones/411672/ return blank page [] []
[2017-03-24 11:40:43] ParseIt.ERROR: Url https://www.citilink.ru/catalog/mobile/cell_phones/417592/ return blank page [] []
[2017-03-24 11:40:43] ParseIt.ERROR: Url https://www.citilink.ru/catalog/mobile/cell_phones/417594/ return blank page [] []
[2017-03-24 11:40:43] ParseIt.ERROR: Url https://www.citilink.ru/catalog/mobile/cell_phones/403653/ return blank page [] []
[2017-03-24 11:40:44] ParseIt.ERROR: Url https://www.citilink.ru/catalog/mobile/cell_phones/403656/ return blank page [] []
[2017-03-24 11:40:44] ParseIt.ERROR: Url https://www.citilink.ru/catalog/mobile/cell_phones/403658/ return blank page [] []
[2017-03-24 11:40:45] ParseIt.ERROR: Url https://www.citilink.ru/catalog/mobile/cell_phones/394240/ return blank page [] []
[2017-03-24 11:40:45] ParseIt.ERROR: Url https://www.citilink.ru/catalog/mobile/cell_phones/394242/ return blank page [] []
[2017-03-24 11:40:46] ParseIt.ERROR: Url https://www.citilink.ru/catalog/mobile/cell_phones/382770/ return blank page [] []
[2017-03-24 11:40:46] ParseIt.ERROR: Url https://www.citilink.ru/catalog/mobile/cell_phones/382764/ return blank page [] []
[2017-03-24 11:40:46] ParseIt.ERROR: Url https://www.citilink.ru/catalog/mobile/cell_phones/382771/ return blank page [] []
[2017-03-24 11:40:46] ParseIt.ERROR: Url https://www.citilink.ru/catalog/mobile/cell_phones/409563/ return blank page [] []
[2017-03-24 11:40:47] ParseIt.ERROR: Url https://www.citilink.ru/catalog/mobile/cell_phones/409561/ return blank page [] []
[2017-03-24 11:40:47] ParseIt.ERROR: Url https://www.citilink.ru/catalog/mobile/cell_phones/414963/ return blank page [] []
[2017-03-24 11:40:48] ParseIt.ERROR: Url https://www.citilink.ru/catalog/mobile/cell_phones/414965/ return blank page [] []
[2017-03-24 11:40:48] ParseIt.ERROR: Url https://www.citilink.ru/catalog/mobile/cell_phones/386947/ return blank page [] []
[2017-03-24 11:40:48] ParseIt.ERROR: Url https://www.citilink.ru/catalog/mobile/cell_phones/386952/ return blank page [] []
[2017-03-24 11:40:48] ParseIt.ERROR: Url https://www.citilink.ru/catalog/mobile/cell_phones/386953/ return blank page [] []
[2017-03-24 11:40:48] ParseIt.ERROR: Url https://www.citilink.ru/catalog/mobile/cell_phones/382773/ return blank page [] []
[2017-03-24 11:40:49] ParseIt.ERROR: Url https://www.citilink.ru/catalog/mobile/cell_phones/382795/ return blank page [] []
[2017-03-24 11:40:49] ParseIt.ERROR: Url https://www.citilink.ru/catalog/mobile/cell_phones/403660/ return blank page [] []
[2017-03-24 11:40:50] ParseIt.ERROR: Url https://www.citilink.ru/catalog/mobile/cell_phones/419709/ return blank page [] []
[2017-03-24 11:40:50] ParseIt.ERROR: Url https://www.citilink.ru/catalog/mobile/cell_phones/419710/ return blank page [] []
[2017-03-24 11:40:50] ParseIt.ERROR: Url https://www.citilink.ru/catalog/mobile/cell_phones/419706/ return blank page [] []
[2017-03-24 11:40:50] ParseIt.ERROR: Url https://www.citilink.ru/catalog/mobile/cell_phones/407220/ return blank page [] []
[2017-03-24 11:40:51] ParseIt.ERROR: Url https://www.citilink.ru/catalog/mobile/cell_phones/407222/ return blank page [] []
[2017-03-24 11:40:51] ParseIt.ERROR: Url https://www.citilink.ru/catalog/mobile/cell_phones/382797/ return blank page [] []
[2017-03-24 11:40:51] ParseIt.ERROR: Url https://www.citilink.ru/catalog/mobile/cell_phones/382796/ return blank page [] []
[2017-03-24 11:40:52] ParseIt.ERROR: Url https://www.citilink.ru/catalog/mobile/cell_phones/436622/ return blank page [] []
[2017-03-24 11:40:53] ParseIt.ERROR: Url https://www.citilink.ru/catalog/mobile/cell_phones/394932/ return blank page [] []
[2017-03-24 11:40:53] ParseIt.ERROR: Url https://www.citilink.ru/catalog/mobile/cell_phones/394933/ return blank page [] []
[2017-03-24 11:40:53] ParseIt.ERROR: Url https://www.citilink.ru/catalog/mobile/cell_phones/382800/ return blank page [] []
[2017-03-24 11:40:53] ParseIt.ERROR: Url https://www.citilink.ru/catalog/mobile/cell_phones/394934/ return blank page [] []
[2017-03-24 11:40:54] ParseIt.ERROR: Url https://www.citilink.ru/catalog/mobile/cell_phones/400083/ return blank page [] []
[2017-03-24 11:40:54] ParseIt.ERROR: Url https://www.citilink.ru/catalog/mobile/cell_phones/420397/ return blank page [] []
[2017-03-24 11:40:55] ParseIt.ERROR: Url https://www.citilink.ru/catalog/mobile/cell_phones/440704/ return blank page [] []
[2017-03-24 11:40:55] ParseIt.ERROR: Url https://www.citilink.ru/catalog/mobile/cell_phones/405618/ return blank page [] []
[2017-03-24 11:40:56] ParseIt.ERROR: Url https://www.citilink.ru/catalog/mobile/cell_phones/436867/ return blank page [] []
[2017-03-24 11:40:56] ParseIt.ERROR: Url https://www.citilink.ru/catalog/mobile/cell_phones/428092/ return blank page [] []
[2017-03-24 11:40:56] ParseIt.ERROR: Url https://www.citilink.ru/catalog/mobile/cell_phones/436670/ return blank page [] []
[2017-03-24 11:40:57] ParseIt.ERROR: Url https://www.citilink.ru/catalog/mobile/cell_phones/436910/ return blank page [] []
[2017-03-24 11:40:57] ParseIt.ERROR: Url https://www.citilink.ru/catalog/mobile/cell_phones/440704/ return blank page [] []
[2017-03-24 11:40:57] ParseIt.ERROR: Url https://www.citilink.ru/catalog/mobile/cell_phones/436130/ return blank page [] []
[2017-03-24 11:40:57] ParseIt.ERROR: Url https://www.citilink.ru/catalog/mobile/cell_phones/405618/ return blank page [] []
[2017-03-24 11:40:58] ParseIt.ERROR: Url https://www.citilink.ru/catalog/mobile/cell_phones/405623/ return blank page [] []
[2017-03-24 11:40:58] ParseIt.ERROR: Url https://www.citilink.ru/catalog/mobile/cell_phones/411672/ return blank page [] []
[2017-03-24 11:40:58] ParseIt.ERROR: Url https://www.citilink.ru/catalog/mobile/cell_phones/417592/ return blank page [] []
[2017-03-24 11:40:59] ParseIt.ERROR: Url https://www.citilink.ru/catalog/mobile/cell_phones/417594/ return blank page [] []
[2017-03-24 11:41:00] ParseIt.ERROR: Url https://www.citilink.ru/catalog/mobile/cell_phones/403653/ return blank page [] []
[2017-03-24 11:41:00] ParseIt.ERROR: Url https://www.citilink.ru/catalog/mobile/cell_phones/403656/ return blank page [] []
[2017-03-24 11:41:01] ParseIt.ERROR: Url https://www.citilink.ru/catalog/mobile/cell_phones/403658/ return blank page [] []
[2017-03-24 11:41:02] ParseIt.ERROR: Url https://www.citilink.ru/catalog/mobile/cell_phones/394240/ return blank page [] []
[2017-03-24 11:41:02] ParseIt.ERROR: Url https://www.citilink.ru/catalog/mobile/cell_phones/394242/ return blank page [] []
[2017-03-24 11:41:02] ParseIt.ERROR: Url https://www.citilink.ru/catalog/mobile/cell_phones/382770/ return blank page [] []
[2017-03-24 11:41:03] ParseIt.ERROR: Url https://www.citilink.ru/catalog/mobile/cell_phones/382764/ return blank page [] []
[2017-03-24 11:41:03] ParseIt.ERROR: Url https://www.citilink.ru/catalog/mobile/cell_phones/382771/ return blank page [] []
[2017-03-24 11:41:03] ParseIt.ERROR: Url https://www.citilink.ru/catalog/mobile/cell_phones/409563/ return blank page [] []
[2017-03-24 11:41:04] ParseIt.ERROR: Url https://www.citilink.ru/catalog/mobile/cell_phones/409561/ return blank page [] []
[2017-03-24 11:41:04] ParseIt.ERROR: Url https://www.citilink.ru/catalog/mobile/cell_phones/414963/ return blank page [] []
[2017-03-24 11:41:04] ParseIt.ERROR: Url https://www.citilink.ru/catalog/mobile/cell_phones/414965/ return blank page [] []
[2017-03-24 11:41:04] ParseIt.ERROR: Url https://www.citilink.ru/catalog/mobile/cell_phones/386947/ return blank page [] []
[2017-03-24 11:41:05] ParseIt.ERROR: Url https://www.citilink.ru/catalog/mobile/cell_phones/386952/ return blank page [] []
[2017-03-24 11:41:05] ParseIt.ERROR: Url https://www.citilink.ru/catalog/mobile/cell_phones/386953/ return blank page [] []
[2017-03-24 11:41:05] ParseIt.ERROR: Url https://www.citilink.ru/catalog/mobile/cell_phones/382773/ return blank page [] []
[2017-03-24 11:41:06] ParseIt.ERROR: Url https://www.citilink.ru/catalog/mobile/cell_phones/382795/ return blank page [] []
[2017-03-24 11:41:06] ParseIt.ERROR: Url https://www.citilink.ru/catalog/mobile/cell_phones/403660/ return blank page [] []
[2017-03-24 11:41:06] ParseIt.ERROR: Url https://www.citilink.ru/catalog/mobile/cell_phones/419709/ return blank page [] []
[2017-03-24 11:41:07] ParseIt.ERROR: Url https://www.citilink.ru/catalog/mobile/cell_phones/419710/ return blank page [] []
[2017-03-24 11:41:07] ParseIt.ERROR: Url https://www.citilink.ru/catalog/mobile/cell_phones/419706/ return blank page [] []
[2017-03-24 11:41:07] ParseIt.ERROR: Url https://www.citilink.ru/catalog/mobile/cell_phones/407220/ return blank page [] []
[2017-03-24 11:41:08] ParseIt.ERROR: Url https://www.citilink.ru/catalog/mobile/cell_phones/407222/ return blank page [] []
[2017-03-24 11:41:08] ParseIt.ERROR: Url https://www.citilink.ru/catalog/mobile/cell_phones/382797/ return blank page [] []
[2017-03-24 11:41:08] ParseIt.ERROR: Url https://www.citilink.ru/catalog/mobile/cell_phones/382796/ return blank page [] []
[2017-03-24 11:41:09] ParseIt.ERROR: Url https://www.citilink.ru/catalog/mobile/cell_phones/436622/ return blank page [] []
[2017-03-24 11:41:09] ParseIt.ERROR: Url https://www.citilink.ru/catalog/mobile/cell_phones/394932/ return blank page [] []
[2017-03-24 11:41:09] ParseIt.ERROR: Url https://www.citilink.ru/catalog/mobile/cell_phones/394933/ return blank page [] []
[2017-03-24 11:41:10] ParseIt.ERROR: Url https://www.citilink.ru/catalog/mobile/cell_phones/382800/ return blank page [] []
[2017-03-24 11:41:10] ParseIt.ERROR: Url https://www.citilink.ru/catalog/mobile/cell_phones/394934/ return blank page [] []
[2017-03-24 11:41:11] ParseIt.ERROR: Url https://www.citilink.ru/catalog/mobile/cell_phones/400083/ return blank page [] []
[2017-03-24 11:41:11] ParseIt.ERROR: Url https://www.citilink.ru/catalog/mobile/cell_phones/420397/ return blank page [] []
[2017-03-24 11:41:11] ParseIt.ERROR: Url https://www.citilink.ru/catalog/mobile/cell_phones/416302/ return blank page [] []
[2017-03-24 11:41:12] ParseIt.ERROR: Url https://www.citilink.ru/catalog/mobile/cell_phones/412562/ return blank page [] []
[2017-03-24 11:41:12] ParseIt.ERROR: Url https://www.citilink.ru/catalog/mobile/cell_phones/417596/ return blank page [] []
[2017-03-24 11:41:12] ParseIt.INFO: Parsing process - done [] []
[2017-03-24 11:46:06] ParseIt.INFO: Parsing process - run [] []
[2017-03-24 11:46:13] ParseIt.INFO: Parsing source - https://www.citilink.ru/catalog/mobile/cell_phones/?available=1&status=55395790&p=1&f=1376_214XIAOMI [] []
[2017-03-24 11:46:15] ParseIt.INFO: Parsing source - https://www.citilink.ru/catalog/mobile/smartfony/?available=1&status=55395790&p=1&f=1376_214HUAWEI [] []
[2017-03-24 11:46:49] ParseIt.INFO: Parsing process - run [] []
[2017-03-24 11:46:53] ParseIt.INFO: Parsing source - https://www.citilink.ru/catalog/mobile/cell_phones/?available=1&status=55395790&p=1&f=1376_214XIAOMI [] []
[2017-03-24 11:46:55] ParseIt.INFO: Parsing source - https://www.citilink.ru/catalog/mobile/smartfony/?available=1&status=55395790&p=1&f=1376_214HUAWEI [] []
[2017-03-24 11:48:51] ParseIt.INFO: Parsing process - run [] []
[2017-03-24 12:27:45] ParseIt.INFO: Parsing process - done [] []
[2017-03-24 12:28:21] ParseIt.INFO: Parsing process - run [] []
[2017-03-24 12:28:26] ParseIt.INFO: Parsing source - https://www.citilink.ru/catalog/mobile/cell_phones/?available=1&status=55395790&p=1&f=1376_214XIAOMI [] []
[2017-03-24 12:28:31] ParseIt.INFO: Parsing source - https://www.citilink.ru/catalog/mobile/smartfony/?available=1&status=55395790&p=1&f=1376_214HUAWEI [] []
