[2017-04-10 14:31:43] ParseIt.INFO: Parsing process - run [] []
[2017-04-10 14:32:20] ParseIt.INFO: Parsing source - https://www.citilink.ru/catalog/mobile/cell_phones/XIAOMI/ [] []
[2017-04-10 14:33:26] ParseIt.INFO: New - 16, update - 0, from - https://www.citilink.ru/catalog/mobile/cell_phones/XIAOMI/ [] []
[2017-04-10 14:34:44] ParseIt.INFO: Parsing source - https://www.citilink.ru/catalog/large_and_small_appliances/small_appliances/deep_fryers/ [] []
[2017-04-10 14:35:11] ParseIt.INFO: New - 4, update - 0, from - https://www.citilink.ru/catalog/large_and_small_appliances/small_appliances/deep_fryers/ [] []
[2017-04-10 14:35:11] ParseIt.INFO: Parsing source - https://www.citilink.ru/catalog/furniture/phones/phones_wireless/ [] []
[2017-04-10 14:38:48] ParseIt.ERROR: Url https://www.citilink.ru/catalog/furniture/phones/phones_wireless/725383/ return blank page [] []
[2017-04-10 14:39:17] ParseIt.INFO: New - 83, update - 0, from - https://www.citilink.ru/catalog/furniture/phones/phones_wireless/ [] []
[2017-04-10 14:39:50] ParseIt.INFO: Parsing source - https://www.citilink.ru/catalog/mobile/phone_gadgets/virtualnye_ochki/ [] []
[2017-04-10 14:40:14] ParseIt.INFO: New - 5, update - 0, from - https://www.citilink.ru/catalog/mobile/phone_gadgets/virtualnye_ochki/ [] []
[2017-04-10 14:40:14] ParseIt.INFO: Parsing source - https://www.citilink.ru/catalog/large_and_small_appliances/small_appliances/yogurt_makers/ [] []
[2017-04-10 14:40:31] ParseIt.INFO: New - 6, update - 0, from - https://www.citilink.ru/catalog/large_and_small_appliances/small_appliances/yogurt_makers/ [] []
[2017-04-10 14:40:31] ParseIt.INFO: Parsing source - https://www.citilink.ru/catalog/furniture/phones/phones_ip/ [] []
[2017-04-10 14:41:37] ParseIt.INFO: New - 25, update - 0, from - https://www.citilink.ru/catalog/furniture/phones/phones_ip/ [] []
[2017-04-10 14:42:21] ParseIt.INFO: Parsing source - https://www.citilink.ru/catalog/mobile/phone_gadgets/smart_chasy/ [] []
[2017-04-10 14:43:06] ParseIt.ERROR: Url https://www.citilink.ru/catalog/mobile/phone_gadgets/smart_chasy/403528/ return blank page [] []
[2017-04-10 14:44:08] ParseIt.ERROR: Url https://www.citilink.ru/catalog/mobile/phone_gadgets/smart_chasy/413760/ return blank page [] []
[2017-04-10 14:44:10] ParseIt.INFO: New - 31, update - 0, from - https://www.citilink.ru/catalog/mobile/phone_gadgets/smart_chasy/ [] []
[2017-04-10 14:44:46] ParseIt.INFO: Parsing source - https://www.citilink.ru/catalog/large_and_small_appliances/small_appliances/pancake_makers/ [] []
[2017-04-10 14:45:03] ParseIt.INFO: New - 5, update - 0, from - https://www.citilink.ru/catalog/large_and_small_appliances/small_appliances/pancake_makers/ [] []
[2017-04-10 14:45:03] ParseIt.INFO: Parsing source - https://www.citilink.ru/catalog/furniture/phones/phones_receiver/ [] []
[2017-04-10 14:45:53] ParseIt.INFO: New - 16, update - 0, from - https://www.citilink.ru/catalog/furniture/phones/phones_receiver/ [] []
[2017-04-10 14:46:46] ParseIt.INFO: Parsing source - https://www.citilink.ru/catalog/mobile/phone_gadgets/fitness_braslety/ [] []
[2017-04-10 14:46:55] ParseIt.INFO: New - 6, update - 0, from - https://www.citilink.ru/catalog/mobile/phone_gadgets/fitness_braslety/ [] []
[2017-04-10 14:46:55] ParseIt.INFO: Parsing source - https://www.citilink.ru/catalog/large_and_small_appliances/small_appliances/slicers/ [] []
[2017-04-10 14:47:06] ParseIt.INFO: New - 5, update - 0, from - https://www.citilink.ru/catalog/large_and_small_appliances/small_appliances/slicers/ [] []
[2017-04-10 14:47:06] ParseIt.INFO: Parsing source - https://www.citilink.ru/catalog/furniture/phones/phones_aks/ [] []
[2017-04-10 14:47:08] ParseIt.INFO: New - 1, update - 0, from - https://www.citilink.ru/catalog/furniture/phones/phones_aks/ [] []
[2017-04-10 14:47:08] ParseIt.INFO: Parsing source - https://www.citilink.ru/catalog/mobile/phone_gadgets/aksessuary_dlja_gadzhetov/ [] []
[2017-04-10 14:47:37] ParseIt.INFO: New - 10, update - 0, from - https://www.citilink.ru/catalog/mobile/phone_gadgets/aksessuary_dlja_gadzhetov/ [] []
[2017-04-10 14:47:37] ParseIt.INFO: Parsing source - https://www.citilink.ru/catalog/large_and_small_appliances/small_appliances/kitchen_scales/ [] []
[2017-04-10 14:49:47] ParseIt.INFO: New - 50, update - 0, from - https://www.citilink.ru/catalog/large_and_small_appliances/small_appliances/kitchen_scales/ [] []
[2017-04-10 14:50:13] ParseIt.INFO: Parsing source - https://www.citilink.ru/catalog/furniture/office_supplies/desktop_sets/ [] []
[2017-04-10 14:50:33] ParseIt.ERROR: Url https://www.citilink.ru/catalog/furniture/office_supplies/desktop_sets/382146/ return blank page [] []
[2017-04-10 14:51:00] ParseIt.ERROR: Url https://www.citilink.ru/catalog/furniture/office_supplies/desktop_sets/811918/ return blank page [] []
[2017-04-10 14:51:10] ParseIt.ERROR: Url https://www.citilink.ru/catalog/furniture/office_supplies/desktop_sets/811877/ return blank page [] []
[2017-04-10 14:51:26] ParseIt.ERROR: Url https://www.citilink.ru/catalog/furniture/office_supplies/desktop_sets/811916/ return blank page [] []
[2017-04-10 14:51:48] ParseIt.INFO: New - 24, update - 0, from - https://www.citilink.ru/catalog/furniture/office_supplies/desktop_sets/ [] []
[2017-04-10 15:22:50] ParseIt.INFO: Parsing process - run [] []
[2017-04-10 15:23:40] ParseIt.INFO: Parsing source - https://www.citilink.ru/catalog/mobile/cell_phones/XIAOMI/ [] []
[2017-04-10 15:24:29] ParseIt.ERROR: Url https://www.citilink.ru/catalog/mobile/cell_phones/417594/ return blank page [] []
[2017-04-10 15:24:39] ParseIt.INFO: New - 0, update - 15, from - https://www.citilink.ru/catalog/mobile/cell_phones/XIAOMI/ [] []
[2017-04-10 15:24:39] ParseIt.INFO: Parsing source - https://www.citilink.ru/catalog/large_and_small_appliances/small_appliances/deep_fryers/ [] []
[2017-04-10 15:24:48] ParseIt.INFO: New - 0, update - 4, from - https://www.citilink.ru/catalog/large_and_small_appliances/small_appliances/deep_fryers/ [] []
[2017-04-10 15:25:10] ParseIt.INFO: Parsing source - https://www.citilink.ru/catalog/furniture/phones/phones_wireless/ [] []
[2017-04-10 15:28:47] ParseIt.INFO: New - 1, update - 82, from - https://www.citilink.ru/catalog/furniture/phones/phones_wireless/ [] []
[2017-04-10 15:28:58] ParseIt.INFO: Parsing source - https://www.citilink.ru/catalog/mobile/phone_gadgets/virtualnye_ochki/ [] []
[2017-04-10 15:29:10] ParseIt.INFO: New - 0, update - 5, from - https://www.citilink.ru/catalog/mobile/phone_gadgets/virtualnye_ochki/ [] []
[2017-04-10 15:29:10] ParseIt.INFO: Parsing source - https://www.citilink.ru/catalog/large_and_small_appliances/small_appliances/yogurt_makers/ [] []
[2017-04-10 15:29:20] ParseIt.INFO: New - 0, update - 6, from - https://www.citilink.ru/catalog/large_and_small_appliances/small_appliances/yogurt_makers/ [] []
[2017-04-10 15:29:20] ParseIt.INFO: Parsing source - https://www.citilink.ru/catalog/furniture/phones/phones_ip/ [] []
[2017-04-10 15:30:18] ParseIt.INFO: New - 0, update - 25, from - https://www.citilink.ru/catalog/furniture/phones/phones_ip/ [] []
[2017-04-10 15:30:37] ParseIt.INFO: Parsing source - https://www.citilink.ru/catalog/mobile/phone_gadgets/smart_chasy/ [] []
[2017-04-10 15:32:06] ParseIt.INFO: New - 2, update - 31, from - https://www.citilink.ru/catalog/mobile/phone_gadgets/smart_chasy/ [] []
[2017-04-10 15:32:37] ParseIt.INFO: Parsing source - https://www.citilink.ru/catalog/large_and_small_appliances/small_appliances/pancake_makers/ [] []
[2017-04-10 15:32:54] ParseIt.INFO: New - 0, update - 5, from - https://www.citilink.ru/catalog/large_and_small_appliances/small_appliances/pancake_makers/ [] []
[2017-04-10 15:32:54] ParseIt.INFO: Parsing source - https://www.citilink.ru/catalog/furniture/phones/phones_receiver/ [] []
[2017-04-10 15:33:29] ParseIt.INFO: New - 1, update - 16, from - https://www.citilink.ru/catalog/furniture/phones/phones_receiver/ [] []
[2017-04-10 15:33:29] ParseIt.INFO: Parsing source - https://www.citilink.ru/catalog/mobile/phone_gadgets/fitness_braslety/ [] []
[2017-04-10 15:33:45] ParseIt.INFO: New - 0, update - 6, from - https://www.citilink.ru/catalog/mobile/phone_gadgets/fitness_braslety/ [] []
[2017-04-10 15:34:30] ParseIt.INFO: Parsing source - https://www.citilink.ru/catalog/large_and_small_appliances/small_appliances/slicers/ [] []
[2017-04-10 15:34:47] ParseIt.INFO: New - 0, update - 5, from - https://www.citilink.ru/catalog/large_and_small_appliances/small_appliances/slicers/ [] []
[2017-04-10 15:34:47] ParseIt.INFO: Parsing source - https://www.citilink.ru/catalog/furniture/phones/phones_aks/ [] []
[2017-04-10 15:34:48] ParseIt.INFO: New - 0, update - 1, from - https://www.citilink.ru/catalog/furniture/phones/phones_aks/ [] []
[2017-04-10 15:34:48] ParseIt.INFO: Parsing source - https://www.citilink.ru/catalog/mobile/phone_gadgets/aksessuary_dlja_gadzhetov/ [] []
[2017-04-10 15:35:13] ParseIt.INFO: New - 0, update - 10, from - https://www.citilink.ru/catalog/mobile/phone_gadgets/aksessuary_dlja_gadzhetov/ [] []
[2017-04-10 15:35:13] ParseIt.INFO: Parsing source - https://www.citilink.ru/catalog/large_and_small_appliances/small_appliances/kitchen_scales/ [] []
[2017-04-10 15:37:17] ParseIt.INFO: New - 0, update - 50, from - https://www.citilink.ru/catalog/large_and_small_appliances/small_appliances/kitchen_scales/ [] []
[2017-04-10 15:37:24] ParseIt.INFO: Parsing source - https://www.citilink.ru/catalog/furniture/office_supplies/desktop_sets/ [] []
[2017-04-10 15:37:51] ParseIt.ERROR: Url https://www.citilink.ru/catalog/furniture/office_supplies/desktop_sets/811885/ return blank page [] []
[2017-04-10 15:38:25] ParseIt.ERROR: Url https://www.citilink.ru/catalog/furniture/office_supplies/desktop_sets/923183/ return blank page [] []
[2017-04-10 15:38:57] ParseIt.INFO: New - 5, update - 22, from - https://www.citilink.ru/catalog/furniture/office_supplies/desktop_sets/ [] []
[2017-04-10 15:39:52] ParseIt.INFO: Parsing source - https://www.citilink.ru/catalog/beauty_and_health/medical_equipments/pedometers/ [] []
[2017-04-10 15:40:02] ParseIt.INFO: New - 4, update - 0, from - https://www.citilink.ru/catalog/beauty_and_health/medical_equipments/pedometers/ [] []
[2017-04-10 15:40:02] ParseIt.INFO: Parsing source - https://www.citilink.ru/catalog/large_and_small_appliances/small_appliances/drying_vegetables/ [] []
[2017-04-10 15:40:52] ParseIt.INFO: New - 18, update - 0, from - https://www.citilink.ru/catalog/large_and_small_appliances/small_appliances/drying_vegetables/ [] []
[2017-04-10 15:40:52] ParseIt.INFO: Parsing source - https://www.citilink.ru/catalog/furniture/office_supplies/stamps/ [] []
[2017-04-10 15:41:05] ParseIt.INFO: New - 7, update - 0, from - https://www.citilink.ru/catalog/furniture/office_supplies/stamps/ [] []
[2017-04-10 15:41:42] ParseIt.INFO: Parsing source - https://www.citilink.ru/catalog/beauty_and_health/medical_equipments/heart_rate_monitors/ [] []
[2017-04-10 15:41:49] ParseIt.INFO: New - 2, update - 0, from - https://www.citilink.ru/catalog/beauty_and_health/medical_equipments/heart_rate_monitors/ [] []
[2017-04-10 15:41:49] ParseIt.INFO: Parsing source - https://www.citilink.ru/catalog/large_and_small_appliances/small_appliances/kitchen_appliances/ [] []
[2017-04-10 15:42:32] ParseIt.INFO: New - 15, update - 0, from - https://www.citilink.ru/catalog/large_and_small_appliances/small_appliances/kitchen_appliances/ [] []
[2017-04-10 15:42:32] ParseIt.INFO: Parsing source - https://www.citilink.ru/catalog/furniture/office_supplies/punches/ [] []
[2017-04-10 15:43:47] ParseIt.ERROR: Url https://www.citilink.ru/catalog/furniture/office_supplies/punches/811639/ return blank page [] []
[2017-04-10 15:45:54] ParseIt.INFO: Parsing source - https://www.citilink.ru/catalog/mobile/note_aks/note_bags/ [] []
[2017-04-10 15:45:56] ParseIt.ERROR: Url https://www.citilink.ru/catalog/furniture/office_supplies/punches/811632/ return blank page [] []
[2017-04-10 15:47:21] ParseIt.ERROR: Url https://www.citilink.ru/catalog/furniture/office_supplies/punches/811585/ return blank page [] []
[2017-04-10 15:47:31] ParseIt.ERROR: Url https://www.citilink.ru/catalog/furniture/office_supplies/punches/811664/ return blank page [] []
[2017-04-10 15:47:54] ParseIt.ERROR: Url https://www.citilink.ru/catalog/furniture/office_supplies/punches/811682/ return blank page [] []
[2017-04-10 15:48:04] ParseIt.ERROR: Url https://www.citilink.ru/catalog/furniture/office_supplies/punches/811683/ return blank page [] []
[2017-04-10 15:48:08] ParseIt.INFO: New - 104, update - 0, from - https://www.citilink.ru/catalog/furniture/office_supplies/punches/ [] []
[2017-04-10 15:48:26] ParseIt.ERROR: Url https://www.citilink.ru/catalog/mobile/note_aks/note_bags/435330/ return blank page [] []
[2017-04-10 15:48:36] ParseIt.ERROR: Url https://www.citilink.ru/catalog/mobile/note_aks/note_bags/407436/ return blank page [] []
[2017-04-10 15:49:19] ParseIt.INFO: Parsing source - https://www.citilink.ru/catalog/large_and_small_appliances/small_appliances/thermos/ [] []
[2017-04-10 15:50:47] ParseIt.ERROR: Url https://www.citilink.ru/catalog/large_and_small_appliances/small_appliances/thermos/387893/ return blank page [] []
[2017-04-10 15:50:47] ParseIt.WARNING: ParseitController.run() {"errors":{"sku":["The sku field is required."]},"data":{"source":"https://www.citilink.ru/catalog/mobile/note_aks/note_bags/908687/","categories":"a:0:{}","manufacturer":"LENOVO","product_name":"Сумка для ноутбука LENOVO Professional Slim Topload черный","sku":null,"stockin":"in stock","old_price":0,"price":0,"description":"","main_image":"","gallery":"","product_attributes":"a:0:{}","hash":"641626ec4bbc837d01f2ff2877a14d53","donor_id":1,"exported":0,"updated_at":"2017-04-10 15:50:47","procent_nakrutki":20,"category_id":390}} []
[2017-04-10 15:50:52] ParseIt.INFO: New - 110, update - 0, from - https://www.citilink.ru/catalog/mobile/note_aks/note_bags/ [] []
[2017-04-10 15:50:56] ParseIt.INFO: Parsing source - https://www.citilink.ru/catalog/furniture/office_supplies/staplers/ [] []
[2017-04-10 15:51:17] ParseIt.INFO: New - 38, update - 0, from - https://www.citilink.ru/catalog/large_and_small_appliances/small_appliances/thermos/ [] []
[2017-04-10 15:52:44] ParseIt.INFO: Parsing source - https://www.citilink.ru/catalog/mobile/note_aks/rukzaki_dlya_noutbukov/ [] []
[2017-04-10 15:52:53] ParseIt.ERROR: Url https://www.citilink.ru/catalog/mobile/note_aks/note_bags/411955/ return blank page [] []
[2017-04-10 15:53:07] ParseIt.ERROR: Url https://www.citilink.ru/catalog/furniture/office_supplies/staplers/381873/ return blank page [] []
[2017-04-10 15:53:46] ParseIt.INFO: New - 22, update - 0, from - https://www.citilink.ru/catalog/mobile/note_aks/rukzaki_dlya_noutbukov/ [] []
[2017-04-10 15:54:03] ParseIt.INFO: Parsing source - https://www.citilink.ru/catalog/large_and_small_appliances/small_appliances/izmelchiteli/ [] []
[2017-04-10 15:54:34] ParseIt.INFO: New - 14, update - 0, from - https://www.citilink.ru/catalog/large_and_small_appliances/small_appliances/izmelchiteli/ [] []
[2017-04-10 15:54:34] ParseIt.INFO: Parsing source - https://www.citilink.ru/catalog/furniture/office_supplies/staples/ [] []
[2017-04-10 15:54:43] ParseIt.ERROR: Url https://www.citilink.ru/catalog/furniture/office_supplies/staplers/812359/ return blank page [] []
[2017-04-10 15:54:51] ParseIt.ERROR: Url https://www.citilink.ru/catalog/furniture/office_supplies/staples/812042/ return blank page [] []
[2017-04-10 15:55:58] ParseIt.ERROR: Url https://www.citilink.ru/catalog/furniture/office_supplies/staplers/812378/ return blank page [] []
[2017-04-10 15:56:07] ParseIt.INFO: New - 24, update - 0, from - https://www.citilink.ru/catalog/furniture/office_supplies/staples/ [] []
[2017-04-10 15:56:58] ParseIt.INFO: Parsing source - https://www.citilink.ru/catalog/mobile/note_aks/chehly_dlya_noutbukov/ [] []
[2017-04-10 15:57:31] ParseIt.ERROR: Url https://www.citilink.ru/catalog/furniture/office_supplies/staplers/812382/ return blank page [] []
[2017-04-10 15:57:41] ParseIt.INFO: New - 12, update - 0, from - https://www.citilink.ru/catalog/mobile/note_aks/chehly_dlya_noutbukov/ [] []
[2017-04-10 15:57:41] ParseIt.INFO: Parsing source - https://www.citilink.ru/catalog/large_and_small_appliances/small_appliances/distillyatory/ [] []
[2017-04-10 15:57:55] ParseIt.INFO: New - 143, update - 0, from - https://www.citilink.ru/catalog/furniture/office_supplies/staplers/ [] []
[2017-04-10 15:57:59] ParseIt.INFO: New - 5, update - 0, from - https://www.citilink.ru/catalog/large_and_small_appliances/small_appliances/distillyatory/ [] []
[2017-04-10 15:58:58] ParseIt.INFO: Parsing source - https://www.citilink.ru/catalog/furniture/office_supplies/card_holders/ [] []
[2017-04-10 15:59:57] ParseIt.INFO: New - 24, update - 0, from - https://www.citilink.ru/catalog/furniture/office_supplies/card_holders/ [] []
[2017-04-10 15:59:57] ParseIt.INFO: Parsing source - https://www.citilink.ru/catalog/mobile/note_aks/note_powers/ [] []
[2017-04-10 16:02:03] ParseIt.INFO: New - 45, update - 0, from - https://www.citilink.ru/catalog/mobile/note_aks/note_powers/ [] []
[2017-04-10 16:02:22] ParseIt.INFO: Parsing source - https://www.citilink.ru/catalog/large_and_small_appliances/small_appliances_aks/all_small_appliances_aks/ [] []
[2017-04-10 16:03:05] ParseIt.ERROR: Url https://www.citilink.ru/catalog/large_and_small_appliances/small_appliances_aks/all_small_appliances_aks/279445/ return blank page [] []
[2017-04-10 16:03:41] ParseIt.ERROR: Url https://www.citilink.ru/catalog/large_and_small_appliances/small_appliances_aks/all_small_appliances_aks/441924/ return blank page [] []
[2017-04-10 16:05:17] ParseIt.ERROR: Url https://www.citilink.ru/catalog/large_and_small_appliances/small_appliances_aks/all_small_appliances_aks/773882/ return blank page [] []
[2017-04-10 16:05:17] ParseIt.INFO: New - 60, update - 0, from - https://www.citilink.ru/catalog/large_and_small_appliances/small_appliances_aks/all_small_appliances_aks/ [] []
[2017-04-10 16:05:37] ParseIt.INFO: Parsing source - https://www.citilink.ru/catalog/furniture/office_supplies/information_signs/ [] []
[2017-04-10 16:05:49] ParseIt.INFO: New - 6, update - 0, from - https://www.citilink.ru/catalog/furniture/office_supplies/information_signs/ [] []
[2017-04-10 16:05:49] ParseIt.INFO: Parsing source - https://www.citilink.ru/catalog/mobile/note_aks/note_docks/ [] []
[2017-04-10 16:06:09] ParseIt.ERROR: Url https://www.citilink.ru/catalog/mobile/note_aks/note_docks/364977/ return blank page [] []
[2017-04-10 16:06:25] ParseIt.INFO: New - 12, update - 0, from - https://www.citilink.ru/catalog/mobile/note_aks/note_docks/ [] []
[2017-04-10 16:06:25] ParseIt.INFO: Parsing source - https://www.citilink.ru/catalog/large_and_small_appliances/small_appliances_aks/aksessuary_dlya_kuhonnyh_kombainov/ [] []
[2017-04-10 16:07:49] ParseIt.INFO: New - 2, update - 28, from - https://www.citilink.ru/catalog/large_and_small_appliances/small_appliances_aks/aksessuary_dlya_kuhonnyh_kombainov/ [] []
[2017-04-10 16:08:21] ParseIt.INFO: Parsing source - https://www.citilink.ru/catalog/furniture/office_supplies/wastebaskets/ [] []
[2017-04-10 16:08:34] ParseIt.INFO: New - 3, update - 0, from - https://www.citilink.ru/catalog/furniture/office_supplies/wastebaskets/ [] []
[2017-04-10 16:08:34] ParseIt.INFO: Parsing source - https://www.citilink.ru/catalog/mobile/note_aks/note_options/ [] []
[2017-04-10 16:09:51] ParseIt.INFO: New - 35, update - 0, from - https://www.citilink.ru/catalog/mobile/note_aks/note_options/ [] []
[2017-04-10 16:10:51] ParseIt.INFO: Parsing source - https://www.citilink.ru/catalog/large_and_small_appliances/small_appliances_aks/aksessuary_dlya_multivarok/ [] []
[2017-04-10 16:11:34] ParseIt.INFO: New - 0, update - 14, from - https://www.citilink.ru/catalog/large_and_small_appliances/small_appliances_aks/aksessuary_dlya_multivarok/ [] []
[2017-04-10 16:11:34] ParseIt.INFO: Parsing source - https://www.citilink.ru/catalog/furniture/office_supplies/table_covers/ [] []
[2017-04-10 16:11:59] ParseIt.ERROR: Url https://www.citilink.ru/catalog/furniture/office_supplies/table_covers/358301/ return blank page [] []
[2017-04-10 16:13:11] ParseIt.INFO: New - 29, update - 0, from - https://www.citilink.ru/catalog/furniture/office_supplies/table_covers/ [] []
[2017-04-10 16:13:35] ParseIt.INFO: Parsing source - https://www.citilink.ru/catalog/mobile/note_aks/podstavki_dlya_noutbukov/ [] []
[2017-04-10 16:15:12] ParseIt.INFO: New - 0, update - 30, from - https://www.citilink.ru/catalog/mobile/note_aks/podstavki_dlya_noutbukov/ [] []
[2017-04-10 16:15:30] ParseIt.INFO: Parsing source - https://www.citilink.ru/catalog/large_and_small_appliances/small_appliances_aks/aksessuary_dlya_myasorubok/ [] []
[2017-04-10 16:15:47] ParseIt.INFO: New - 0, update - 5, from - https://www.citilink.ru/catalog/large_and_small_appliances/small_appliances_aks/aksessuary_dlya_myasorubok/ [] []
[2017-04-10 16:15:47] ParseIt.INFO: Parsing source - https://www.citilink.ru/catalog/furniture/office_supplies/box_cutters/ [] []
[2017-04-10 16:16:16] ParseIt.ERROR: Url https://www.citilink.ru/catalog/furniture/office_supplies/box_cutters/417116/ return blank page [] []
[2017-04-10 16:18:35] ParseIt.ERROR: Url https://www.citilink.ru/catalog/furniture/office_supplies/box_cutters/345934/ return blank page [] []
[2017-04-10 16:18:39] ParseIt.INFO: New - 73, update - 0, from - https://www.citilink.ru/catalog/furniture/office_supplies/box_cutters/ [] []
[2017-04-10 16:19:19] ParseIt.INFO: Parsing source - https://www.citilink.ru/catalog/mobile/cellphones_cables/ [] []
[2017-04-10 16:23:03] ParseIt.INFO: New - 95, update - 0, from - https://www.citilink.ru/catalog/mobile/cellphones_cables/ [] []
[2017-04-10 16:23:42] ParseIt.INFO: Parsing source - https://www.citilink.ru/catalog/large_and_small_appliances/small_appliances_aks/prochie_aksessuary_dlya_bytovoy_tehniki/ [] []
[2017-04-10 16:24:01] ParseIt.INFO: New - 1, update - 9, from - https://www.citilink.ru/catalog/large_and_small_appliances/small_appliances_aks/prochie_aksessuary_dlya_bytovoy_tehniki/ [] []
[2017-04-10 16:24:01] ParseIt.INFO: Parsing source - https://www.citilink.ru/catalog/furniture/office_supplies/badges_and_aks/ [] []
[2017-04-10 16:25:31] ParseIt.ERROR: Url https://www.citilink.ru/catalog/furniture/office_supplies/badges_and_aks/358295/ return blank page [] []
[2017-04-10 16:25:46] ParseIt.ERROR: Url https://www.citilink.ru/catalog/furniture/office_supplies/badges_and_aks/824485/ return blank page [] []
[2017-04-10 16:26:00] ParseIt.ERROR: Url https://www.citilink.ru/catalog/furniture/office_supplies/badges_and_aks/824478/ return blank page [] []
[2017-04-10 16:26:37] ParseIt.ERROR: Url https://www.citilink.ru/catalog/furniture/office_supplies/badges_and_aks/824523/ return blank page [] []
[2017-04-10 16:26:46] ParseIt.INFO: New - 50, update - 0, from - https://www.citilink.ru/catalog/furniture/office_supplies/badges_and_aks/ [] []
[2017-04-10 16:27:58] ParseIt.INFO: Parsing source - https://www.citilink.ru/catalog/mobile/cellphones_chargers/ [] []
[2017-04-10 16:31:08] ParseIt.ERROR: Url https://www.citilink.ru/catalog/mobile/cellphones_chargers/763915/ return blank page [] []
[2017-04-10 16:31:40] ParseIt.INFO: New - 84, update - 0, from - https://www.citilink.ru/catalog/mobile/cellphones_chargers/ [] []
[2017-04-10 16:32:18] ParseIt.INFO: Parsing source - https://www.citilink.ru/catalog/large_and_small_appliances/cookware/nabory_posudy/ [] []
[2017-04-10 16:32:37] ParseIt.INFO: New - 9, update - 0, from - https://www.citilink.ru/catalog/large_and_small_appliances/cookware/nabory_posudy/ [] []
[2017-04-10 16:32:37] ParseIt.INFO: Parsing source - https://www.citilink.ru/catalog/furniture/office_supplies/duct_tape/ [] []
[2017-04-10 16:33:06] ParseIt.ERROR: Url https://www.citilink.ru/catalog/furniture/office_supplies/duct_tape/824855/ return blank page [] []
[2017-04-10 16:34:23] ParseIt.INFO: New - 39, update - 0, from - https://www.citilink.ru/catalog/furniture/office_supplies/duct_tape/ [] []
[2017-04-10 16:35:03] ParseIt.INFO: Parsing source - https://www.citilink.ru/catalog/mobile/tablet_pc_aks/tablet_pc_bags/ [] []
[2017-04-10 16:37:33] ParseIt.INFO: New - 53, update - 0, from - https://www.citilink.ru/catalog/mobile/tablet_pc_aks/tablet_pc_bags/ [] []
[2017-04-10 16:37:40] ParseIt.INFO: Parsing source - https://www.citilink.ru/catalog/large_and_small_appliances/cookware/kastruli/ [] []
[2017-04-10 16:37:58] ParseIt.INFO: New - 12, update - 0, from - https://www.citilink.ru/catalog/large_and_small_appliances/cookware/kastruli/ [] []
[2017-04-10 16:37:58] ParseIt.INFO: Parsing source - https://www.citilink.ru/catalog/furniture/office_supplies/kantselyarskie_melochi/ [] []
[2017-04-10 16:38:39] ParseIt.INFO: New - 21, update - 0, from - https://www.citilink.ru/catalog/furniture/office_supplies/kantselyarskie_melochi/ [] []
[2017-04-10 16:38:39] ParseIt.INFO: Parsing source - https://www.citilink.ru/catalog/mobile/tablet_pc_aks/tablet_pc_films/ [] []
[2017-04-10 16:39:04] ParseIt.INFO: New - 11, update - 0, from - https://www.citilink.ru/catalog/mobile/tablet_pc_aks/tablet_pc_films/ [] []
[2017-04-10 16:39:49] ParseIt.INFO: Parsing source - https://www.citilink.ru/catalog/large_and_small_appliances/cookware/skovorody/ [] []
[2017-04-10 16:40:23] ParseIt.ERROR: Url https://www.citilink.ru/catalog/large_and_small_appliances/cookware/skovorody/436247/ return blank page [] []
[2017-04-10 16:40:55] ParseIt.INFO: New - 23, update - 0, from - https://www.citilink.ru/catalog/large_and_small_appliances/cookware/skovorody/ [] []
[2017-04-10 16:41:45] ParseIt.INFO: Parsing source - https://www.citilink.ru/catalog/furniture/office_supplies/trays_and_coasters/ [] []
[2017-04-10 16:42:44] ParseIt.ERROR: Url https://www.citilink.ru/catalog/furniture/office_supplies/trays_and_coasters/824934/ return blank page [] []
[2017-04-10 16:43:17] ParseIt.INFO: New - 23, update - 0, from - https://www.citilink.ru/catalog/furniture/office_supplies/trays_and_coasters/ [] []
[2017-04-10 16:43:29] ParseIt.INFO: Parsing source - https://www.citilink.ru/catalog/mobile/tablet_pc_aks/tablet_pc_docks/ [] []
[2017-04-10 16:44:06] ParseIt.INFO: New - 17, update - 0, from - https://www.citilink.ru/catalog/mobile/tablet_pc_aks/tablet_pc_docks/ [] []
[2017-04-10 16:44:06] ParseIt.INFO: Parsing source - https://www.citilink.ru/catalog/large_and_small_appliances/cookware/soteiniki/ [] []
[2017-04-10 16:44:14] ParseIt.INFO: New - 2, update - 0, from - https://www.citilink.ru/catalog/large_and_small_appliances/cookware/soteiniki/ [] []
[2017-04-10 16:44:14] ParseIt.INFO: Parsing source - https://www.citilink.ru/catalog/furniture/office_supplies/kley_kantselyarskiy/ [] []
[2017-04-10 16:45:47] ParseIt.ERROR: Url https://www.citilink.ru/catalog/furniture/office_supplies/kley_kantselyarskiy/813389/ return blank page [] []
[2017-04-10 16:46:06] ParseIt.INFO: New - 36, update - 0, from - https://www.citilink.ru/catalog/furniture/office_supplies/kley_kantselyarskiy/ [] []
[2017-04-10 16:46:07] ParseIt.INFO: Parsing source - https://www.citilink.ru/catalog/mobile/tablet_pc_aks/klaviatury_dlya_planshetov/ [] []
[2017-04-10 16:46:15] ParseIt.INFO: New - 2, update - 0, from - https://www.citilink.ru/catalog/mobile/tablet_pc_aks/klaviatury_dlya_planshetov/ [] []
[2017-04-10 16:46:15] ParseIt.INFO: Parsing source - https://www.citilink.ru/catalog/large_and_small_appliances/cookware/kovshy/ [] []
[2017-04-10 16:46:26] ParseIt.INFO: New - 4, update - 0, from - https://www.citilink.ru/catalog/large_and_small_appliances/cookware/kovshy/ [] []
[2017-04-10 16:46:26] ParseIt.INFO: Parsing source - https://www.citilink.ru/catalog/furniture/office_supplies/shtrikh_korrektory/ [] []
[2017-04-10 16:47:18] ParseIt.INFO: New - 20, update - 0, from - https://www.citilink.ru/catalog/furniture/office_supplies/shtrikh_korrektory/ [] []
[2017-04-10 16:47:23] ParseIt.INFO: Parsing source - https://www.citilink.ru/catalog/mobile/tablet_pc_aks/tablet_pc_holders/ [] []
[2017-04-10 16:48:04] ParseIt.INFO: New - 17, update - 0, from - https://www.citilink.ru/catalog/mobile/tablet_pc_aks/tablet_pc_holders/ [] []
[2017-04-10 16:48:04] ParseIt.INFO: Parsing source - https://www.citilink.ru/catalog/large_and_small_appliances/cookware/kryshki/ [] []
[2017-04-10 16:48:14] ParseIt.INFO: New - 0, update - 0, from - https://www.citilink.ru/catalog/large_and_small_appliances/cookware/kryshki/ [] []
[2017-04-10 16:48:14] ParseIt.INFO: Parsing source - https://www.citilink.ru/catalog/furniture/office_supplies/rezinki_dlya_deneg/ [] []
[2017-04-10 16:48:34] ParseIt.ERROR: Url https://www.citilink.ru/catalog/furniture/office_supplies/rezinki_dlya_deneg/811507/ return blank page [] []
[2017-04-10 16:49:02] ParseIt.INFO: New - 15, update - 0, from - https://www.citilink.ru/catalog/furniture/office_supplies/rezinki_dlya_deneg/ [] []
[2017-04-10 16:50:03] ParseIt.INFO: Parsing source - https://www.citilink.ru/catalog/mobile/tablet_pc_aks/tablet_pc_other_aks/ [] []
[2017-04-10 16:50:16] ParseIt.INFO: New - 2, update - 0, from - https://www.citilink.ru/catalog/mobile/tablet_pc_aks/tablet_pc_other_aks/ [] []
[2017-04-10 16:50:16] ParseIt.INFO: Parsing source - https://www.citilink.ru/catalog/large_and_small_appliances/cookware/kuhonnye_aksessuary/ [] []
[2017-04-10 16:50:45] ParseIt.ERROR: Url https://www.citilink.ru/catalog/large_and_small_appliances/cookware/kuhonnye_aksessuary/350556/ return blank page [] []
[2017-04-10 16:50:45] ParseIt.INFO: New - 13, update - 0, from - https://www.citilink.ru/catalog/large_and_small_appliances/cookware/kuhonnye_aksessuary/ [] []
[2017-04-10 16:50:45] ParseIt.INFO: Parsing source - https://www.citilink.ru/catalog/furniture/office_supplies/shkafchiki_dlya_klyuchey/ [] []
[2017-04-10 16:50:58] ParseIt.ERROR: Url https://www.citilink.ru/catalog/furniture/office_supplies/shkafchiki_dlya_klyuchey/811490/ return blank page [] []
[2017-04-10 16:51:39] ParseIt.INFO: New - 18, update - 0, from - https://www.citilink.ru/catalog/furniture/office_supplies/shkafchiki_dlya_klyuchey/ [] []
[2017-04-10 16:51:46] ParseIt.INFO: Parsing source - https://www.citilink.ru/catalog/mobile/bluetooth_aks/ [] []
[2017-04-10 16:52:51] ParseIt.INFO: New - 27, update - 0, from - https://www.citilink.ru/catalog/mobile/bluetooth_aks/ [] []
[2017-04-10 16:53:01] ParseIt.INFO: Parsing source - https://www.citilink.ru/catalog/large_and_small_appliances/cookware/kazany_utyatnitsy/ [] []
[2017-04-10 16:53:15] ParseIt.INFO: New - 3, update - 0, from - https://www.citilink.ru/catalog/large_and_small_appliances/cookware/kazany_utyatnitsy/ [] []
[2017-04-10 16:53:15] ParseIt.INFO: Parsing source - https://www.citilink.ru/catalog/furniture/office_supplies/paper_clips/ [] []
[2017-04-10 16:54:01] ParseIt.ERROR: Url https://www.citilink.ru/catalog/furniture/office_supplies/paper_clips/812090/ return blank page [] []
[2017-04-10 16:54:11] ParseIt.ERROR: Url https://www.citilink.ru/catalog/furniture/office_supplies/paper_clips/417085/ return blank page [] []
[2017-04-10 16:56:37] ParseIt.INFO: New - 78, update - 0, from - https://www.citilink.ru/catalog/furniture/office_supplies/paper_clips/ [] []
[2017-04-10 16:56:43] ParseIt.INFO: Parsing source - https://www.citilink.ru/catalog/mobile/handsfree/ [] []
[2017-04-10 16:57:30] ParseIt.ERROR: Url https://www.citilink.ru/catalog/mobile/handsfree/356069/ return blank page [] []
[2017-04-10 16:59:14] ParseIt.ERROR: Url https://www.citilink.ru/catalog/mobile/handsfree/344955/ return blank page [] []
[2017-04-10 17:01:49] ParseIt.INFO: Parsing source - https://www.citilink.ru/catalog/large_and_small_appliances/cookware/nozhy/ [] []
[2017-04-10 17:02:31] ParseIt.INFO: New - 11, update - 0, from - https://www.citilink.ru/catalog/large_and_small_appliances/cookware/nozhy/ [] []
[2017-04-10 17:02:31] ParseIt.INFO: Parsing source - https://www.citilink.ru/catalog/furniture/office_supplies/schoolbags/ [] []
[2017-04-10 17:02:35] ParseIt.ERROR: Url https://www.citilink.ru/catalog/mobile/handsfree/393839/ return blank page [] []
[2017-04-10 17:03:52] ParseIt.ERROR: Url https://www.citilink.ru/catalog/furniture/office_supplies/schoolbags/416977/ return blank page [] []
[2017-04-10 17:04:02] ParseIt.ERROR: Url https://www.citilink.ru/catalog/furniture/office_supplies/schoolbags/416978/ return blank page [] []
[2017-04-10 17:05:05] ParseIt.INFO: New - 56, update - 0, from - https://www.citilink.ru/catalog/furniture/office_supplies/schoolbags/ [] []
[2017-04-10 17:05:34] ParseIt.INFO: Parsing source - https://www.citilink.ru/catalog/mobile/cellphones_batteries/ [] []
[2017-04-10 17:05:47] ParseIt.INFO: New - 7, update - 0, from - https://www.citilink.ru/catalog/mobile/cellphones_batteries/ [] []
[2017-04-10 17:05:47] ParseIt.INFO: Parsing source - https://www.citilink.ru/catalog/large_and_small_appliances/cookware/nozhnicy/ [] []
[2017-04-10 17:05:55] ParseIt.INFO: New - 1, update - 0, from - https://www.citilink.ru/catalog/large_and_small_appliances/cookware/nozhnicy/ [] []
[2017-04-10 17:05:55] ParseIt.INFO: Parsing source - https://www.citilink.ru/catalog/furniture/calculators/ [] []
[2017-04-10 17:07:52] ParseIt.INFO: New - 257, update - 0, from - https://www.citilink.ru/catalog/mobile/handsfree/ [] []
[2017-04-10 17:08:08] ParseIt.INFO: Parsing source - https://www.citilink.ru/catalog/mobile/backup_battery/ [] []
[2017-04-10 17:08:46] ParseIt.INFO: New - 70, update - 0, from - https://www.citilink.ru/catalog/furniture/calculators/ [] []
[2017-04-10 17:09:09] ParseIt.ERROR: Url https://www.citilink.ru/catalog/mobile/backup_battery/390077/ return blank page [] []
[2017-04-10 17:09:51] ParseIt.INFO: Parsing source - https://www.citilink.ru/catalog/large_and_small_appliances/cookware/posuda_dlya_khraneniya/ [] []
[2017-04-10 17:10:16] ParseIt.INFO: New - 9, update - 0, from - https://www.citilink.ru/catalog/large_and_small_appliances/cookware/posuda_dlya_khraneniya/ [] []
[2017-04-10 17:10:16] ParseIt.INFO: Parsing source - https://www.citilink.ru/catalog/furniture/writings/markers/ [] []
[2017-04-10 17:12:56] ParseIt.ERROR: Url https://www.citilink.ru/catalog/furniture/writings/markers/321004/ return blank page [] []
[2017-04-10 17:12:58] ParseIt.INFO: New - 106, update - 0, from - https://www.citilink.ru/catalog/mobile/backup_battery/ [] []
[2017-04-10 17:13:08] ParseIt.INFO: Parsing source - https://www.citilink.ru/catalog/photo_and_video/aks_dlya_selfie/ [] []
[2017-04-10 17:13:20] ParseIt.ERROR: Url https://www.citilink.ru/catalog/photo_and_video/photo_tripods/359763/ return blank page [] []
[2017-04-10 17:13:39] ParseIt.INFO: New - 10, update - 0, from - https://www.citilink.ru/catalog/photo_and_video/aks_dlya_selfie/ [] []
[2017-04-10 17:13:39] ParseIt.INFO: Parsing source - https://www.citilink.ru/catalog/large_and_small_appliances/cookware/posuda_steklyannaya/ [] []
[2017-04-10 17:13:42] ParseIt.INFO: New - 1, update - 0, from - https://www.citilink.ru/catalog/large_and_small_appliances/cookware/posuda_steklyannaya/ [] []
[2017-04-10 17:13:42] ParseIt.INFO: Parsing source - https://www.citilink.ru/catalog/furniture/writings/zapasnye_sterzhni/ [] []
[2017-04-10 17:14:30] ParseIt.ERROR: Url https://www.citilink.ru/catalog/furniture/writings/zapasnye_sterzhni/829135/ return blank page [] []
[2017-04-10 17:15:15] ParseIt.ERROR: Url https://www.citilink.ru/catalog/furniture/writings/zapasnye_sterzhni/829162/ return blank page [] []
[2017-04-10 17:15:31] ParseIt.ERROR: Url https://www.citilink.ru/catalog/furniture/writings/markers/320954/ return blank page [] []
[2017-04-10 17:15:41] ParseIt.ERROR: Url https://www.citilink.ru/catalog/furniture/writings/markers/382528/ return blank page [] []
[2017-04-10 17:16:12] ParseIt.INFO: New - 47, update - 0, from - https://www.citilink.ru/catalog/furniture/writings/zapasnye_sterzhni/ [] []
[2017-04-10 17:16:44] ParseIt.INFO: Parsing source - https://www.citilink.ru/catalog/mobile/cell_phones_aks/phone_cases/ [] []
[2017-04-10 17:16:56] ParseIt.INFO: New - 163, update - 0, from - https://www.citilink.ru/catalog/furniture/writings/markers/ [] []
[2017-04-10 17:17:01] ParseIt.INFO: Parsing source - https://www.citilink.ru/catalog/large_and_small_appliances/cookware/formy_dlya_vypechki/ [] []
[2017-04-10 17:17:12] ParseIt.INFO: New - 3, update - 0, from - https://www.citilink.ru/catalog/large_and_small_appliances/cookware/formy_dlya_vypechki/ [] []
[2017-04-10 17:17:12] ParseIt.INFO: Parsing source - https://www.citilink.ru/catalog/furniture/writings/karandashi_chernografitovye/ [] []
[2017-04-10 17:17:34] ParseIt.ERROR: ParseitController.run() {"errors":["[object] (ErrorException(code: 0): file_get_contents(): php_network_getaddresses: getaddrinfo failed: Temporary failure in name resolution at /var/www/mobzilla/data/www/mobzilla.su/parseit/app/ParseIt/export/openCart.php:594)"],"data":{"id":2670,"exported":1,"hash":"cb3ef5683f64b6d4e9cc1e7545baa96f","created_at":"2017-04-10 17:16:54","updated_at":"2017-04-10 17:16:54","donor_id":1,"source":"https://www.citilink.ru/catalog/furniture/writings/markers/402378/","manufacturer":"CARIOCA","product_name":"Фломастеры Carioca MAGIC 41238 стираемые 9цв. +стиратель коробка с европодвесом","sku":"402378","stockin":"in stock","price":205,"old_price":0,"description":"Вы можете купить товар Фломастеры Carioca MAGIC 41238 стираемые 9цв. +стиратель коробка с европодвесом в интернет магазине mobzilla.su с доставкой по Донецку, Макеевке, ДНР.У нас можно ознакомиться с характеристиками, отзывами, фотографиями о Фломастеры Carioca MAGIC 41238 стираемые 9цв. +стиратель коробка с европодвесом.","main_image":"https://items.s1.citilink.ru/402378_v01_b.jpg","gallery":"a:1:{i:0;s:45:\"https://items.s1.citilink.ru/402378_v01_b.jpg\";}","product_attributes":"a:1:{i:1;a:2:{s:14:\"atr_group_mame\";s:0:\"\";s:10:\"attributes\";a:7:{i:0;a:1:{s:36:\"Тип по комплектации\";s:33:\"набор фломастеров\";}i:1;a:1:{s:16:\"Упаковка\";s:42:\"коробка с европодвесом\";}i:2;a:1:{s:33:\"Количество цветов\";s:1:\"9\";}i:3;a:1:{s:23:\"Ширина линии\";s:6:\"6 мм\";}i:4;a:1:{s:36:\"Доп. характеристики\";s:18:\"стираемые\";}i:5;a:1:{s:48:\"Дополнительно в комплекте\";s:18:\"стиратель\";}i:6;a:1:{s:40:\"Страна производитель:\";s:12:\"Италия\";}}}}","category_id":945,"procent_nakrutki":25,"product_id":0,"categories":"a:4:{i:0;s:36:\"Мебель и канцтовары\";i:1;s:49:\"Письменные принадлежности\";i:2;s:36:\"Фломастеры, маркеры\";i:3;s:7:\"CARIOCA\";}","quantity":999,"stock_status_id":7,"price_purchase":200}} []
[2017-04-10 17:19:01] ParseIt.ERROR: Url https://www.citilink.ru/catalog/mobile/cell_phones_aks/phone_cases/392122/ return blank page [] []
[2017-04-10 17:19:36] ParseIt.ERROR: Url https://www.citilink.ru/catalog/mobile/cell_phones_aks/phone_cases/426703/ return blank page [] []
[2017-04-10 17:20:06] ParseIt.ERROR: Url https://www.citilink.ru/catalog/furniture/writings/karandashi_chernografitovye/923562/ return blank page [] []
[2017-04-10 17:21:44] ParseIt.INFO: Parsing source - https://www.citilink.ru/catalog/mobile/cell_phones_aks/cell_phones_films/ [] []
[2017-04-10 17:22:01] ParseIt.ERROR: Url https://www.citilink.ru/catalog/mobile/cell_phones_aks/phone_cases/401303/ return blank page [] []
[2017-04-10 17:22:06] ParseIt.ERROR: Url https://www.citilink.ru/catalog/furniture/writings/karandashi_chernografitovye/818634/ return blank page [] []
[2017-04-10 17:22:23] ParseIt.ERROR: Url https://www.citilink.ru/catalog/furniture/writings/karandashi_chernografitovye/814100/ return blank page [] []
[2017-04-10 17:22:27] ParseIt.ERROR: Url https://www.citilink.ru/catalog/mobile/cell_phones_aks/phone_cases/436465/ return blank page [] []
[2017-04-10 17:22:37] ParseIt.ERROR: Url https://www.citilink.ru/catalog/mobile/cell_phones_aks/phone_cases/373403/ return blank page [] []
[2017-04-10 17:22:56] ParseIt.ERROR: Url https://www.citilink.ru/catalog/furniture/writings/karandashi_chernografitovye/814051/ return blank page [] []
[2017-04-10 17:23:23] ParseIt.INFO: New - 132, update - 0, from - https://www.citilink.ru/catalog/furniture/writings/karandashi_chernografitovye/ [] []
[2017-04-10 17:23:26] ParseIt.INFO: Parsing source - https://www.citilink.ru/catalog/large_and_small_appliances/cookware/aksessuary_dlya_chaya/ [] []
[2017-04-10 17:23:28] ParseIt.ERROR: Url https://www.citilink.ru/catalog/mobile/cell_phones_aks/cell_phones_films/311986/ return blank page [] []
[2017-04-10 17:23:32] ParseIt.INFO: New - 1, update - 0, from - https://www.citilink.ru/catalog/large_and_small_appliances/cookware/aksessuary_dlya_chaya/ [] []
[2017-04-10 17:23:32] ParseIt.INFO: Parsing source - https://www.citilink.ru/catalog/furniture/writings/lastiki/ [] []
[2017-04-10 17:23:57] ParseIt.ERROR: Url https://www.citilink.ru/catalog/mobile/cell_phones_aks/cell_phones_films/430448/ return blank page [] []
[2017-04-10 17:24:11] ParseIt.ERROR: Url https://www.citilink.ru/catalog/furniture/writings/lastiki/416789/ return blank page [] []
[2017-04-10 17:25:17] ParseIt.ERROR: Url https://www.citilink.ru/catalog/mobile/cell_phones_aks/phone_cases/353642/ return blank page [] []
[2017-04-10 17:25:38] ParseIt.ERROR: Url https://www.citilink.ru/catalog/furniture/writings/lastiki/818221/ return blank page [] []
[2017-04-10 17:25:43] ParseIt.ERROR: Url https://www.citilink.ru/catalog/mobile/cell_phones_aks/cell_phones_films/312006/ return blank page [] []
[2017-04-10 17:25:48] ParseIt.ERROR: Url https://www.citilink.ru/catalog/mobile/cell_phones_aks/phone_cases/385342/ return blank page [] []
[2017-04-10 17:25:53] ParseIt.ERROR: Url https://www.citilink.ru/catalog/mobile/cell_phones_aks/cell_phones_films/408218/ return blank page [] []
[2017-04-10 17:25:55] ParseIt.INFO: New - 43, update - 0, from - https://www.citilink.ru/catalog/furniture/writings/lastiki/ [] []
[2017-04-10 17:26:00] ParseIt.ERROR: Url https://www.citilink.ru/catalog/mobile/cell_phones_aks/phone_cases/385336/ return blank page [] []
[2017-04-10 17:26:17] ParseIt.INFO: Parsing source - https://www.citilink.ru/catalog/mobile/cell_phones_aks/phones_other_aks/ [] []
[2017-04-10 17:26:43] ParseIt.ERROR: Url https://www.citilink.ru/catalog/mobile/cell_phones_aks/cell_phones_films/405562/ return blank page [] []
[2017-04-10 17:27:33] ParseIt.ERROR: Url https://www.citilink.ru/catalog/mobile/cell_phones_aks/phone_cases/393782/ return blank page [] []
[2017-04-10 17:28:06] ParseIt.INFO: New - 132, update - 0, from - https://www.citilink.ru/catalog/mobile/cell_phones_aks/cell_phones_films/ [] []
[2017-04-10 17:28:27] ParseIt.INFO: Parsing source - https://www.citilink.ru/catalog/large_and_small_appliances/home_appliances/vacuums/ [] []
[2017-04-10 17:28:28] ParseIt.INFO: New - 54, update - 0, from - https://www.citilink.ru/catalog/mobile/cell_phones_aks/phones_other_aks/ [] []
[2017-04-10 17:28:46] ParseIt.ERROR: Url https://www.citilink.ru/catalog/mobile/cell_phones_aks/phone_cases/419019/ return blank page [] []
[2017-04-10 17:28:56] ParseIt.ERROR: Url https://www.citilink.ru/catalog/mobile/cell_phones_aks/phone_cases/419037/ return blank page [] []
[2017-04-10 17:29:05] ParseIt.INFO: Parsing source - https://www.citilink.ru/catalog/furniture/writings/karandashi_mekhanicheskie/ [] []
[2017-04-10 17:29:23] ParseIt.INFO: New - 269, update - 0, from - https://www.citilink.ru/catalog/mobile/cell_phones_aks/phone_cases/ [] []
[2017-04-10 17:30:50] ParseIt.INFO: Parsing source - https://www.citilink.ru/catalog/mobile/cell_phones_aks/derzhateli_dlya_smartfonov/ [] []
[2017-04-10 17:31:46] ParseIt.ERROR: Url https://www.citilink.ru/catalog/large_and_small_appliances/home_appliances/vacuums/700649/ return blank page [] []
[2017-04-10 17:31:59] ParseIt.ERROR: Url https://www.citilink.ru/catalog/mobile/cell_phones_aks/phones_other_aks/859491/ return blank page [] []
[2017-04-10 17:32:00] ParseIt.INFO: New - 81, update - 0, from - https://www.citilink.ru/catalog/furniture/writings/karandashi_mekhanicheskie/ [] []
[2017-04-10 17:32:34] ParseIt.INFO: Parsing source - https://www.citilink.ru/catalog/large_and_small_appliances/home_appliances/vacuums_aks/ [] []
[2017-04-10 17:32:50] ParseIt.INFO: New - 0, update - 51, from - https://www.citilink.ru/catalog/mobile/cell_phones_aks/derzhateli_dlya_smartfonov/ [] []
[2017-04-10 17:33:03] ParseIt.ERROR: Url https://www.citilink.ru/catalog/large_and_small_appliances/home_appliances/vacuums_aks/949839/ return blank page [] []
[2017-04-10 17:33:08] ParseIt.INFO: Parsing source - https://www.citilink.ru/catalog/furniture/writings/gelevye_ruchki/ [] []
[2017-04-10 17:33:14] ParseIt.ERROR: Url https://www.citilink.ru/catalog/large_and_small_appliances/home_appliances/vacuums_aks/365741/ return blank page [] []
[2017-04-10 17:33:24] ParseIt.ERROR: Url https://www.citilink.ru/catalog/large_and_small_appliances/home_appliances/vacuums_aks/365744/ return blank page [] []
[2017-04-10 17:34:59] ParseIt.INFO: New - 48, update - 0, from - https://www.citilink.ru/catalog/furniture/writings/gelevye_ruchki/ [] []
[2017-04-10 17:35:01] ParseIt.ERROR: Url https://www.citilink.ru/catalog/large_and_small_appliances/home_appliances/vacuums_aks/949814/ return blank page [] []
[2017-04-10 17:35:13] ParseIt.ERROR: Url https://www.citilink.ru/catalog/large_and_small_appliances/home_appliances/vacuums/379587/ return blank page [] []
[2017-04-10 17:35:39] ParseIt.INFO: Parsing source - https://www.citilink.ru/catalog/mobile/cell_phones_aks/dop_moduli/ [] []
[2017-04-10 17:36:01] ParseIt.ERROR: Url https://www.citilink.ru/catalog/large_and_small_appliances/home_appliances/vacuums_aks/313103/ return blank page [] []
[2017-04-10 17:36:09] ParseIt.ERROR: Url https://www.citilink.ru/catalog/large_and_small_appliances/home_appliances/vacuums/667846/ return blank page [] []
[2017-04-10 17:36:13] ParseIt.INFO: New - 11, update - 0, from - https://www.citilink.ru/catalog/mobile/cell_phones_aks/dop_moduli/ [] []
[2017-04-10 17:36:13] ParseIt.INFO: Parsing source - https://www.citilink.ru/catalog/large_and_small_appliances/home_appliances/irons/ [] []
[2017-04-10 17:36:22] ParseIt.ERROR: Url https://www.citilink.ru/catalog/large_and_small_appliances/home_appliances/vacuums/919395/ return blank page [] []
[2017-04-10 17:37:03] ParseIt.INFO: New - 20, update - 0, from - https://www.citilink.ru/catalog/large_and_small_appliances/home_appliances/irons/ [] []
[2017-04-10 17:37:25] ParseIt.INFO: New - 105, update - 0, from - https://www.citilink.ru/catalog/large_and_small_appliances/home_appliances/vacuums_aks/ [] []
[2017-04-10 17:37:33] ParseIt.INFO: Parsing source - https://www.citilink.ru/catalog/furniture/writings/perevye_ruchki/ [] []
[2017-04-10 17:37:41] ParseIt.INFO: New - 2, update - 0, from - https://www.citilink.ru/catalog/furniture/writings/perevye_ruchki/ [] []
[2017-04-10 17:37:41] ParseIt.INFO: Parsing source - https://www.citilink.ru/catalog/mobile/cell_phones_aks/portativnye_kolonki/ [] []
[2017-04-10 17:38:45] ParseIt.INFO: New - 241, update - 0, from - https://www.citilink.ru/catalog/large_and_small_appliances/home_appliances/vacuums/ [] []
[2017-04-10 17:38:46] ParseIt.INFO: Parsing source - https://www.citilink.ru/catalog/large_and_small_appliances/home_appliances/steam_generator_irons/ [] []
[2017-04-10 17:39:49] ParseIt.INFO: New - 20, update - 0, from - https://www.citilink.ru/catalog/large_and_small_appliances/home_appliances/steam_generator_irons/ [] []
[2017-04-10 17:40:25] ParseIt.INFO: Parsing source - https://www.citilink.ru/catalog/furniture/writings/sharikovye_ruchki/ [] []
[2017-04-10 17:40:43] ParseIt.INFO: New - 72, update - 0, from - https://www.citilink.ru/catalog/mobile/cell_phones_aks/portativnye_kolonki/ [] []
[2017-04-10 17:41:43] ParseIt.INFO: Parsing source - https://www.citilink.ru/catalog/mobile/ebook/ebook_readers/ [] []
[2017-04-10 17:42:10] ParseIt.INFO: New - 10, update - 0, from - https://www.citilink.ru/catalog/mobile/ebook/ebook_readers/ [] []
[2017-04-10 17:42:10] ParseIt.INFO: Parsing source - https://www.citilink.ru/catalog/large_and_small_appliances/home_appliances/steam_cleaners/ [] []
[2017-04-10 17:42:11] ParseIt.ERROR: Url https://www.citilink.ru/catalog/furniture/writings/sharikovye_ruchki/814347/ return blank page [] []
[2017-04-10 17:42:27] ParseIt.ERROR: Url https://www.citilink.ru/catalog/furniture/writings/sharikovye_ruchki/318796/ return blank page [] []
[2017-04-10 17:43:26] ParseIt.INFO: New - 23, update - 0, from - https://www.citilink.ru/catalog/large_and_small_appliances/home_appliances/steam_cleaners/ [] []
[2017-04-10 17:43:58] ParseIt.INFO: Parsing source - https://www.citilink.ru/catalog/furniture/writings/ruchki_rollery/ [] []
[2017-04-10 17:44:43] ParseIt.ERROR: Url https://www.citilink.ru/catalog/furniture/writings/sharikovye_ruchki/814139/ return blank page [] []
[2017-04-10 17:45:51] ParseIt.ERROR: Url https://www.citilink.ru/catalog/furniture/writings/ruchki_rollery/385431/ return blank page [] []
[2017-04-10 17:46:47] ParseIt.ERROR: Url https://www.citilink.ru/catalog/furniture/writings/sharikovye_ruchki/409210/ return blank page [] []
[2017-04-10 17:47:06] ParseIt.INFO: New - 56, update - 0, from - https://www.citilink.ru/catalog/furniture/writings/ruchki_rollery/ [] []
[2017-04-10 17:47:34] ParseIt.ERROR: Url https://www.citilink.ru/catalog/furniture/writings/sharikovye_ruchki/829364/ return blank page [] []
[2017-04-10 17:47:57] ParseIt.ERROR: Url https://www.citilink.ru/catalog/furniture/writings/sharikovye_ruchki/819285/ return blank page [] []
[2017-04-10 17:47:58] ParseIt.INFO: Parsing source - https://www.citilink.ru/catalog/mobile/ebook/ebook_aks/ [] []
[2017-04-10 17:48:04] ParseIt.INFO: New - 3, update - 0, from - https://www.citilink.ru/catalog/mobile/ebook/ebook_aks/ [] []
[2017-04-10 17:48:04] ParseIt.INFO: Parsing source - https://www.citilink.ru/catalog/large_and_small_appliances/home_appliances/steam_mops/ [] []
[2017-04-10 17:48:10] ParseIt.INFO: New - 3, update - 0, from - https://www.citilink.ru/catalog/large_and_small_appliances/home_appliances/steam_mops/ [] []
[2017-04-10 17:48:10] ParseIt.INFO: Parsing source - https://www.citilink.ru/catalog/furniture/writings/tovary_dlya_tvorchestva/ [] []
[2017-04-10 17:48:22] ParseIt.INFO: New - 158, update - 0, from - https://www.citilink.ru/catalog/furniture/writings/sharikovye_ruchki/ [] []
[2017-04-10 17:48:45] ParseIt.INFO: New - 15, update - 0, from - https://www.citilink.ru/catalog/furniture/writings/tovary_dlya_tvorchestva/ [] []
[2017-04-10 17:48:45] ParseIt.INFO: Parsing source - https://www.citilink.ru/catalog/computers_and_notebooks/all_in_one_desktops/ACER/ [] []
[2017-04-10 17:48:55] ParseIt.INFO: New - 5, update - 0, from - https://www.citilink.ru/catalog/computers_and_notebooks/all_in_one_desktops/ACER/ [] []
[2017-04-10 17:48:55] ParseIt.INFO: Parsing source - https://www.citilink.ru/catalog/large_and_small_appliances/home_appliances/steamers/ [] []
[2017-04-10 17:49:31] ParseIt.ERROR: Url https://www.citilink.ru/catalog/large_and_small_appliances/home_appliances/steamers/328519/ return blank page [] []
[2017-04-10 17:49:48] ParseIt.ERROR: Url https://www.citilink.ru/catalog/large_and_small_appliances/home_appliances/steamers/328521/ return blank page [] []
[2017-04-10 17:49:54] ParseIt.INFO: Parsing source - https://www.citilink.ru/catalog/furniture/writings/tsvetnye_karandashi/ [] []
[2017-04-10 17:51:07] ParseIt.ERROR: Url https://www.citilink.ru/catalog/large_and_small_appliances/home_appliances/steamers/431431/ return blank page [] []
[2017-04-10 17:51:07] ParseIt.INFO: New - 33, update - 0, from - https://www.citilink.ru/catalog/large_and_small_appliances/home_appliances/steamers/ [] []
[2017-04-10 17:51:10] ParseIt.ERROR: Url https://www.citilink.ru/catalog/furniture/writings/tsvetnye_karandashi/818580/ return blank page [] []
[2017-04-10 17:51:34] ParseIt.INFO: Parsing source - https://www.citilink.ru/catalog/computers_and_notebooks/all_in_one_desktops/APPLE/ [] []
[2017-04-10 17:51:51] ParseIt.INFO: New - 4, update - 0, from - https://www.citilink.ru/catalog/computers_and_notebooks/all_in_one_desktops/APPLE/ [] []
[2017-04-10 17:51:51] ParseIt.INFO: Parsing source - https://www.citilink.ru/catalog/large_and_small_appliances/home_appliances/ironing_tables/ [] []
[2017-04-10 17:52:02] ParseIt.INFO: New - 4, update - 0, from - https://www.citilink.ru/catalog/large_and_small_appliances/home_appliances/ironing_tables/ [] []
[2017-04-10 17:52:02] ParseIt.INFO: Parsing source - https://www.citilink.ru/catalog/furniture/writings/chertezhnye_prinadlezhnosti/ [] []
[2017-04-10 17:54:30] ParseIt.INFO: New - 110, update - 0, from - https://www.citilink.ru/catalog/furniture/writings/tsvetnye_karandashi/ [] []
[2017-04-10 17:55:24] ParseIt.ERROR: Url https://www.citilink.ru/catalog/furniture/writings/chertezhnye_prinadlezhnosti/818508/ return blank page [] []
[2017-04-10 17:55:42] ParseIt.INFO: Parsing source - https://www.citilink.ru/catalog/computers_and_notebooks/all_in_one_desktops/ASUS/ [] []
[2017-04-10 17:56:13] ParseIt.INFO: New - 99, update - 0, from - https://www.citilink.ru/catalog/furniture/writings/chertezhnye_prinadlezhnosti/ [] []
[2017-04-10 17:57:47] ParseIt.INFO: Parsing source - https://www.citilink.ru/catalog/large_and_small_appliances/sewing/sewing_machines/ [] []
[2017-04-10 17:58:57] ParseIt.ERROR: Url https://www.citilink.ru/catalog/large_and_small_appliances/sewing/sewing_machines/303826/ return blank page [] []
[2017-04-10 17:59:43] ParseIt.ERROR: Url https://www.citilink.ru/catalog/large_and_small_appliances/sewing/sewing_machines/404433/ return blank page [] []
[2017-04-10 18:01:05] ParseIt.ERROR: Url https://www.citilink.ru/catalog/computers_and_notebooks/all_in_one_desktops/701502/ return blank page [] []
[2017-04-10 18:02:00] ParseIt.INFO: Parsing source - https://www.citilink.ru/catalog/furniture/writings/linejki/ [] []
[2017-04-10 18:02:04] ParseIt.ERROR: Url https://www.citilink.ru/catalog/computers_and_notebooks/all_in_one_desktops/341503/ return blank page [] []
[2017-04-10 18:03:35] ParseIt.ERROR: Url https://www.citilink.ru/catalog/furniture/writings/linejki/818314/ return blank page [] []
[2017-04-10 18:04:03] ParseIt.INFO: New - 38, update - 0, from - https://www.citilink.ru/catalog/furniture/writings/linejki/ [] []
[2017-04-10 18:04:10] ParseIt.ERROR: Url https://www.citilink.ru/catalog/large_and_small_appliances/sewing/sewing_machines/348104/ return blank page [] []
[2017-04-10 18:04:22] ParseIt.INFO: New - 192, update - 0, from - https://www.citilink.ru/catalog/computers_and_notebooks/all_in_one_desktops/ASUS/ [] []
[2017-04-10 18:05:56] ParseIt.ERROR: Url https://www.citilink.ru/catalog/large_and_small_appliances/sewing/sewing_machines/645068/ return blank page [] []
[2017-04-10 18:06:06] ParseIt.ERROR: Url https://www.citilink.ru/catalog/large_and_small_appliances/sewing/sewing_machines/393575/ return blank page [] []
[2017-04-10 18:07:57] ParseIt.INFO: New - 202, update - 0, from - https://www.citilink.ru/catalog/large_and_small_appliances/sewing/sewing_machines/ [] []
[2017-04-10 18:52:31] ParseIt.ERROR: ParseitController.run() {"errors":["[object] (ErrorException(code: 0): file_get_contents(): php_network_getaddresses: getaddrinfo failed: Temporary failure in name resolution at /var/www/mobzilla/data/www/mobzilla.su/parseit/app/ParseIt/export/openCart.php:594)"],"data":{"id":3865,"exported":1,"hash":"6a84bbb986b739d167c19f9c9928276a","created_at":"2017-04-10 17:39:19","updated_at":"2017-04-10 18:51:50","donor_id":1,"source":"https://www.citilink.ru/catalog/mobile/cell_phones_aks/portativnye_kolonki/321420/","manufacturer":"JBL","product_name":"Портативная колонка JBL Flip 3,  16Вт, черный","sku":"321420","stockin":"in stock","price":5089,"old_price":0,"description":"\n            Стильная акустическая система JBL Flip III рассчитана на эксплуатацию в местах, не оборудованных электричеством, и способна на одном заряде аккумулятора работать до 10 часов. Она выполнена в компактном корпусе цилиндрической формы, который будучи влагозащищенным, делает возможным использование колонки во время дождя и в условиях высокой влажности.\nАкустическая система JBL Flip III может подключаться к источнику аудиосигнала через разъем 3,5 мм и посредством беспроводного интерфейса Bluetooth с радиусом действия до 10 м. Благодаря поддержке технологии JBL Connect к одному устройству можно подключать несколько колонок. Функциональные возможности данной модели расширяются за счет встроенного микрофона, который поддерживает функцию шумо- и эхоподавления и позволяет комфортно общаться по громкой связи, наслаждаясь при этом четким звуком.\n    \n    ","main_image":"https://items.s1.citilink.ru/321420_v01_b.jpg","gallery":"a:9:{i:0;s:45:\"https://items.s1.citilink.ru/321420_v01_b.jpg\";i:1;s:45:\"https://items.s1.citilink.ru/321420_v02_b.jpg\";i:2;s:45:\"https://items.s1.citilink.ru/321420_d01_b.jpg\";i:3;s:45:\"https://items.s1.citilink.ru/321420_d02_b.jpg\";i:4;s:45:\"https://items.s1.citilink.ru/321420_d03_b.jpg\";i:5;s:45:\"https://items.s1.citilink.ru/321420_p01_b.jpg\";i:6;s:45:\"https://items.s1.citilink.ru/321420_p02_b.jpg\";i:7;s:45:\"https://items.s1.citilink.ru/321420_p03_b.jpg\";i:8;s:45:\"https://items.s1.citilink.ru/321420_p04_b.jpg\";}","product_attributes":"a:6:{i:1;a:2:{s:14:\"atr_group_mame\";s:45:\"Основные характеристики\";s:10:\"attributes\";a:5:{i:0;a:1:{s:41:\"Интерфейс подключения\";s:17:\"Bluetooth/3.5Jack\";}i:1;a:1:{s:31:\"Акустический тип\";s:3:\"2.0\";}i:2;a:1:{s:52:\"Суммарная звуковая мощность\";s:7:\"16 Вт\";}i:3;a:1:{s:35:\"Частотный диапазон\";s:20:\"85 Гц  20кГц\";}i:4;a:1:{s:38:\"Отношение сигнал/шум\";s:7:\"80 дБ\";}}}i:2;a:2:{s:14:\"atr_group_mame\";s:38:\"Интерфейсы и разъемы\";s:10:\"attributes\";a:2:{i:0;a:1:{s:47:\"Расположение регуляторов\";s:32:\"на боковой панели\";}i:1;a:1:{s:31:\"Стерео-вход AUX INPUT\";s:8:\"есть\";}}}i:3;a:2:{s:14:\"atr_group_mame\";s:28:\"Электропитание\";s:10:\"attributes\";a:1:{i:0;a:1:{s:35:\"Тип электропитания\";s:38:\"от USB/от аккумулятора\";}}}i:4;a:2:{s:14:\"atr_group_mame\";s:22:\"Особенности\";s:10:\"attributes\";a:1:{i:0;a:1:{s:22:\"Особенности\";s:311:\"встроенный аккумулятор: Li-Pol 3000мАч; время зарядки до 3-х часов; время работы до 10-ти часов от заряженного аккумулятора; встроенный микрофон с функцией подавления эхо и шума\";}}}i:5;a:2:{s:14:\"atr_group_mame\";s:12:\"Корпус\";s:10:\"attributes\";a:1:{i:0;a:1:{s:8:\"Цвет\";s:12:\"черный\";}}}i:6;a:2:{s:14:\"atr_group_mame\";s:0:\"\";s:10:\"attributes\";a:3:{i:0;a:1:{s:16:\"Гарантия\";s:10:\"12 мес.\";}i:1;a:1:{s:35:\"Сайт производителя\";s:10:\"ru.jbl.com\";}i:2;a:1:{s:40:\"Страна производитель:\";s:10:\"Китай\";}}}}","category_id":874,"procent_nakrutki":20,"product_id":0,"categories":"a:4:{i:0;s:54:\"Ноутбуки, планшеты, смартфоны\";i:1;s:48:\"Аксессуары для смартфонов\";i:2;s:37:\"Портативные колонки\";i:3;s:3:\"JBL\";}","quantity":999,"stock_status_id":7,"price_purchase":4990}} []
