[2017-05-08 07:04:01] ParseIt.INFO: Parsing source - https://www.citilink.ru/catalog/computers_and_notebooks/computers/ASUS/ [] []
[2017-05-08 07:04:01] ParseIt.INFO: New - 0, update - 0, from - https://www.citilink.ru/catalog/computers_and_notebooks/computers/ASUS/ [] []
[2017-05-08 07:04:01] ParseIt.INFO: Parsing source - https://www.citilink.ru/catalog/computers_and_notebooks/computers/DELL/ [] []
[2017-05-08 07:04:01] ParseIt.INFO: New - 0, update - 0, from - https://www.citilink.ru/catalog/computers_and_notebooks/computers/DELL/ [] []
[2017-05-08 07:04:01] ParseIt.INFO: Parsing source - https://www.citilink.ru/catalog/computers_and_notebooks/computers/HP/ [] []
[2017-05-08 07:04:01] ParseIt.INFO: New - 0, update - 0, from - https://www.citilink.ru/catalog/computers_and_notebooks/computers/HP/ [] []
[2017-05-08 07:04:01] ParseIt.INFO: Parsing source - https://www.citilink.ru/catalog/computers_and_notebooks/computers/IRU/ [] []
[2017-05-08 07:04:01] ParseIt.INFO: New - 0, update - 0, from - https://www.citilink.ru/catalog/computers_and_notebooks/computers/IRU/ [] []
[2017-05-08 07:04:01] ParseIt.INFO: Parsing source - https://www.citilink.ru/catalog/computers_and_notebooks/computers/LENOVO/ [] []
[2017-05-08 07:04:01] ParseIt.INFO: New - 0, update - 0, from - https://www.citilink.ru/catalog/computers_and_notebooks/computers/LENOVO/ [] []
[2017-05-08 07:04:01] ParseIt.INFO: Parsing source - https://www.citilink.ru/catalog/computers_and_notebooks/computers/MSI/ [] []
[2017-05-08 07:04:01] ParseIt.INFO: New - 0, update - 0, from - https://www.citilink.ru/catalog/computers_and_notebooks/computers/MSI/ [] []
[2017-05-08 07:04:01] ParseIt.INFO: Parsing source - https://www.citilink.ru/catalog/computers_and_notebooks/hdd/hdd_in/ [] []
[2017-05-08 07:04:01] ParseIt.INFO: New - 0, update - 0, from - https://www.citilink.ru/catalog/computers_and_notebooks/hdd/hdd_in/ [] []
[2017-05-08 07:04:01] ParseIt.INFO: Parsing source - https://www.citilink.ru/catalog/computers_and_notebooks/hdd/ssd_in/ [] []
[2017-05-08 07:04:01] ParseIt.INFO: New - 0, update - 0, from - https://www.citilink.ru/catalog/computers_and_notebooks/hdd/ssd_in/ [] []
[2017-05-08 07:04:01] ParseIt.INFO: Parsing source - https://www.citilink.ru/catalog/computers_and_notebooks/parts/cpu/ [] []
[2017-05-08 07:04:01] ParseIt.INFO: New - 0, update - 0, from - https://www.citilink.ru/catalog/computers_and_notebooks/parts/cpu/ [] []
[2017-05-08 07:04:01] ParseIt.INFO: Parsing source - https://www.citilink.ru/catalog/computers_and_notebooks/parts/coolers/ [] []
[2017-05-08 07:04:01] ParseIt.INFO: New - 0, update - 0, from - https://www.citilink.ru/catalog/computers_and_notebooks/parts/coolers/ [] []
[2017-05-08 07:04:01] ParseIt.INFO: Parsing source - https://www.citilink.ru/catalog/computers_and_notebooks/parts/motherboards/ [] []
[2017-05-08 07:04:01] ParseIt.INFO: New - 0, update - 0, from - https://www.citilink.ru/catalog/computers_and_notebooks/parts/motherboards/ [] []
[2017-05-08 07:04:01] ParseIt.INFO: Parsing source - https://www.citilink.ru/catalog/computers_and_notebooks/parts/memory/ [] []
[2017-05-08 07:04:01] ParseIt.INFO: New - 0, update - 0, from - https://www.citilink.ru/catalog/computers_and_notebooks/parts/memory/ [] []
[2017-05-08 07:04:01] ParseIt.INFO: Parsing source - https://www.citilink.ru/catalog/computers_and_notebooks/parts/videocards/ [] []
[2017-05-08 07:04:01] ParseIt.INFO: New - 0, update - 0, from - https://www.citilink.ru/catalog/computers_and_notebooks/parts/videocards/ [] []
[2017-05-08 07:04:01] ParseIt.INFO: Parsing source - https://www.citilink.ru/catalog/computers_and_notebooks/parts/powersupply/ [] []
[2017-05-08 07:04:01] ParseIt.INFO: New - 0, update - 0, from - https://www.citilink.ru/catalog/computers_and_notebooks/parts/powersupply/ [] []
[2017-05-08 07:04:01] ParseIt.INFO: Parsing source - https://www.citilink.ru/catalog/computers_and_notebooks/parts/cases/ [] []
[2017-05-08 07:04:01] ParseIt.INFO: New - 0, update - 0, from - https://www.citilink.ru/catalog/computers_and_notebooks/parts/cases/ [] []
[2017-05-08 07:04:01] ParseIt.INFO: Parsing source - https://www.citilink.ru/catalog/computers_and_notebooks/parts/soundcards/ [] []
[2017-05-08 07:04:01] ParseIt.INFO: New - 0, update - 0, from - https://www.citilink.ru/catalog/computers_and_notebooks/parts/soundcards/ [] []
[2017-05-08 07:04:01] ParseIt.INFO: Parsing source - https://www.citilink.ru/catalog/computers_and_notebooks/parts/odds/ [] []
[2017-05-08 07:04:01] ParseIt.INFO: New - 0, update - 0, from - https://www.citilink.ru/catalog/computers_and_notebooks/parts/odds/ [] []
[2017-05-08 07:04:01] ParseIt.INFO: Parsing source - https://www.citilink.ru/catalog/computers_and_notebooks/monitors/ACER/ [] []
[2017-05-08 07:04:01] ParseIt.INFO: New - 0, update - 0, from - https://www.citilink.ru/catalog/computers_and_notebooks/monitors/ACER/ [] []
[2017-05-08 07:04:01] ParseIt.INFO: Parsing source - https://www.citilink.ru/catalog/computers_and_notebooks/monitors/AOC/ [] []
[2017-05-08 07:04:01] ParseIt.INFO: New - 0, update - 0, from - https://www.citilink.ru/catalog/computers_and_notebooks/monitors/AOC/ [] []
[2017-05-08 07:04:01] ParseIt.INFO: Parsing source - https://www.citilink.ru/catalog/computers_and_notebooks/monitors/ASUS/ [] []
[2017-05-08 07:04:01] ParseIt.INFO: New - 0, update - 0, from - https://www.citilink.ru/catalog/computers_and_notebooks/monitors/ASUS/ [] []
[2017-05-08 07:04:01] ParseIt.INFO: Parsing source - https://www.citilink.ru/catalog/computers_and_notebooks/monitors/BENQ/ [] []
[2017-05-08 07:04:02] ParseIt.INFO: New - 0, update - 0, from - https://www.citilink.ru/catalog/computers_and_notebooks/monitors/BENQ/ [] []
[2017-05-08 07:04:02] ParseIt.INFO: Parsing source - https://www.citilink.ru/catalog/computers_and_notebooks/monitors/DELL/ [] []
[2017-05-08 07:04:02] ParseIt.INFO: New - 0, update - 0, from - https://www.citilink.ru/catalog/computers_and_notebooks/monitors/DELL/ [] []
[2017-05-08 07:04:02] ParseIt.INFO: Parsing source - https://www.citilink.ru/catalog/computers_and_notebooks/monitors/HP/ [] []
[2017-05-08 07:04:02] ParseIt.INFO: New - 0, update - 0, from - https://www.citilink.ru/catalog/computers_and_notebooks/monitors/HP/ [] []
[2017-05-08 07:04:02] ParseIt.INFO: Parsing source - https://www.citilink.ru/catalog/computers_and_notebooks/monitors/IIYAMA/ [] []
[2017-05-08 07:04:02] ParseIt.INFO: New - 0, update - 0, from - https://www.citilink.ru/catalog/computers_and_notebooks/monitors/IIYAMA/ [] []
[2017-05-08 07:04:02] ParseIt.INFO: Parsing source - https://www.citilink.ru/catalog/computers_and_notebooks/monitors/LENOVO/ [] []
[2017-05-08 07:04:02] ParseIt.INFO: New - 0, update - 0, from - https://www.citilink.ru/catalog/computers_and_notebooks/monitors/LENOVO/ [] []
[2017-05-08 07:04:02] ParseIt.INFO: Parsing source - https://www.citilink.ru/catalog/computers_and_notebooks/monitors/LG/ [] []
[2017-05-08 07:04:02] ParseIt.INFO: New - 0, update - 0, from - https://www.citilink.ru/catalog/computers_and_notebooks/monitors/LG/ [] []
[2017-05-08 07:04:02] ParseIt.INFO: Parsing source - https://www.citilink.ru/catalog/computers_and_notebooks/monitors/PHILIPS/ [] []
[2017-05-08 07:04:02] ParseIt.INFO: New - 0, update - 0, from - https://www.citilink.ru/catalog/computers_and_notebooks/monitors/PHILIPS/ [] []
[2017-05-08 07:04:02] ParseIt.INFO: Parsing source - https://www.citilink.ru/catalog/computers_and_notebooks/monitors/SAMSUNG/ [] []
[2017-05-08 07:04:02] ParseIt.INFO: New - 0, update - 0, from - https://www.citilink.ru/catalog/computers_and_notebooks/monitors/SAMSUNG/ [] []
[2017-05-08 07:04:02] ParseIt.INFO: Parsing source - https://www.citilink.ru/catalog/computers_and_notebooks/monitors/VIEWSONIC/ [] []
[2017-05-08 07:04:03] ParseIt.INFO: New - 0, update - 0, from - https://www.citilink.ru/catalog/computers_and_notebooks/monitors/VIEWSONIC/ [] []
[2017-05-08 07:04:03] ParseIt.INFO: Parsing source - https://www.citilink.ru/catalog/audio_and_digits/tv/BBK/ [] []
[2017-05-08 07:04:04] ParseIt.INFO: New - 0, update - 0, from - https://www.citilink.ru/catalog/audio_and_digits/tv/BBK/ [] []
[2017-05-08 07:04:04] ParseIt.INFO: Parsing source - https://www.citilink.ru/catalog/audio_and_digits/tv/FUSION/ [] []
[2017-05-08 07:04:04] ParseIt.INFO: New - 0, update - 0, from - https://www.citilink.ru/catalog/audio_and_digits/tv/FUSION/ [] []
[2017-05-08 07:04:04] ParseIt.INFO: Parsing source - https://www.citilink.ru/catalog/audio_and_digits/tv/JVC/ [] []
[2017-05-08 07:04:04] ParseIt.INFO: New - 0, update - 0, from - https://www.citilink.ru/catalog/audio_and_digits/tv/JVC/ [] []
[2017-05-08 07:04:04] ParseIt.INFO: Parsing source - https://www.citilink.ru/catalog/audio_and_digits/tv/LG/ [] []
[2017-05-08 07:04:04] ParseIt.INFO: New - 0, update - 0, from - https://www.citilink.ru/catalog/audio_and_digits/tv/LG/ [] []
[2017-05-08 07:04:04] ParseIt.INFO: Parsing source - https://www.citilink.ru/catalog/audio_and_digits/tv/MYSTERY/ [] []
[2017-05-08 07:04:04] ParseIt.INFO: New - 0, update - 0, from - https://www.citilink.ru/catalog/audio_and_digits/tv/MYSTERY/ [] []
[2017-05-08 07:04:04] ParseIt.INFO: Parsing source - https://www.citilink.ru/catalog/audio_and_digits/tv/PHILIPS/ [] []
[2017-05-08 07:04:05] ParseIt.INFO: New - 0, update - 0, from - https://www.citilink.ru/catalog/audio_and_digits/tv/PHILIPS/ [] []
[2017-05-08 07:04:05] ParseIt.INFO: Parsing source - https://www.citilink.ru/catalog/audio_and_digits/tv/SAMSUNG/ [] []
[2017-05-08 07:04:05] ParseIt.INFO: New - 0, update - 0, from - https://www.citilink.ru/catalog/audio_and_digits/tv/SAMSUNG/ [] []
[2017-05-08 07:04:05] ParseIt.INFO: Parsing source - https://www.citilink.ru/catalog/audio_and_digits/tv/SONY/ [] []
[2017-05-08 07:04:05] ParseIt.INFO: New - 0, update - 0, from - https://www.citilink.ru/catalog/audio_and_digits/tv/SONY/ [] []
[2017-05-08 07:04:05] ParseIt.INFO: Parsing source - https://www.citilink.ru/catalog/audio_and_digits/tv/SUPRA/ [] []
[2017-05-08 07:04:05] ParseIt.INFO: New - 0, update - 0, from - https://www.citilink.ru/catalog/audio_and_digits/tv/SUPRA/ [] []
[2017-05-08 07:04:05] ParseIt.INFO: Parsing source - https://www.citilink.ru/catalog/audio_and_digits/tv/TCL/ [] []
[2017-05-08 07:04:05] ParseIt.INFO: New - 0, update - 0, from - https://www.citilink.ru/catalog/audio_and_digits/tv/TCL/ [] []
[2017-05-08 07:04:05] ParseIt.INFO: Parsing source - https://www.citilink.ru/catalog/audio_and_digits/tv/TELEFUNKEN/ [] []
[2017-05-08 07:04:05] ParseIt.INFO: New - 0, update - 0, from - https://www.citilink.ru/catalog/audio_and_digits/tv/TELEFUNKEN/ [] []
[2017-05-08 07:04:05] ParseIt.INFO: Parsing source - https://www.citilink.ru/catalog/large_and_small_appliances/small_appliances/multi_cookers/ [] []
[2017-05-08 07:04:05] ParseIt.INFO: New - 0, update - 0, from - https://www.citilink.ru/catalog/large_and_small_appliances/small_appliances/multi_cookers/ [] []
[2017-05-08 07:04:05] ParseIt.INFO: Parsing source - https://www.citilink.ru/catalog/large_and_small_appliances/small_appliances/ovens/ [] []
[2017-05-08 07:04:05] ParseIt.INFO: New - 0, update - 0, from - https://www.citilink.ru/catalog/large_and_small_appliances/small_appliances/ovens/ [] []
[2017-05-08 07:04:05] ParseIt.INFO: Parsing source - https://www.citilink.ru/catalog/large_and_small_appliances/small_appliances/kitchen_machines/ [] []
[2017-05-08 07:04:05] ParseIt.INFO: New - 0, update - 0, from - https://www.citilink.ru/catalog/large_and_small_appliances/small_appliances/kitchen_machines/ [] []
[2017-05-08 07:04:05] ParseIt.INFO: Parsing source - https://www.citilink.ru/catalog/large_and_small_appliances/small_appliances/kettles/ [] []
[2017-05-08 07:04:05] ParseIt.INFO: New - 0, update - 0, from - https://www.citilink.ru/catalog/large_and_small_appliances/small_appliances/kettles/ [] []
[2017-05-08 07:04:05] ParseIt.INFO: Parsing source - https://www.citilink.ru/catalog/large_and_small_appliances/small_appliances/thermo_pots/ [] []
[2017-05-08 07:04:05] ParseIt.INFO: New - 0, update - 0, from - https://www.citilink.ru/catalog/large_and_small_appliances/small_appliances/thermo_pots/ [] []
[2017-05-08 07:04:05] ParseIt.INFO: Parsing source - https://www.citilink.ru/catalog/large_and_small_appliances/small_appliances/double_boilers/ [] []
[2017-05-08 07:04:05] ParseIt.INFO: New - 0, update - 0, from - https://www.citilink.ru/catalog/large_and_small_appliances/small_appliances/double_boilers/ [] []
[2017-05-08 07:04:05] ParseIt.INFO: Parsing source - https://www.citilink.ru/catalog/large_and_small_appliances/small_appliances/convection_ovens/ [] []
[2017-05-08 07:04:05] ParseIt.INFO: New - 0, update - 0, from - https://www.citilink.ru/catalog/large_and_small_appliances/small_appliances/convection_ovens/ [] []
[2017-05-08 07:04:05] ParseIt.INFO: Parsing source - https://www.citilink.ru/catalog/large_and_small_appliances/small_appliances/elektrogrili/ [] []
[2017-05-08 07:04:05] ParseIt.INFO: New - 0, update - 0, from - https://www.citilink.ru/catalog/large_and_small_appliances/small_appliances/elektrogrili/ [] []
[2017-05-08 07:04:05] ParseIt.INFO: Parsing source - https://www.citilink.ru/catalog/large_and_small_appliances/small_appliances/blenders/ [] []
[2017-05-08 07:04:05] ParseIt.INFO: New - 0, update - 0, from - https://www.citilink.ru/catalog/large_and_small_appliances/small_appliances/blenders/ [] []
[2017-05-08 07:04:05] ParseIt.INFO: Parsing source - https://www.citilink.ru/catalog/large_and_small_appliances/small_appliances/mixers/ [] []
[2017-05-08 07:04:05] ParseIt.INFO: New - 0, update - 0, from - https://www.citilink.ru/catalog/large_and_small_appliances/small_appliances/mixers/ [] []
[2017-05-08 07:04:05] ParseIt.INFO: Parsing source - https://www.citilink.ru/catalog/large_and_small_appliances/small_appliances/meat_grinders/ [] []
[2017-05-08 07:04:05] ParseIt.INFO: New - 0, update - 0, from - https://www.citilink.ru/catalog/large_and_small_appliances/small_appliances/meat_grinders/ [] []
[2017-05-08 07:04:05] ParseIt.INFO: Parsing source - https://www.citilink.ru/catalog/large_and_small_appliances/small_appliances/juicers/ [] []
[2017-05-08 07:04:05] ParseIt.INFO: New - 0, update - 0, from - https://www.citilink.ru/catalog/large_and_small_appliances/small_appliances/juicers/ [] []
[2017-05-08 07:04:05] ParseIt.INFO: Parsing source - https://www.citilink.ru/catalog/large_and_small_appliances/small_appliances/bread_makers/ [] []
[2017-05-08 07:04:05] ParseIt.INFO: New - 0, update - 0, from - https://www.citilink.ru/catalog/large_and_small_appliances/small_appliances/bread_makers/ [] []
[2017-05-08 07:04:05] ParseIt.INFO: Parsing source - https://www.citilink.ru/catalog/large_and_small_appliances/small_appliances/toasters/ [] []
[2017-05-08 07:04:05] ParseIt.INFO: New - 0, update - 0, from - https://www.citilink.ru/catalog/large_and_small_appliances/small_appliances/toasters/ [] []
[2017-05-08 07:04:05] ParseIt.INFO: Parsing source - https://www.citilink.ru/catalog/large_and_small_appliances/small_appliances/vafelnicy/ [] []
[2017-05-08 07:04:05] ParseIt.INFO: New - 0, update - 0, from - https://www.citilink.ru/catalog/large_and_small_appliances/small_appliances/vafelnicy/ [] []
[2017-05-08 07:04:05] ParseIt.INFO: Parsing source - https://www.citilink.ru/catalog/large_and_small_appliances/small_appliances/electric_ovens/ [] []
[2017-05-08 07:04:05] ParseIt.INFO: New - 0, update - 0, from - https://www.citilink.ru/catalog/large_and_small_appliances/small_appliances/electric_ovens/ [] []
[2017-05-08 07:04:05] ParseIt.INFO: Parsing source - https://www.citilink.ru/catalog/large_and_small_appliances/small_appliances/deep_fryers/ [] []
[2017-05-08 07:04:05] ParseIt.INFO: New - 0, update - 0, from - https://www.citilink.ru/catalog/large_and_small_appliances/small_appliances/deep_fryers/ [] []
[2017-05-08 07:04:05] ParseIt.INFO: Parsing source - https://www.citilink.ru/catalog/large_and_small_appliances/small_appliances/yogurt_makers/ [] []
[2017-05-08 07:04:05] ParseIt.INFO: New - 0, update - 0, from - https://www.citilink.ru/catalog/large_and_small_appliances/small_appliances/yogurt_makers/ [] []
[2017-05-08 07:04:05] ParseIt.INFO: Parsing source - https://www.citilink.ru/catalog/large_and_small_appliances/small_appliances/pancake_makers/ [] []
[2017-05-08 07:04:05] ParseIt.INFO: New - 0, update - 0, from - https://www.citilink.ru/catalog/large_and_small_appliances/small_appliances/pancake_makers/ [] []
[2017-05-08 07:04:05] ParseIt.INFO: Parsing source - https://www.citilink.ru/catalog/large_and_small_appliances/small_appliances/kitchen_scales/ [] []
[2017-05-08 07:04:05] ParseIt.INFO: New - 0, update - 0, from - https://www.citilink.ru/catalog/large_and_small_appliances/small_appliances/kitchen_scales/ [] []
[2017-05-08 07:04:05] ParseIt.INFO: Parsing source - https://www.citilink.ru/catalog/large_and_small_appliances/small_appliances/thermos/ [] []
[2017-05-08 07:04:05] ParseIt.INFO: New - 0, update - 0, from - https://www.citilink.ru/catalog/large_and_small_appliances/small_appliances/thermos/ [] []
[2017-05-08 07:04:05] ParseIt.INFO: Parsing source - https://www.citilink.ru/catalog/large_and_small_appliances/small_appliances/izmelchiteli/ [] []
[2017-05-08 07:04:05] ParseIt.INFO: New - 0, update - 0, from - https://www.citilink.ru/catalog/large_and_small_appliances/small_appliances/izmelchiteli/ [] []
[2017-05-08 07:04:05] ParseIt.INFO: Parsing source - https://www.citilink.ru/catalog/large_and_small_appliances/small_appliances/distillyatory/ [] []
[2017-05-08 07:04:05] ParseIt.INFO: New - 0, update - 0, from - https://www.citilink.ru/catalog/large_and_small_appliances/small_appliances/distillyatory/ [] []
[2017-05-08 09:45:12] ParseIt.INFO: Parsing source - https://www.citilink.ru/catalog/mobile/notebooks/ACER/ [] []
[2017-05-08 09:45:12] ParseIt.INFO: New - 0, update - 0, from - https://www.citilink.ru/catalog/mobile/notebooks/ACER/ [] []
[2017-05-08 09:45:12] ParseIt.INFO: Parsing source - https://www.citilink.ru/catalog/mobile/notebooks/APPLE/ [] []
[2017-05-08 09:45:12] ParseIt.INFO: New - 0, update - 0, from - https://www.citilink.ru/catalog/mobile/notebooks/APPLE/ [] []
[2017-05-08 09:45:12] ParseIt.INFO: Parsing source - https://www.citilink.ru/catalog/mobile/notebooks/ASUS/ [] []
[2017-05-08 09:45:12] ParseIt.INFO: New - 0, update - 0, from - https://www.citilink.ru/catalog/mobile/notebooks/ASUS/ [] []
[2017-05-08 09:45:12] ParseIt.INFO: Parsing source - https://www.citilink.ru/catalog/mobile/notebooks/DELL/ [] []
[2017-05-08 09:45:12] ParseIt.INFO: New - 0, update - 0, from - https://www.citilink.ru/catalog/mobile/notebooks/DELL/ [] []
[2017-05-08 09:45:12] ParseIt.INFO: Parsing source - https://www.citilink.ru/catalog/mobile/notebooks/HP/ [] []
[2017-05-08 09:45:12] ParseIt.INFO: New - 0, update - 0, from - https://www.citilink.ru/catalog/mobile/notebooks/HP/ [] []
[2017-05-08 09:45:12] ParseIt.INFO: Parsing source - https://www.citilink.ru/catalog/mobile/notebooks/LENOVO/ [] []
[2017-05-08 09:45:12] ParseIt.INFO: New - 0, update - 0, from - https://www.citilink.ru/catalog/mobile/notebooks/LENOVO/ [] []
[2017-05-08 09:45:12] ParseIt.INFO: Parsing source - https://www.citilink.ru/catalog/mobile/notebooks/MSI/ [] []
[2017-05-08 09:45:12] ParseIt.INFO: New - 0, update - 0, from - https://www.citilink.ru/catalog/mobile/notebooks/MSI/ [] []
[2017-05-08 09:45:12] ParseIt.INFO: Parsing source - https://www.citilink.ru/catalog/mobile/ultrabuki/ACER/ [] []
[2017-05-08 09:45:12] ParseIt.INFO: New - 0, update - 0, from - https://www.citilink.ru/catalog/mobile/ultrabuki/ACER/ [] []
[2017-05-08 09:45:12] ParseIt.INFO: Parsing source - https://www.citilink.ru/catalog/mobile/ultrabuki/DELL/ [] []
[2017-05-08 09:45:12] ParseIt.INFO: New - 0, update - 0, from - https://www.citilink.ru/catalog/mobile/ultrabuki/DELL/ [] []
[2017-05-08 09:45:12] ParseIt.INFO: Parsing source - https://www.citilink.ru/catalog/mobile/ultrabuki/LENOVO/ [] []
[2017-05-08 09:45:12] ParseIt.INFO: New - 0, update - 0, from - https://www.citilink.ru/catalog/mobile/ultrabuki/LENOVO/ [] []
[2017-05-08 09:45:12] ParseIt.INFO: Parsing source - https://www.citilink.ru/catalog/mobile/noutbuki_transformery/ACER/ [] []
[2017-05-08 09:45:12] ParseIt.INFO: New - 0, update - 0, from - https://www.citilink.ru/catalog/mobile/noutbuki_transformery/ACER/ [] []
[2017-05-08 09:45:12] ParseIt.INFO: Parsing source - https://www.citilink.ru/catalog/mobile/noutbuki_transformery/ASUS/ [] []
[2017-05-08 09:45:12] ParseIt.INFO: New - 0, update - 0, from - https://www.citilink.ru/catalog/mobile/noutbuki_transformery/ASUS/ [] []
[2017-05-08 09:45:12] ParseIt.INFO: Parsing source - https://www.citilink.ru/catalog/mobile/noutbuki_transformery/DELL/ [] []
[2017-05-08 09:45:12] ParseIt.INFO: New - 0, update - 0, from - https://www.citilink.ru/catalog/mobile/noutbuki_transformery/DELL/ [] []
[2017-05-08 09:45:12] ParseIt.INFO: Parsing source - https://www.citilink.ru/catalog/mobile/noutbuki_transformery/HP/ [] []
[2017-05-08 09:45:12] ParseIt.INFO: New - 0, update - 0, from - https://www.citilink.ru/catalog/mobile/noutbuki_transformery/HP/ [] []
[2017-05-08 09:45:12] ParseIt.INFO: Parsing source - https://www.citilink.ru/catalog/mobile/noutbuki_transformery/LENOVO/ [] []
[2017-05-08 09:45:12] ParseIt.INFO: New - 0, update - 0, from - https://www.citilink.ru/catalog/mobile/noutbuki_transformery/LENOVO/ [] []
[2017-05-08 09:45:12] ParseIt.INFO: Parsing source - https://www.citilink.ru/catalog/mobile/note_aks/note_bags/ [] []
[2017-05-08 09:45:12] ParseIt.INFO: New - 0, update - 0, from - https://www.citilink.ru/catalog/mobile/note_aks/note_bags/ [] []
[2017-05-08 09:45:12] ParseIt.INFO: Parsing source - https://www.citilink.ru/catalog/mobile/note_aks/rukzaki_dlya_noutbukov/ [] []
[2017-05-08 09:45:12] ParseIt.INFO: New - 0, update - 0, from - https://www.citilink.ru/catalog/mobile/note_aks/rukzaki_dlya_noutbukov/ [] []
[2017-05-08 09:45:12] ParseIt.INFO: Parsing source - https://www.citilink.ru/catalog/mobile/note_aks/chehly_dlya_noutbukov/ [] []
[2017-05-08 09:45:12] ParseIt.INFO: New - 0, update - 0, from - https://www.citilink.ru/catalog/mobile/note_aks/chehly_dlya_noutbukov/ [] []
[2017-05-08 09:45:12] ParseIt.INFO: Parsing source - https://www.citilink.ru/catalog/mobile/note_aks/note_powers/ [] []
[2017-05-08 09:45:12] ParseIt.INFO: New - 0, update - 0, from - https://www.citilink.ru/catalog/mobile/note_aks/note_powers/ [] []
[2017-05-08 09:45:12] ParseIt.INFO: Parsing source - https://www.citilink.ru/catalog/mobile/note_aks/note_docks/ [] []
[2017-05-08 09:45:12] ParseIt.INFO: New - 0, update - 0, from - https://www.citilink.ru/catalog/mobile/note_aks/note_docks/ [] []
[2017-05-08 09:45:12] ParseIt.INFO: Parsing source - https://www.citilink.ru/catalog/mobile/note_aks/podstavki_dlya_noutbukov/ [] []
[2017-05-08 09:45:12] ParseIt.INFO: New - 0, update - 0, from - https://www.citilink.ru/catalog/mobile/note_aks/podstavki_dlya_noutbukov/ [] []
[2017-05-08 09:45:12] ParseIt.INFO: Parsing source - https://www.citilink.ru/catalog/computers_and_notebooks/computers/ACER/ [] []
[2017-05-08 09:45:12] ParseIt.INFO: New - 0, update - 0, from - https://www.citilink.ru/catalog/computers_and_notebooks/computers/ACER/ [] []
[2017-05-08 09:45:12] ParseIt.INFO: Parsing source - https://www.citilink.ru/catalog/computers_and_notebooks/computers/ASUS/ [] []
[2017-05-08 09:45:12] ParseIt.INFO: New - 0, update - 0, from - https://www.citilink.ru/catalog/computers_and_notebooks/computers/ASUS/ [] []
[2017-05-08 09:45:12] ParseIt.INFO: Parsing source - https://www.citilink.ru/catalog/computers_and_notebooks/computers/DELL/ [] []
[2017-05-08 09:45:12] ParseIt.INFO: New - 0, update - 0, from - https://www.citilink.ru/catalog/computers_and_notebooks/computers/DELL/ [] []
[2017-05-08 09:45:12] ParseIt.INFO: Parsing source - https://www.citilink.ru/catalog/computers_and_notebooks/computers/HP/ [] []
[2017-05-08 09:45:12] ParseIt.INFO: New - 0, update - 0, from - https://www.citilink.ru/catalog/computers_and_notebooks/computers/HP/ [] []
[2017-05-08 09:45:12] ParseIt.INFO: Parsing source - https://www.citilink.ru/catalog/computers_and_notebooks/computers/IRU/ [] []
[2017-05-08 09:45:12] ParseIt.INFO: New - 0, update - 0, from - https://www.citilink.ru/catalog/computers_and_notebooks/computers/IRU/ [] []
[2017-05-08 09:45:12] ParseIt.INFO: Parsing source - https://www.citilink.ru/catalog/computers_and_notebooks/computers/LENOVO/ [] []
[2017-05-08 09:45:13] ParseIt.INFO: New - 0, update - 0, from - https://www.citilink.ru/catalog/computers_and_notebooks/computers/LENOVO/ [] []
[2017-05-08 09:45:13] ParseIt.INFO: Parsing source - https://www.citilink.ru/catalog/computers_and_notebooks/computers/MSI/ [] []
[2017-05-08 09:45:13] ParseIt.INFO: New - 0, update - 0, from - https://www.citilink.ru/catalog/computers_and_notebooks/computers/MSI/ [] []
[2017-05-08 09:45:13] ParseIt.INFO: Parsing source - https://www.citilink.ru/catalog/computers_and_notebooks/hdd/hdd_in/ [] []
[2017-05-08 09:45:13] ParseIt.INFO: New - 0, update - 0, from - https://www.citilink.ru/catalog/computers_and_notebooks/hdd/hdd_in/ [] []
[2017-05-08 09:45:13] ParseIt.INFO: Parsing source - https://www.citilink.ru/catalog/computers_and_notebooks/hdd/ssd_in/ [] []
[2017-05-08 09:45:13] ParseIt.INFO: New - 0, update - 0, from - https://www.citilink.ru/catalog/computers_and_notebooks/hdd/ssd_in/ [] []
[2017-05-08 09:45:13] ParseIt.INFO: Parsing source - https://www.citilink.ru/catalog/computers_and_notebooks/parts/cpu/ [] []
[2017-05-08 09:45:13] ParseIt.INFO: New - 0, update - 0, from - https://www.citilink.ru/catalog/computers_and_notebooks/parts/cpu/ [] []
[2017-05-08 09:45:13] ParseIt.INFO: Parsing source - https://www.citilink.ru/catalog/computers_and_notebooks/parts/coolers/ [] []
[2017-05-08 09:45:13] ParseIt.INFO: New - 0, update - 0, from - https://www.citilink.ru/catalog/computers_and_notebooks/parts/coolers/ [] []
[2017-05-08 09:45:13] ParseIt.INFO: Parsing source - https://www.citilink.ru/catalog/computers_and_notebooks/parts/motherboards/ [] []
[2017-05-08 09:45:13] ParseIt.INFO: New - 0, update - 0, from - https://www.citilink.ru/catalog/computers_and_notebooks/parts/motherboards/ [] []
[2017-05-08 09:45:13] ParseIt.INFO: Parsing source - https://www.citilink.ru/catalog/computers_and_notebooks/parts/memory/ [] []
[2017-05-08 09:45:13] ParseIt.INFO: New - 0, update - 0, from - https://www.citilink.ru/catalog/computers_and_notebooks/parts/memory/ [] []
[2017-05-08 09:45:13] ParseIt.INFO: Parsing source - https://www.citilink.ru/catalog/computers_and_notebooks/parts/videocards/ [] []
[2017-05-08 09:45:13] ParseIt.INFO: New - 0, update - 0, from - https://www.citilink.ru/catalog/computers_and_notebooks/parts/videocards/ [] []
[2017-05-08 09:45:13] ParseIt.INFO: Parsing source - https://www.citilink.ru/catalog/computers_and_notebooks/parts/powersupply/ [] []
[2017-05-08 09:45:13] ParseIt.INFO: New - 0, update - 0, from - https://www.citilink.ru/catalog/computers_and_notebooks/parts/powersupply/ [] []
[2017-05-08 09:45:13] ParseIt.INFO: Parsing source - https://www.citilink.ru/catalog/computers_and_notebooks/parts/cases/ [] []
[2017-05-08 09:45:13] ParseIt.INFO: New - 0, update - 0, from - https://www.citilink.ru/catalog/computers_and_notebooks/parts/cases/ [] []
[2017-05-08 09:45:13] ParseIt.INFO: Parsing source - https://www.citilink.ru/catalog/computers_and_notebooks/parts/soundcards/ [] []
[2017-05-08 09:45:23] ParseIt.INFO: New - 0, update - 0, from - https://www.citilink.ru/catalog/computers_and_notebooks/parts/soundcards/ [] []
[2017-05-08 09:45:23] ParseIt.INFO: Parsing source - https://www.citilink.ru/catalog/computers_and_notebooks/parts/odds/ [] []
[2017-05-08 09:45:23] ParseIt.INFO: New - 0, update - 0, from - https://www.citilink.ru/catalog/computers_and_notebooks/parts/odds/ [] []
[2017-05-08 09:45:23] ParseIt.INFO: Parsing source - https://www.citilink.ru/catalog/computers_and_notebooks/monitors/ACER/ [] []
[2017-05-08 09:45:23] ParseIt.INFO: New - 0, update - 0, from - https://www.citilink.ru/catalog/computers_and_notebooks/monitors/ACER/ [] []
[2017-05-08 09:45:23] ParseIt.INFO: Parsing source - https://www.citilink.ru/catalog/computers_and_notebooks/monitors/AOC/ [] []
[2017-05-08 09:45:23] ParseIt.INFO: New - 0, update - 0, from - https://www.citilink.ru/catalog/computers_and_notebooks/monitors/AOC/ [] []
[2017-05-08 09:45:23] ParseIt.INFO: Parsing source - https://www.citilink.ru/catalog/computers_and_notebooks/monitors/ASUS/ [] []
[2017-05-08 09:45:23] ParseIt.INFO: New - 0, update - 0, from - https://www.citilink.ru/catalog/computers_and_notebooks/monitors/ASUS/ [] []
[2017-05-08 09:45:23] ParseIt.INFO: Parsing source - https://www.citilink.ru/catalog/computers_and_notebooks/monitors/BENQ/ [] []
[2017-05-08 09:45:23] ParseIt.INFO: New - 0, update - 0, from - https://www.citilink.ru/catalog/computers_and_notebooks/monitors/BENQ/ [] []
[2017-05-08 09:45:23] ParseIt.INFO: Parsing source - https://www.citilink.ru/catalog/computers_and_notebooks/monitors/DELL/ [] []
[2017-05-08 09:45:23] ParseIt.INFO: New - 0, update - 0, from - https://www.citilink.ru/catalog/computers_and_notebooks/monitors/DELL/ [] []
[2017-05-08 09:45:23] ParseIt.INFO: Parsing source - https://www.citilink.ru/catalog/computers_and_notebooks/monitors/HP/ [] []
[2017-05-08 09:45:23] ParseIt.INFO: New - 0, update - 0, from - https://www.citilink.ru/catalog/computers_and_notebooks/monitors/HP/ [] []
[2017-05-08 09:45:23] ParseIt.INFO: Parsing source - https://www.citilink.ru/catalog/computers_and_notebooks/monitors/IIYAMA/ [] []
[2017-05-08 09:45:23] ParseIt.INFO: New - 0, update - 0, from - https://www.citilink.ru/catalog/computers_and_notebooks/monitors/IIYAMA/ [] []
[2017-05-08 09:45:23] ParseIt.INFO: Parsing source - https://www.citilink.ru/catalog/computers_and_notebooks/monitors/LENOVO/ [] []
[2017-05-08 09:45:23] ParseIt.INFO: New - 0, update - 0, from - https://www.citilink.ru/catalog/computers_and_notebooks/monitors/LENOVO/ [] []
[2017-05-08 09:45:23] ParseIt.INFO: Parsing source - https://www.citilink.ru/catalog/computers_and_notebooks/monitors/LG/ [] []
[2017-05-08 09:45:23] ParseIt.INFO: New - 0, update - 0, from - https://www.citilink.ru/catalog/computers_and_notebooks/monitors/LG/ [] []
[2017-05-08 09:45:23] ParseIt.INFO: Parsing source - https://www.citilink.ru/catalog/computers_and_notebooks/monitors/PHILIPS/ [] []
[2017-05-08 09:45:23] ParseIt.INFO: New - 0, update - 0, from - https://www.citilink.ru/catalog/computers_and_notebooks/monitors/PHILIPS/ [] []
[2017-05-08 09:45:23] ParseIt.INFO: Parsing source - https://www.citilink.ru/catalog/computers_and_notebooks/monitors/SAMSUNG/ [] []
[2017-05-08 09:45:23] ParseIt.INFO: New - 0, update - 0, from - https://www.citilink.ru/catalog/computers_and_notebooks/monitors/SAMSUNG/ [] []
[2017-05-08 09:45:23] ParseIt.INFO: Parsing source - https://www.citilink.ru/catalog/computers_and_notebooks/monitors/VIEWSONIC/ [] []
[2017-05-08 09:45:23] ParseIt.INFO: New - 0, update - 0, from - https://www.citilink.ru/catalog/computers_and_notebooks/monitors/VIEWSONIC/ [] []
[2017-05-08 09:45:23] ParseIt.INFO: Parsing source - https://www.citilink.ru/catalog/audio_and_digits/tv/BBK/ [] []
[2017-05-08 09:45:23] ParseIt.INFO: New - 0, update - 0, from - https://www.citilink.ru/catalog/audio_and_digits/tv/BBK/ [] []
[2017-05-08 09:45:23] ParseIt.INFO: Parsing source - https://www.citilink.ru/catalog/audio_and_digits/tv/FUSION/ [] []
[2017-05-08 09:45:23] ParseIt.INFO: New - 0, update - 0, from - https://www.citilink.ru/catalog/audio_and_digits/tv/FUSION/ [] []
[2017-05-08 09:45:23] ParseIt.INFO: Parsing source - https://www.citilink.ru/catalog/audio_and_digits/tv/JVC/ [] []
[2017-05-08 09:45:23] ParseIt.INFO: New - 0, update - 0, from - https://www.citilink.ru/catalog/audio_and_digits/tv/JVC/ [] []
[2017-05-08 09:45:23] ParseIt.INFO: Parsing source - https://www.citilink.ru/catalog/audio_and_digits/tv/LG/ [] []
[2017-05-08 09:45:23] ParseIt.INFO: New - 0, update - 0, from - https://www.citilink.ru/catalog/audio_and_digits/tv/LG/ [] []
[2017-05-08 09:45:23] ParseIt.INFO: Parsing source - https://www.citilink.ru/catalog/audio_and_digits/tv/MYSTERY/ [] []
[2017-05-08 09:45:23] ParseIt.INFO: New - 0, update - 0, from - https://www.citilink.ru/catalog/audio_and_digits/tv/MYSTERY/ [] []
[2017-05-08 09:45:23] ParseIt.INFO: Parsing source - https://www.citilink.ru/catalog/audio_and_digits/tv/PHILIPS/ [] []
[2017-05-08 09:45:23] ParseIt.INFO: New - 0, update - 0, from - https://www.citilink.ru/catalog/audio_and_digits/tv/PHILIPS/ [] []
[2017-05-08 09:45:23] ParseIt.INFO: Parsing source - https://www.citilink.ru/catalog/audio_and_digits/tv/SAMSUNG/ [] []
[2017-05-08 09:45:23] ParseIt.INFO: New - 0, update - 0, from - https://www.citilink.ru/catalog/audio_and_digits/tv/SAMSUNG/ [] []
[2017-05-08 09:45:23] ParseIt.INFO: Parsing source - https://www.citilink.ru/catalog/audio_and_digits/tv/SONY/ [] []
[2017-05-08 09:45:23] ParseIt.INFO: New - 0, update - 0, from - https://www.citilink.ru/catalog/audio_and_digits/tv/SONY/ [] []
[2017-05-08 09:45:23] ParseIt.INFO: Parsing source - https://www.citilink.ru/catalog/audio_and_digits/tv/SUPRA/ [] []
[2017-05-08 09:45:23] ParseIt.INFO: New - 0, update - 0, from - https://www.citilink.ru/catalog/audio_and_digits/tv/SUPRA/ [] []
[2017-05-08 09:45:23] ParseIt.INFO: Parsing source - https://www.citilink.ru/catalog/audio_and_digits/tv/TCL/ [] []
[2017-05-08 09:45:23] ParseIt.INFO: New - 0, update - 0, from - https://www.citilink.ru/catalog/audio_and_digits/tv/TCL/ [] []
[2017-05-08 09:45:23] ParseIt.INFO: Parsing source - https://www.citilink.ru/catalog/audio_and_digits/tv/TELEFUNKEN/ [] []
[2017-05-08 09:45:23] ParseIt.INFO: New - 0, update - 0, from - https://www.citilink.ru/catalog/audio_and_digits/tv/TELEFUNKEN/ [] []
[2017-05-08 09:45:23] ParseIt.INFO: Parsing source - https://www.citilink.ru/catalog/large_and_small_appliances/small_appliances/multi_cookers/ [] []
[2017-05-08 09:45:23] ParseIt.INFO: New - 0, update - 0, from - https://www.citilink.ru/catalog/large_and_small_appliances/small_appliances/multi_cookers/ [] []
[2017-05-08 09:45:23] ParseIt.INFO: Parsing source - https://www.citilink.ru/catalog/large_and_small_appliances/small_appliances/ovens/ [] []
[2017-05-08 09:45:23] ParseIt.INFO: New - 0, update - 0, from - https://www.citilink.ru/catalog/large_and_small_appliances/small_appliances/ovens/ [] []
[2017-05-08 09:45:23] ParseIt.INFO: Parsing source - https://www.citilink.ru/catalog/large_and_small_appliances/small_appliances/kitchen_machines/ [] []
[2017-05-08 09:45:23] ParseIt.INFO: New - 0, update - 0, from - https://www.citilink.ru/catalog/large_and_small_appliances/small_appliances/kitchen_machines/ [] []
[2017-05-08 09:45:23] ParseIt.INFO: Parsing source - https://www.citilink.ru/catalog/large_and_small_appliances/small_appliances/kettles/ [] []
[2017-05-08 09:45:23] ParseIt.INFO: New - 0, update - 0, from - https://www.citilink.ru/catalog/large_and_small_appliances/small_appliances/kettles/ [] []
[2017-05-08 09:45:23] ParseIt.INFO: Parsing source - https://www.citilink.ru/catalog/large_and_small_appliances/small_appliances/thermo_pots/ [] []
[2017-05-08 09:45:23] ParseIt.INFO: New - 0, update - 0, from - https://www.citilink.ru/catalog/large_and_small_appliances/small_appliances/thermo_pots/ [] []
[2017-05-08 09:45:23] ParseIt.INFO: Parsing source - https://www.citilink.ru/catalog/large_and_small_appliances/small_appliances/double_boilers/ [] []
[2017-05-08 09:45:23] ParseIt.INFO: New - 0, update - 0, from - https://www.citilink.ru/catalog/large_and_small_appliances/small_appliances/double_boilers/ [] []
[2017-05-08 09:45:23] ParseIt.INFO: Parsing source - https://www.citilink.ru/catalog/large_and_small_appliances/small_appliances/convection_ovens/ [] []
[2017-05-08 09:45:23] ParseIt.INFO: New - 0, update - 0, from - https://www.citilink.ru/catalog/large_and_small_appliances/small_appliances/convection_ovens/ [] []
[2017-05-08 09:45:23] ParseIt.INFO: Parsing source - https://www.citilink.ru/catalog/large_and_small_appliances/small_appliances/elektrogrili/ [] []
[2017-05-08 09:45:23] ParseIt.INFO: New - 0, update - 0, from - https://www.citilink.ru/catalog/large_and_small_appliances/small_appliances/elektrogrili/ [] []
[2017-05-08 09:45:23] ParseIt.INFO: Parsing source - https://www.citilink.ru/catalog/large_and_small_appliances/small_appliances/blenders/ [] []
[2017-05-08 09:45:23] ParseIt.INFO: New - 0, update - 0, from - https://www.citilink.ru/catalog/large_and_small_appliances/small_appliances/blenders/ [] []
[2017-05-08 09:45:23] ParseIt.INFO: Parsing source - https://www.citilink.ru/catalog/large_and_small_appliances/small_appliances/mixers/ [] []
[2017-05-08 09:45:23] ParseIt.INFO: New - 0, update - 0, from - https://www.citilink.ru/catalog/large_and_small_appliances/small_appliances/mixers/ [] []
[2017-05-08 09:45:23] ParseIt.INFO: Parsing source - https://www.citilink.ru/catalog/large_and_small_appliances/small_appliances/meat_grinders/ [] []
[2017-05-08 09:45:23] ParseIt.INFO: New - 0, update - 0, from - https://www.citilink.ru/catalog/large_and_small_appliances/small_appliances/meat_grinders/ [] []
[2017-05-08 09:45:23] ParseIt.INFO: Parsing source - https://www.citilink.ru/catalog/large_and_small_appliances/small_appliances/juicers/ [] []
[2017-05-08 09:45:23] ParseIt.INFO: New - 0, update - 0, from - https://www.citilink.ru/catalog/large_and_small_appliances/small_appliances/juicers/ [] []
[2017-05-08 09:45:23] ParseIt.INFO: Parsing source - https://www.citilink.ru/catalog/large_and_small_appliances/small_appliances/bread_makers/ [] []
[2017-05-08 09:45:23] ParseIt.INFO: New - 0, update - 0, from - https://www.citilink.ru/catalog/large_and_small_appliances/small_appliances/bread_makers/ [] []
[2017-05-08 09:45:23] ParseIt.INFO: Parsing source - https://www.citilink.ru/catalog/large_and_small_appliances/small_appliances/toasters/ [] []
[2017-05-08 09:45:23] ParseIt.INFO: New - 0, update - 0, from - https://www.citilink.ru/catalog/large_and_small_appliances/small_appliances/toasters/ [] []
[2017-05-08 09:45:24] ParseIt.INFO: Parsing source - https://www.citilink.ru/catalog/large_and_small_appliances/small_appliances/vafelnicy/ [] []
[2017-05-08 09:45:24] ParseIt.INFO: New - 0, update - 0, from - https://www.citilink.ru/catalog/large_and_small_appliances/small_appliances/vafelnicy/ [] []
[2017-05-08 09:45:24] ParseIt.INFO: Parsing source - https://www.citilink.ru/catalog/large_and_small_appliances/small_appliances/electric_ovens/ [] []
[2017-05-08 09:45:24] ParseIt.INFO: New - 0, update - 0, from - https://www.citilink.ru/catalog/large_and_small_appliances/small_appliances/electric_ovens/ [] []
[2017-05-08 09:45:24] ParseIt.INFO: Parsing source - https://www.citilink.ru/catalog/large_and_small_appliances/small_appliances/deep_fryers/ [] []
[2017-05-08 09:45:27] ParseIt.INFO: New - 0, update - 0, from - https://www.citilink.ru/catalog/large_and_small_appliances/small_appliances/deep_fryers/ [] []
[2017-05-08 09:45:27] ParseIt.INFO: Parsing source - https://www.citilink.ru/catalog/large_and_small_appliances/small_appliances/yogurt_makers/ [] []
[2017-05-08 09:45:27] ParseIt.INFO: New - 0, update - 0, from - https://www.citilink.ru/catalog/large_and_small_appliances/small_appliances/yogurt_makers/ [] []
[2017-05-08 09:45:27] ParseIt.INFO: Parsing source - https://www.citilink.ru/catalog/large_and_small_appliances/small_appliances/pancake_makers/ [] []
[2017-05-08 09:45:27] ParseIt.INFO: New - 0, update - 0, from - https://www.citilink.ru/catalog/large_and_small_appliances/small_appliances/pancake_makers/ [] []
[2017-05-08 09:45:27] ParseIt.INFO: Parsing source - https://www.citilink.ru/catalog/large_and_small_appliances/small_appliances/kitchen_scales/ [] []
[2017-05-08 09:45:27] ParseIt.INFO: New - 0, update - 0, from - https://www.citilink.ru/catalog/large_and_small_appliances/small_appliances/kitchen_scales/ [] []
[2017-05-08 09:45:27] ParseIt.INFO: Parsing source - https://www.citilink.ru/catalog/large_and_small_appliances/small_appliances/thermos/ [] []
[2017-05-08 09:45:27] ParseIt.INFO: New - 0, update - 0, from - https://www.citilink.ru/catalog/large_and_small_appliances/small_appliances/thermos/ [] []
[2017-05-08 09:45:27] ParseIt.INFO: Parsing source - https://www.citilink.ru/catalog/large_and_small_appliances/small_appliances/izmelchiteli/ [] []
[2017-05-08 09:45:27] ParseIt.INFO: New - 0, update - 0, from - https://www.citilink.ru/catalog/large_and_small_appliances/small_appliances/izmelchiteli/ [] []
[2017-05-08 09:45:27] ParseIt.INFO: Parsing source - https://www.citilink.ru/catalog/large_and_small_appliances/small_appliances/distillyatory/ [] []
[2017-05-08 09:45:27] ParseIt.INFO: New - 0, update - 0, from - https://www.citilink.ru/catalog/large_and_small_appliances/small_appliances/distillyatory/ [] []
[2017-05-08 09:49:55] ParseIt.INFO: Parsing source - https://www.citilink.ru/catalog/mobile/notebooks/ACER/ [] []
[2017-05-08 09:49:55] ParseIt.INFO: New - 0, update - 0, from - https://www.citilink.ru/catalog/mobile/notebooks/ACER/ [] []
[2017-05-08 09:49:55] ParseIt.INFO: Parsing source - https://www.citilink.ru/catalog/mobile/notebooks/APPLE/ [] []
[2017-05-08 09:49:55] ParseIt.INFO: New - 0, update - 0, from - https://www.citilink.ru/catalog/mobile/notebooks/APPLE/ [] []
[2017-05-08 09:49:55] ParseIt.INFO: Parsing source - https://www.citilink.ru/catalog/mobile/notebooks/ASUS/ [] []
[2017-05-08 09:49:55] ParseIt.INFO: New - 0, update - 0, from - https://www.citilink.ru/catalog/mobile/notebooks/ASUS/ [] []
[2017-05-08 09:49:55] ParseIt.INFO: Parsing source - https://www.citilink.ru/catalog/mobile/notebooks/DELL/ [] []
[2017-05-08 09:49:55] ParseIt.INFO: New - 0, update - 0, from - https://www.citilink.ru/catalog/mobile/notebooks/DELL/ [] []
[2017-05-08 09:49:55] ParseIt.INFO: Parsing source - https://www.citilink.ru/catalog/mobile/notebooks/HP/ [] []
[2017-05-08 09:49:55] ParseIt.INFO: New - 0, update - 0, from - https://www.citilink.ru/catalog/mobile/notebooks/HP/ [] []
[2017-05-08 09:49:55] ParseIt.INFO: Parsing source - https://www.citilink.ru/catalog/mobile/notebooks/LENOVO/ [] []
[2017-05-08 09:49:55] ParseIt.INFO: New - 0, update - 0, from - https://www.citilink.ru/catalog/mobile/notebooks/LENOVO/ [] []
[2017-05-08 09:49:55] ParseIt.INFO: Parsing source - https://www.citilink.ru/catalog/mobile/notebooks/MSI/ [] []
[2017-05-08 09:49:55] ParseIt.INFO: New - 0, update - 0, from - https://www.citilink.ru/catalog/mobile/notebooks/MSI/ [] []
[2017-05-08 09:49:55] ParseIt.INFO: Parsing source - https://www.citilink.ru/catalog/mobile/ultrabuki/ACER/ [] []
[2017-05-08 09:49:55] ParseIt.INFO: New - 0, update - 0, from - https://www.citilink.ru/catalog/mobile/ultrabuki/ACER/ [] []
[2017-05-08 09:49:55] ParseIt.INFO: Parsing source - https://www.citilink.ru/catalog/mobile/ultrabuki/DELL/ [] []
[2017-05-08 09:49:55] ParseIt.INFO: New - 0, update - 0, from - https://www.citilink.ru/catalog/mobile/ultrabuki/DELL/ [] []
[2017-05-08 09:49:55] ParseIt.INFO: Parsing source - https://www.citilink.ru/catalog/mobile/ultrabuki/LENOVO/ [] []
[2017-05-08 09:49:55] ParseIt.INFO: New - 0, update - 0, from - https://www.citilink.ru/catalog/mobile/ultrabuki/LENOVO/ [] []
[2017-05-08 09:49:55] ParseIt.INFO: Parsing source - https://www.citilink.ru/catalog/mobile/noutbuki_transformery/ACER/ [] []
[2017-05-08 09:49:55] ParseIt.INFO: New - 0, update - 0, from - https://www.citilink.ru/catalog/mobile/noutbuki_transformery/ACER/ [] []
[2017-05-08 09:49:55] ParseIt.INFO: Parsing source - https://www.citilink.ru/catalog/mobile/noutbuki_transformery/ASUS/ [] []
[2017-05-08 09:49:55] ParseIt.INFO: New - 0, update - 0, from - https://www.citilink.ru/catalog/mobile/noutbuki_transformery/ASUS/ [] []
[2017-05-08 09:49:55] ParseIt.INFO: Parsing source - https://www.citilink.ru/catalog/mobile/noutbuki_transformery/DELL/ [] []
[2017-05-08 09:49:55] ParseIt.INFO: New - 0, update - 0, from - https://www.citilink.ru/catalog/mobile/noutbuki_transformery/DELL/ [] []
[2017-05-08 09:49:55] ParseIt.INFO: Parsing source - https://www.citilink.ru/catalog/mobile/noutbuki_transformery/HP/ [] []
[2017-05-08 09:49:55] ParseIt.INFO: New - 0, update - 0, from - https://www.citilink.ru/catalog/mobile/noutbuki_transformery/HP/ [] []
[2017-05-08 09:49:55] ParseIt.INFO: Parsing source - https://www.citilink.ru/catalog/mobile/noutbuki_transformery/LENOVO/ [] []
[2017-05-08 09:49:55] ParseIt.INFO: New - 0, update - 0, from - https://www.citilink.ru/catalog/mobile/noutbuki_transformery/LENOVO/ [] []
[2017-05-08 09:49:55] ParseIt.INFO: Parsing source - https://www.citilink.ru/catalog/mobile/note_aks/note_bags/ [] []
[2017-05-08 09:49:55] ParseIt.INFO: New - 0, update - 0, from - https://www.citilink.ru/catalog/mobile/note_aks/note_bags/ [] []
[2017-05-08 09:49:55] ParseIt.INFO: Parsing source - https://www.citilink.ru/catalog/mobile/note_aks/rukzaki_dlya_noutbukov/ [] []
[2017-05-08 09:49:55] ParseIt.INFO: New - 0, update - 0, from - https://www.citilink.ru/catalog/mobile/note_aks/rukzaki_dlya_noutbukov/ [] []
[2017-05-08 09:49:55] ParseIt.INFO: Parsing source - https://www.citilink.ru/catalog/mobile/note_aks/chehly_dlya_noutbukov/ [] []
[2017-05-08 09:49:55] ParseIt.INFO: New - 0, update - 0, from - https://www.citilink.ru/catalog/mobile/note_aks/chehly_dlya_noutbukov/ [] []
[2017-05-08 09:49:55] ParseIt.INFO: Parsing source - https://www.citilink.ru/catalog/mobile/note_aks/note_powers/ [] []
[2017-05-08 09:49:55] ParseIt.INFO: New - 0, update - 0, from - https://www.citilink.ru/catalog/mobile/note_aks/note_powers/ [] []
[2017-05-08 09:49:55] ParseIt.INFO: Parsing source - https://www.citilink.ru/catalog/mobile/note_aks/note_docks/ [] []
[2017-05-08 09:49:55] ParseIt.INFO: New - 0, update - 0, from - https://www.citilink.ru/catalog/mobile/note_aks/note_docks/ [] []
[2017-05-08 09:49:55] ParseIt.INFO: Parsing source - https://www.citilink.ru/catalog/mobile/note_aks/podstavki_dlya_noutbukov/ [] []
[2017-05-08 09:49:56] ParseIt.INFO: New - 0, update - 0, from - https://www.citilink.ru/catalog/mobile/note_aks/podstavki_dlya_noutbukov/ [] []
[2017-05-08 09:49:56] ParseIt.INFO: Parsing source - https://www.citilink.ru/catalog/computers_and_notebooks/computers/ACER/ [] []
[2017-05-08 09:49:56] ParseIt.INFO: New - 0, update - 0, from - https://www.citilink.ru/catalog/computers_and_notebooks/computers/ACER/ [] []
[2017-05-08 09:49:56] ParseIt.INFO: Parsing source - https://www.citilink.ru/catalog/computers_and_notebooks/computers/ASUS/ [] []
[2017-05-08 09:49:56] ParseIt.INFO: New - 0, update - 0, from - https://www.citilink.ru/catalog/computers_and_notebooks/computers/ASUS/ [] []
[2017-05-08 09:49:56] ParseIt.INFO: Parsing source - https://www.citilink.ru/catalog/computers_and_notebooks/computers/DELL/ [] []
[2017-05-08 09:49:56] ParseIt.INFO: New - 0, update - 0, from - https://www.citilink.ru/catalog/computers_and_notebooks/computers/DELL/ [] []
[2017-05-08 09:49:56] ParseIt.INFO: Parsing source - https://www.citilink.ru/catalog/computers_and_notebooks/computers/HP/ [] []
[2017-05-08 09:49:56] ParseIt.INFO: New - 0, update - 0, from - https://www.citilink.ru/catalog/computers_and_notebooks/computers/HP/ [] []
[2017-05-08 09:49:56] ParseIt.INFO: Parsing source - https://www.citilink.ru/catalog/computers_and_notebooks/computers/IRU/ [] []
[2017-05-08 09:49:56] ParseIt.INFO: New - 0, update - 0, from - https://www.citilink.ru/catalog/computers_and_notebooks/computers/IRU/ [] []
[2017-05-08 09:49:56] ParseIt.INFO: Parsing source - https://www.citilink.ru/catalog/computers_and_notebooks/computers/LENOVO/ [] []
[2017-05-08 09:49:56] ParseIt.INFO: New - 0, update - 0, from - https://www.citilink.ru/catalog/computers_and_notebooks/computers/LENOVO/ [] []
[2017-05-08 09:49:56] ParseIt.INFO: Parsing source - https://www.citilink.ru/catalog/computers_and_notebooks/computers/MSI/ [] []
[2017-05-08 09:49:56] ParseIt.INFO: New - 0, update - 0, from - https://www.citilink.ru/catalog/computers_and_notebooks/computers/MSI/ [] []
[2017-05-08 09:49:56] ParseIt.INFO: Parsing source - https://www.citilink.ru/catalog/computers_and_notebooks/hdd/hdd_in/ [] []
[2017-05-08 09:49:56] ParseIt.INFO: New - 0, update - 0, from - https://www.citilink.ru/catalog/computers_and_notebooks/hdd/hdd_in/ [] []
[2017-05-08 09:49:56] ParseIt.INFO: Parsing source - https://www.citilink.ru/catalog/computers_and_notebooks/hdd/ssd_in/ [] []
[2017-05-08 09:49:56] ParseIt.INFO: New - 0, update - 0, from - https://www.citilink.ru/catalog/computers_and_notebooks/hdd/ssd_in/ [] []
[2017-05-08 09:49:56] ParseIt.INFO: Parsing source - https://www.citilink.ru/catalog/computers_and_notebooks/parts/cpu/ [] []
[2017-05-08 09:49:56] ParseIt.INFO: New - 0, update - 0, from - https://www.citilink.ru/catalog/computers_and_notebooks/parts/cpu/ [] []
[2017-05-08 09:49:56] ParseIt.INFO: Parsing source - https://www.citilink.ru/catalog/computers_and_notebooks/parts/coolers/ [] []
[2017-05-08 09:49:56] ParseIt.INFO: New - 0, update - 0, from - https://www.citilink.ru/catalog/computers_and_notebooks/parts/coolers/ [] []
[2017-05-08 09:49:56] ParseIt.INFO: Parsing source - https://www.citilink.ru/catalog/computers_and_notebooks/parts/motherboards/ [] []
[2017-05-08 09:49:57] ParseIt.INFO: New - 0, update - 0, from - https://www.citilink.ru/catalog/computers_and_notebooks/parts/motherboards/ [] []
[2017-05-08 09:49:57] ParseIt.INFO: Parsing source - https://www.citilink.ru/catalog/computers_and_notebooks/parts/memory/ [] []
[2017-05-08 09:49:57] ParseIt.INFO: New - 0, update - 0, from - https://www.citilink.ru/catalog/computers_and_notebooks/parts/memory/ [] []
[2017-05-08 09:49:57] ParseIt.INFO: Parsing source - https://www.citilink.ru/catalog/computers_and_notebooks/parts/videocards/ [] []
[2017-05-08 09:49:57] ParseIt.INFO: New - 0, update - 0, from - https://www.citilink.ru/catalog/computers_and_notebooks/parts/videocards/ [] []
[2017-05-08 09:49:57] ParseIt.INFO: Parsing source - https://www.citilink.ru/catalog/computers_and_notebooks/parts/powersupply/ [] []
[2017-05-08 09:49:57] ParseIt.INFO: New - 0, update - 0, from - https://www.citilink.ru/catalog/computers_and_notebooks/parts/powersupply/ [] []
[2017-05-08 09:49:57] ParseIt.INFO: Parsing source - https://www.citilink.ru/catalog/computers_and_notebooks/parts/cases/ [] []
[2017-05-08 09:49:57] ParseIt.INFO: New - 0, update - 0, from - https://www.citilink.ru/catalog/computers_and_notebooks/parts/cases/ [] []
[2017-05-08 09:49:57] ParseIt.INFO: Parsing source - https://www.citilink.ru/catalog/computers_and_notebooks/parts/soundcards/ [] []
[2017-05-08 09:49:57] ParseIt.INFO: New - 0, update - 0, from - https://www.citilink.ru/catalog/computers_and_notebooks/parts/soundcards/ [] []
[2017-05-08 09:49:57] ParseIt.INFO: Parsing source - https://www.citilink.ru/catalog/computers_and_notebooks/parts/odds/ [] []
[2017-05-08 09:49:57] ParseIt.INFO: New - 0, update - 0, from - https://www.citilink.ru/catalog/computers_and_notebooks/parts/odds/ [] []
[2017-05-08 09:49:57] ParseIt.INFO: Parsing source - https://www.citilink.ru/catalog/computers_and_notebooks/monitors/ACER/ [] []
[2017-05-08 09:49:57] ParseIt.INFO: New - 0, update - 0, from - https://www.citilink.ru/catalog/computers_and_notebooks/monitors/ACER/ [] []
[2017-05-08 09:49:57] ParseIt.INFO: Parsing source - https://www.citilink.ru/catalog/computers_and_notebooks/monitors/AOC/ [] []
[2017-05-08 09:49:57] ParseIt.INFO: New - 0, update - 0, from - https://www.citilink.ru/catalog/computers_and_notebooks/monitors/AOC/ [] []
[2017-05-08 09:49:57] ParseIt.INFO: Parsing source - https://www.citilink.ru/catalog/computers_and_notebooks/monitors/ASUS/ [] []
[2017-05-08 09:49:57] ParseIt.INFO: New - 0, update - 0, from - https://www.citilink.ru/catalog/computers_and_notebooks/monitors/ASUS/ [] []
[2017-05-08 09:49:57] ParseIt.INFO: Parsing source - https://www.citilink.ru/catalog/computers_and_notebooks/monitors/BENQ/ [] []
[2017-05-08 09:49:57] ParseIt.INFO: New - 0, update - 0, from - https://www.citilink.ru/catalog/computers_and_notebooks/monitors/BENQ/ [] []
[2017-05-08 09:49:57] ParseIt.INFO: Parsing source - https://www.citilink.ru/catalog/computers_and_notebooks/monitors/DELL/ [] []
[2017-05-08 09:49:57] ParseIt.INFO: New - 0, update - 0, from - https://www.citilink.ru/catalog/computers_and_notebooks/monitors/DELL/ [] []
[2017-05-08 09:49:57] ParseIt.INFO: Parsing source - https://www.citilink.ru/catalog/computers_and_notebooks/monitors/HP/ [] []
[2017-05-08 09:49:57] ParseIt.INFO: New - 0, update - 0, from - https://www.citilink.ru/catalog/computers_and_notebooks/monitors/HP/ [] []
[2017-05-08 09:49:57] ParseIt.INFO: Parsing source - https://www.citilink.ru/catalog/computers_and_notebooks/monitors/IIYAMA/ [] []
[2017-05-08 09:49:57] ParseIt.INFO: New - 0, update - 0, from - https://www.citilink.ru/catalog/computers_and_notebooks/monitors/IIYAMA/ [] []
[2017-05-08 09:49:57] ParseIt.INFO: Parsing source - https://www.citilink.ru/catalog/computers_and_notebooks/monitors/LENOVO/ [] []
[2017-05-08 09:49:57] ParseIt.INFO: New - 0, update - 0, from - https://www.citilink.ru/catalog/computers_and_notebooks/monitors/LENOVO/ [] []
[2017-05-08 09:49:57] ParseIt.INFO: Parsing source - https://www.citilink.ru/catalog/computers_and_notebooks/monitors/LG/ [] []
[2017-05-08 09:49:57] ParseIt.INFO: New - 0, update - 0, from - https://www.citilink.ru/catalog/computers_and_notebooks/monitors/LG/ [] []
[2017-05-08 09:49:57] ParseIt.INFO: Parsing source - https://www.citilink.ru/catalog/computers_and_notebooks/monitors/PHILIPS/ [] []
[2017-05-08 09:49:57] ParseIt.INFO: New - 0, update - 0, from - https://www.citilink.ru/catalog/computers_and_notebooks/monitors/PHILIPS/ [] []
[2017-05-08 09:49:57] ParseIt.INFO: Parsing source - https://www.citilink.ru/catalog/computers_and_notebooks/monitors/SAMSUNG/ [] []
[2017-05-08 09:49:57] ParseIt.INFO: New - 0, update - 0, from - https://www.citilink.ru/catalog/computers_and_notebooks/monitors/SAMSUNG/ [] []
[2017-05-08 09:49:57] ParseIt.INFO: Parsing source - https://www.citilink.ru/catalog/computers_and_notebooks/monitors/VIEWSONIC/ [] []
[2017-05-08 09:49:57] ParseIt.INFO: New - 0, update - 0, from - https://www.citilink.ru/catalog/computers_and_notebooks/monitors/VIEWSONIC/ [] []
[2017-05-08 09:49:57] ParseIt.INFO: Parsing source - https://www.citilink.ru/catalog/audio_and_digits/tv/BBK/ [] []
[2017-05-08 09:49:57] ParseIt.INFO: New - 0, update - 0, from - https://www.citilink.ru/catalog/audio_and_digits/tv/BBK/ [] []
[2017-05-08 09:49:57] ParseIt.INFO: Parsing source - https://www.citilink.ru/catalog/audio_and_digits/tv/FUSION/ [] []
[2017-05-08 09:49:57] ParseIt.INFO: New - 0, update - 0, from - https://www.citilink.ru/catalog/audio_and_digits/tv/FUSION/ [] []
[2017-05-08 09:49:57] ParseIt.INFO: Parsing source - https://www.citilink.ru/catalog/audio_and_digits/tv/JVC/ [] []
[2017-05-08 09:49:57] ParseIt.INFO: New - 0, update - 0, from - https://www.citilink.ru/catalog/audio_and_digits/tv/JVC/ [] []
[2017-05-08 09:49:57] ParseIt.INFO: Parsing source - https://www.citilink.ru/catalog/audio_and_digits/tv/LG/ [] []
[2017-05-08 09:49:57] ParseIt.INFO: New - 0, update - 0, from - https://www.citilink.ru/catalog/audio_and_digits/tv/LG/ [] []
[2017-05-08 09:49:57] ParseIt.INFO: Parsing source - https://www.citilink.ru/catalog/audio_and_digits/tv/MYSTERY/ [] []
[2017-05-08 09:49:57] ParseIt.INFO: New - 0, update - 0, from - https://www.citilink.ru/catalog/audio_and_digits/tv/MYSTERY/ [] []
[2017-05-08 09:49:57] ParseIt.INFO: Parsing source - https://www.citilink.ru/catalog/audio_and_digits/tv/PHILIPS/ [] []
[2017-05-08 09:49:57] ParseIt.INFO: New - 0, update - 0, from - https://www.citilink.ru/catalog/audio_and_digits/tv/PHILIPS/ [] []
[2017-05-08 09:49:57] ParseIt.INFO: Parsing source - https://www.citilink.ru/catalog/audio_and_digits/tv/SAMSUNG/ [] []
[2017-05-08 09:49:57] ParseIt.INFO: New - 0, update - 0, from - https://www.citilink.ru/catalog/audio_and_digits/tv/SAMSUNG/ [] []
[2017-05-08 09:49:57] ParseIt.INFO: Parsing source - https://www.citilink.ru/catalog/audio_and_digits/tv/SONY/ [] []
[2017-05-08 09:49:57] ParseIt.INFO: New - 0, update - 0, from - https://www.citilink.ru/catalog/audio_and_digits/tv/SONY/ [] []
[2017-05-08 09:49:57] ParseIt.INFO: Parsing source - https://www.citilink.ru/catalog/audio_and_digits/tv/SUPRA/ [] []
[2017-05-08 09:49:57] ParseIt.INFO: New - 0, update - 0, from - https://www.citilink.ru/catalog/audio_and_digits/tv/SUPRA/ [] []
[2017-05-08 09:49:57] ParseIt.INFO: Parsing source - https://www.citilink.ru/catalog/audio_and_digits/tv/TCL/ [] []
[2017-05-08 09:49:57] ParseIt.INFO: New - 0, update - 0, from - https://www.citilink.ru/catalog/audio_and_digits/tv/TCL/ [] []
[2017-05-08 09:49:57] ParseIt.INFO: Parsing source - https://www.citilink.ru/catalog/audio_and_digits/tv/TELEFUNKEN/ [] []
[2017-05-08 09:49:57] ParseIt.INFO: New - 0, update - 0, from - https://www.citilink.ru/catalog/audio_and_digits/tv/TELEFUNKEN/ [] []
[2017-05-08 09:49:57] ParseIt.INFO: Parsing source - https://www.citilink.ru/catalog/large_and_small_appliances/small_appliances/multi_cookers/ [] []
[2017-05-08 09:49:57] ParseIt.INFO: New - 0, update - 0, from - https://www.citilink.ru/catalog/large_and_small_appliances/small_appliances/multi_cookers/ [] []
[2017-05-08 09:49:57] ParseIt.INFO: Parsing source - https://www.citilink.ru/catalog/large_and_small_appliances/small_appliances/ovens/ [] []
[2017-05-08 09:49:57] ParseIt.INFO: New - 0, update - 0, from - https://www.citilink.ru/catalog/large_and_small_appliances/small_appliances/ovens/ [] []
[2017-05-08 09:49:57] ParseIt.INFO: Parsing source - https://www.citilink.ru/catalog/large_and_small_appliances/small_appliances/kitchen_machines/ [] []
[2017-05-08 09:49:57] ParseIt.INFO: New - 0, update - 0, from - https://www.citilink.ru/catalog/large_and_small_appliances/small_appliances/kitchen_machines/ [] []
[2017-05-08 09:49:57] ParseIt.INFO: Parsing source - https://www.citilink.ru/catalog/large_and_small_appliances/small_appliances/kettles/ [] []
[2017-05-08 09:49:57] ParseIt.INFO: New - 0, update - 0, from - https://www.citilink.ru/catalog/large_and_small_appliances/small_appliances/kettles/ [] []
[2017-05-08 09:49:57] ParseIt.INFO: Parsing source - https://www.citilink.ru/catalog/large_and_small_appliances/small_appliances/thermo_pots/ [] []
[2017-05-08 09:49:57] ParseIt.INFO: New - 0, update - 0, from - https://www.citilink.ru/catalog/large_and_small_appliances/small_appliances/thermo_pots/ [] []
[2017-05-08 09:49:57] ParseIt.INFO: Parsing source - https://www.citilink.ru/catalog/large_and_small_appliances/small_appliances/double_boilers/ [] []
[2017-05-08 09:49:57] ParseIt.INFO: New - 0, update - 0, from - https://www.citilink.ru/catalog/large_and_small_appliances/small_appliances/double_boilers/ [] []
[2017-05-08 09:49:57] ParseIt.INFO: Parsing source - https://www.citilink.ru/catalog/large_and_small_appliances/small_appliances/convection_ovens/ [] []
[2017-05-08 09:49:57] ParseIt.INFO: New - 0, update - 0, from - https://www.citilink.ru/catalog/large_and_small_appliances/small_appliances/convection_ovens/ [] []
[2017-05-08 09:49:57] ParseIt.INFO: Parsing source - https://www.citilink.ru/catalog/large_and_small_appliances/small_appliances/elektrogrili/ [] []
[2017-05-08 09:49:58] ParseIt.INFO: New - 0, update - 0, from - https://www.citilink.ru/catalog/large_and_small_appliances/small_appliances/elektrogrili/ [] []
[2017-05-08 09:49:58] ParseIt.INFO: Parsing source - https://www.citilink.ru/catalog/large_and_small_appliances/small_appliances/blenders/ [] []
[2017-05-08 09:49:58] ParseIt.INFO: New - 0, update - 0, from - https://www.citilink.ru/catalog/large_and_small_appliances/small_appliances/blenders/ [] []
[2017-05-08 09:49:58] ParseIt.INFO: Parsing source - https://www.citilink.ru/catalog/large_and_small_appliances/small_appliances/mixers/ [] []
[2017-05-08 09:49:58] ParseIt.INFO: New - 0, update - 0, from - https://www.citilink.ru/catalog/large_and_small_appliances/small_appliances/mixers/ [] []
[2017-05-08 09:49:58] ParseIt.INFO: Parsing source - https://www.citilink.ru/catalog/large_and_small_appliances/small_appliances/meat_grinders/ [] []
[2017-05-08 09:49:58] ParseIt.INFO: New - 0, update - 0, from - https://www.citilink.ru/catalog/large_and_small_appliances/small_appliances/meat_grinders/ [] []
[2017-05-08 09:49:58] ParseIt.INFO: Parsing source - https://www.citilink.ru/catalog/large_and_small_appliances/small_appliances/juicers/ [] []
[2017-05-08 09:49:58] ParseIt.INFO: New - 0, update - 0, from - https://www.citilink.ru/catalog/large_and_small_appliances/small_appliances/juicers/ [] []
[2017-05-08 09:49:58] ParseIt.INFO: Parsing source - https://www.citilink.ru/catalog/large_and_small_appliances/small_appliances/bread_makers/ [] []
[2017-05-08 09:49:58] ParseIt.INFO: New - 0, update - 0, from - https://www.citilink.ru/catalog/large_and_small_appliances/small_appliances/bread_makers/ [] []
[2017-05-08 09:49:58] ParseIt.INFO: Parsing source - https://www.citilink.ru/catalog/large_and_small_appliances/small_appliances/toasters/ [] []
[2017-05-08 09:49:58] ParseIt.INFO: New - 0, update - 0, from - https://www.citilink.ru/catalog/large_and_small_appliances/small_appliances/toasters/ [] []
[2017-05-08 09:49:58] ParseIt.INFO: Parsing source - https://www.citilink.ru/catalog/large_and_small_appliances/small_appliances/vafelnicy/ [] []
[2017-05-08 09:49:58] ParseIt.INFO: New - 0, update - 0, from - https://www.citilink.ru/catalog/large_and_small_appliances/small_appliances/vafelnicy/ [] []
[2017-05-08 09:49:58] ParseIt.INFO: Parsing source - https://www.citilink.ru/catalog/large_and_small_appliances/small_appliances/electric_ovens/ [] []
[2017-05-08 09:49:58] ParseIt.INFO: New - 0, update - 0, from - https://www.citilink.ru/catalog/large_and_small_appliances/small_appliances/electric_ovens/ [] []
[2017-05-08 09:49:58] ParseIt.INFO: Parsing source - https://www.citilink.ru/catalog/large_and_small_appliances/small_appliances/deep_fryers/ [] []
[2017-05-08 09:49:58] ParseIt.INFO: New - 0, update - 0, from - https://www.citilink.ru/catalog/large_and_small_appliances/small_appliances/deep_fryers/ [] []
[2017-05-08 09:49:58] ParseIt.INFO: Parsing source - https://www.citilink.ru/catalog/large_and_small_appliances/small_appliances/yogurt_makers/ [] []
[2017-05-08 09:49:58] ParseIt.INFO: New - 0, update - 0, from - https://www.citilink.ru/catalog/large_and_small_appliances/small_appliances/yogurt_makers/ [] []
[2017-05-08 09:49:58] ParseIt.INFO: Parsing source - https://www.citilink.ru/catalog/large_and_small_appliances/small_appliances/pancake_makers/ [] []
[2017-05-08 09:49:58] ParseIt.INFO: New - 0, update - 0, from - https://www.citilink.ru/catalog/large_and_small_appliances/small_appliances/pancake_makers/ [] []
[2017-05-08 09:49:58] ParseIt.INFO: Parsing source - https://www.citilink.ru/catalog/large_and_small_appliances/small_appliances/kitchen_scales/ [] []
[2017-05-08 09:49:58] ParseIt.INFO: New - 0, update - 0, from - https://www.citilink.ru/catalog/large_and_small_appliances/small_appliances/kitchen_scales/ [] []
[2017-05-08 09:49:58] ParseIt.INFO: Parsing source - https://www.citilink.ru/catalog/large_and_small_appliances/small_appliances/thermos/ [] []
[2017-05-08 09:49:58] ParseIt.INFO: New - 0, update - 0, from - https://www.citilink.ru/catalog/large_and_small_appliances/small_appliances/thermos/ [] []
[2017-05-08 09:49:58] ParseIt.INFO: Parsing source - https://www.citilink.ru/catalog/large_and_small_appliances/small_appliances/izmelchiteli/ [] []
[2017-05-08 09:49:58] ParseIt.INFO: New - 0, update - 0, from - https://www.citilink.ru/catalog/large_and_small_appliances/small_appliances/izmelchiteli/ [] []
[2017-05-08 09:49:58] ParseIt.INFO: Parsing source - https://www.citilink.ru/catalog/large_and_small_appliances/small_appliances/distillyatory/ [] []
[2017-05-08 09:49:58] ParseIt.INFO: New - 0, update - 0, from - https://www.citilink.ru/catalog/large_and_small_appliances/small_appliances/distillyatory/ [] []
