[2017-05-01 09:30:45] ParseIt.INFO: Parsing process - run [] []
[2017-05-01 09:31:15] ParseIt.INFO: Parsing source - https://www.citilink.ru/catalog/mobile/notebooks/ACER/ [] []
[2017-05-01 09:31:15] ParseIt.INFO: New - 0, update - 0, from - https://www.citilink.ru/catalog/mobile/notebooks/ACER/ [] []
[2017-05-01 09:31:15] ParseIt.INFO: Parsing source - https://www.citilink.ru/catalog/mobile/notebooks/APPLE/ [] []
[2017-05-01 09:31:15] ParseIt.INFO: New - 0, update - 0, from - https://www.citilink.ru/catalog/mobile/notebooks/APPLE/ [] []
[2017-05-01 09:31:15] ParseIt.INFO: Parsing source - https://www.citilink.ru/catalog/mobile/notebooks/ASUS/ [] []
[2017-05-01 09:31:15] ParseIt.INFO: New - 0, update - 0, from - https://www.citilink.ru/catalog/mobile/notebooks/ASUS/ [] []
[2017-05-01 09:31:15] ParseIt.INFO: Parsing source - https://www.citilink.ru/catalog/mobile/notebooks/DELL/ [] []
[2017-05-01 09:31:15] ParseIt.INFO: New - 0, update - 0, from - https://www.citilink.ru/catalog/mobile/notebooks/DELL/ [] []
[2017-05-01 09:31:15] ParseIt.INFO: Parsing source - https://www.citilink.ru/catalog/mobile/notebooks/HP/ [] []
[2017-05-01 09:31:15] ParseIt.INFO: New - 0, update - 0, from - https://www.citilink.ru/catalog/mobile/notebooks/HP/ [] []
[2017-05-01 09:31:15] ParseIt.INFO: Parsing source - https://www.citilink.ru/catalog/mobile/notebooks/LENOVO/ [] []
[2017-05-01 09:31:15] ParseIt.INFO: New - 0, update - 0, from - https://www.citilink.ru/catalog/mobile/notebooks/LENOVO/ [] []
[2017-05-01 09:31:15] ParseIt.INFO: Parsing source - https://www.citilink.ru/catalog/mobile/notebooks/MSI/ [] []
[2017-05-01 09:31:15] ParseIt.INFO: New - 0, update - 0, from - https://www.citilink.ru/catalog/mobile/notebooks/MSI/ [] []
[2017-05-01 09:31:15] ParseIt.INFO: Parsing source - https://www.citilink.ru/catalog/mobile/ultrabuki/ACER/ [] []
[2017-05-01 09:31:15] ParseIt.INFO: New - 0, update - 0, from - https://www.citilink.ru/catalog/mobile/ultrabuki/ACER/ [] []
[2017-05-01 09:31:15] ParseIt.INFO: Parsing source - https://www.citilink.ru/catalog/mobile/ultrabuki/DELL/ [] []
[2017-05-01 09:31:15] ParseIt.INFO: New - 0, update - 0, from - https://www.citilink.ru/catalog/mobile/ultrabuki/DELL/ [] []
[2017-05-01 09:31:15] ParseIt.INFO: Parsing source - https://www.citilink.ru/catalog/mobile/ultrabuki/LENOVO/ [] []
[2017-05-01 09:31:15] ParseIt.INFO: New - 0, update - 0, from - https://www.citilink.ru/catalog/mobile/ultrabuki/LENOVO/ [] []
[2017-05-01 09:31:15] ParseIt.INFO: Parsing source - https://www.citilink.ru/catalog/mobile/noutbuki_transformery/ACER/ [] []
[2017-05-01 09:31:15] ParseIt.INFO: New - 0, update - 0, from - https://www.citilink.ru/catalog/mobile/noutbuki_transformery/ACER/ [] []
[2017-05-01 09:31:15] ParseIt.INFO: Parsing source - https://www.citilink.ru/catalog/mobile/noutbuki_transformery/ASUS/ [] []
[2017-05-01 09:31:15] ParseIt.INFO: New - 0, update - 0, from - https://www.citilink.ru/catalog/mobile/noutbuki_transformery/ASUS/ [] []
[2017-05-01 09:31:15] ParseIt.INFO: Parsing source - https://www.citilink.ru/catalog/mobile/noutbuki_transformery/DELL/ [] []
[2017-05-01 09:31:15] ParseIt.INFO: New - 0, update - 0, from - https://www.citilink.ru/catalog/mobile/noutbuki_transformery/DELL/ [] []
[2017-05-01 09:31:15] ParseIt.INFO: Parsing source - https://www.citilink.ru/catalog/mobile/noutbuki_transformery/HP/ [] []
[2017-05-01 09:31:15] ParseIt.INFO: New - 0, update - 0, from - https://www.citilink.ru/catalog/mobile/noutbuki_transformery/HP/ [] []
[2017-05-01 09:31:15] ParseIt.INFO: Parsing source - https://www.citilink.ru/catalog/mobile/noutbuki_transformery/LENOVO/ [] []
[2017-05-01 09:31:15] ParseIt.INFO: New - 0, update - 0, from - https://www.citilink.ru/catalog/mobile/noutbuki_transformery/LENOVO/ [] []
[2017-05-01 09:31:15] ParseIt.INFO: Parsing source - https://www.citilink.ru/catalog/mobile/note_aks/note_bags/ [] []
[2017-05-01 09:31:15] ParseIt.INFO: New - 0, update - 0, from - https://www.citilink.ru/catalog/mobile/note_aks/note_bags/ [] []
[2017-05-01 09:31:15] ParseIt.INFO: Parsing source - https://www.citilink.ru/catalog/mobile/note_aks/rukzaki_dlya_noutbukov/ [] []
[2017-05-01 09:31:15] ParseIt.INFO: New - 0, update - 0, from - https://www.citilink.ru/catalog/mobile/note_aks/rukzaki_dlya_noutbukov/ [] []
[2017-05-01 09:31:15] ParseIt.INFO: Parsing source - https://www.citilink.ru/catalog/mobile/note_aks/chehly_dlya_noutbukov/ [] []
[2017-05-01 09:31:15] ParseIt.INFO: New - 0, update - 0, from - https://www.citilink.ru/catalog/mobile/note_aks/chehly_dlya_noutbukov/ [] []
[2017-05-01 09:31:15] ParseIt.INFO: Parsing source - https://www.citilink.ru/catalog/mobile/note_aks/note_powers/ [] []
[2017-05-01 09:31:15] ParseIt.INFO: New - 0, update - 0, from - https://www.citilink.ru/catalog/mobile/note_aks/note_powers/ [] []
[2017-05-01 09:31:15] ParseIt.INFO: Parsing source - https://www.citilink.ru/catalog/mobile/note_aks/note_docks/ [] []
[2017-05-01 09:31:15] ParseIt.INFO: New - 0, update - 0, from - https://www.citilink.ru/catalog/mobile/note_aks/note_docks/ [] []
[2017-05-01 09:31:15] ParseIt.INFO: Parsing source - https://www.citilink.ru/catalog/mobile/note_aks/podstavki_dlya_noutbukov/ [] []
[2017-05-01 09:31:15] ParseIt.INFO: New - 0, update - 0, from - https://www.citilink.ru/catalog/mobile/note_aks/podstavki_dlya_noutbukov/ [] []
[2017-05-01 09:31:15] ParseIt.INFO: Parsing source - https://www.citilink.ru/catalog/computers_and_notebooks/computers/ACER/ [] []
[2017-05-01 09:31:15] ParseIt.INFO: New - 0, update - 0, from - https://www.citilink.ru/catalog/computers_and_notebooks/computers/ACER/ [] []
[2017-05-01 09:31:15] ParseIt.INFO: Parsing source - https://www.citilink.ru/catalog/computers_and_notebooks/computers/ASUS/ [] []
[2017-05-01 09:31:15] ParseIt.INFO: New - 0, update - 0, from - https://www.citilink.ru/catalog/computers_and_notebooks/computers/ASUS/ [] []
[2017-05-01 09:31:15] ParseIt.INFO: Parsing source - https://www.citilink.ru/catalog/computers_and_notebooks/computers/DELL/ [] []
[2017-05-01 09:31:15] ParseIt.INFO: New - 0, update - 0, from - https://www.citilink.ru/catalog/computers_and_notebooks/computers/DELL/ [] []
[2017-05-01 09:31:15] ParseIt.INFO: Parsing source - https://www.citilink.ru/catalog/computers_and_notebooks/computers/HP/ [] []
[2017-05-01 09:31:16] ParseIt.INFO: New - 0, update - 0, from - https://www.citilink.ru/catalog/computers_and_notebooks/computers/HP/ [] []
[2017-05-01 09:31:16] ParseIt.INFO: Parsing source - https://www.citilink.ru/catalog/computers_and_notebooks/computers/IRU/ [] []
[2017-05-01 09:31:16] ParseIt.INFO: New - 0, update - 0, from - https://www.citilink.ru/catalog/computers_and_notebooks/computers/IRU/ [] []
[2017-05-01 09:31:16] ParseIt.INFO: Parsing source - https://www.citilink.ru/catalog/computers_and_notebooks/computers/LENOVO/ [] []
[2017-05-01 09:31:16] ParseIt.INFO: New - 0, update - 0, from - https://www.citilink.ru/catalog/computers_and_notebooks/computers/LENOVO/ [] []
[2017-05-01 09:31:16] ParseIt.INFO: Parsing source - https://www.citilink.ru/catalog/computers_and_notebooks/computers/MSI/ [] []
[2017-05-01 09:31:16] ParseIt.INFO: New - 0, update - 0, from - https://www.citilink.ru/catalog/computers_and_notebooks/computers/MSI/ [] []
[2017-05-01 09:31:16] ParseIt.INFO: Parsing source - https://www.citilink.ru/catalog/computers_and_notebooks/hdd/hdd_in/ [] []
[2017-05-01 09:31:16] ParseIt.INFO: New - 0, update - 0, from - https://www.citilink.ru/catalog/computers_and_notebooks/hdd/hdd_in/ [] []
[2017-05-01 09:31:16] ParseIt.INFO: Parsing source - https://www.citilink.ru/catalog/computers_and_notebooks/hdd/ssd_in/ [] []
[2017-05-01 09:31:16] ParseIt.INFO: New - 0, update - 0, from - https://www.citilink.ru/catalog/computers_and_notebooks/hdd/ssd_in/ [] []
[2017-05-01 09:31:16] ParseIt.INFO: Parsing source - https://www.citilink.ru/catalog/computers_and_notebooks/parts/cpu/ [] []
[2017-05-01 09:31:16] ParseIt.INFO: New - 0, update - 0, from - https://www.citilink.ru/catalog/computers_and_notebooks/parts/cpu/ [] []
[2017-05-01 09:31:16] ParseIt.INFO: Parsing source - https://www.citilink.ru/catalog/computers_and_notebooks/parts/coolers/ [] []
[2017-05-01 09:31:16] ParseIt.INFO: New - 0, update - 0, from - https://www.citilink.ru/catalog/computers_and_notebooks/parts/coolers/ [] []
[2017-05-01 09:31:16] ParseIt.INFO: Parsing source - https://www.citilink.ru/catalog/computers_and_notebooks/parts/motherboards/ [] []
[2017-05-01 09:31:16] ParseIt.INFO: New - 0, update - 0, from - https://www.citilink.ru/catalog/computers_and_notebooks/parts/motherboards/ [] []
[2017-05-01 09:31:16] ParseIt.INFO: Parsing source - https://www.citilink.ru/catalog/computers_and_notebooks/parts/memory/ [] []
[2017-05-01 09:31:16] ParseIt.INFO: New - 0, update - 0, from - https://www.citilink.ru/catalog/computers_and_notebooks/parts/memory/ [] []
[2017-05-01 09:31:16] ParseIt.INFO: Parsing source - https://www.citilink.ru/catalog/computers_and_notebooks/parts/videocards/ [] []
[2017-05-01 09:31:16] ParseIt.INFO: New - 0, update - 0, from - https://www.citilink.ru/catalog/computers_and_notebooks/parts/videocards/ [] []
[2017-05-01 09:31:16] ParseIt.INFO: Parsing source - https://www.citilink.ru/catalog/computers_and_notebooks/parts/powersupply/ [] []
[2017-05-01 09:31:16] ParseIt.INFO: New - 0, update - 0, from - https://www.citilink.ru/catalog/computers_and_notebooks/parts/powersupply/ [] []
[2017-05-01 09:31:16] ParseIt.INFO: Parsing source - https://www.citilink.ru/catalog/computers_and_notebooks/parts/cases/ [] []
[2017-05-01 09:31:16] ParseIt.INFO: New - 0, update - 0, from - https://www.citilink.ru/catalog/computers_and_notebooks/parts/cases/ [] []
[2017-05-01 09:31:16] ParseIt.INFO: Parsing source - https://www.citilink.ru/catalog/computers_and_notebooks/parts/soundcards/ [] []
[2017-05-01 09:31:16] ParseIt.INFO: New - 0, update - 0, from - https://www.citilink.ru/catalog/computers_and_notebooks/parts/soundcards/ [] []
[2017-05-01 09:31:16] ParseIt.INFO: Parsing source - https://www.citilink.ru/catalog/computers_and_notebooks/parts/odds/ [] []
[2017-05-01 09:31:16] ParseIt.INFO: New - 0, update - 0, from - https://www.citilink.ru/catalog/computers_and_notebooks/parts/odds/ [] []
[2017-05-01 09:31:16] ParseIt.INFO: Parsing source - https://www.citilink.ru/catalog/computers_and_notebooks/monitors/ACER/ [] []
[2017-05-01 09:31:16] ParseIt.INFO: New - 0, update - 0, from - https://www.citilink.ru/catalog/computers_and_notebooks/monitors/ACER/ [] []
[2017-05-01 09:31:16] ParseIt.INFO: Parsing source - https://www.citilink.ru/catalog/computers_and_notebooks/monitors/AOC/ [] []
[2017-05-01 09:31:16] ParseIt.INFO: New - 0, update - 0, from - https://www.citilink.ru/catalog/computers_and_notebooks/monitors/AOC/ [] []
[2017-05-01 09:31:16] ParseIt.INFO: Parsing source - https://www.citilink.ru/catalog/computers_and_notebooks/monitors/ASUS/ [] []
[2017-05-01 09:31:16] ParseIt.INFO: New - 0, update - 0, from - https://www.citilink.ru/catalog/computers_and_notebooks/monitors/ASUS/ [] []
[2017-05-01 09:31:16] ParseIt.INFO: Parsing source - https://www.citilink.ru/catalog/computers_and_notebooks/monitors/BENQ/ [] []
[2017-05-01 09:31:16] ParseIt.INFO: New - 0, update - 0, from - https://www.citilink.ru/catalog/computers_and_notebooks/monitors/BENQ/ [] []
[2017-05-01 09:31:16] ParseIt.INFO: Parsing source - https://www.citilink.ru/catalog/computers_and_notebooks/monitors/DELL/ [] []
[2017-05-01 09:31:16] ParseIt.INFO: New - 0, update - 0, from - https://www.citilink.ru/catalog/computers_and_notebooks/monitors/DELL/ [] []
[2017-05-01 09:31:16] ParseIt.INFO: Parsing source - https://www.citilink.ru/catalog/computers_and_notebooks/monitors/HP/ [] []
[2017-05-01 09:31:16] ParseIt.INFO: New - 0, update - 0, from - https://www.citilink.ru/catalog/computers_and_notebooks/monitors/HP/ [] []
[2017-05-01 09:31:16] ParseIt.INFO: Parsing source - https://www.citilink.ru/catalog/computers_and_notebooks/monitors/IIYAMA/ [] []
[2017-05-01 09:31:16] ParseIt.INFO: New - 0, update - 0, from - https://www.citilink.ru/catalog/computers_and_notebooks/monitors/IIYAMA/ [] []
[2017-05-01 09:31:16] ParseIt.INFO: Parsing source - https://www.citilink.ru/catalog/computers_and_notebooks/monitors/LENOVO/ [] []
[2017-05-01 09:31:16] ParseIt.INFO: New - 0, update - 0, from - https://www.citilink.ru/catalog/computers_and_notebooks/monitors/LENOVO/ [] []
[2017-05-01 09:31:16] ParseIt.INFO: Parsing source - https://www.citilink.ru/catalog/computers_and_notebooks/monitors/LG/ [] []
[2017-05-01 09:31:16] ParseIt.INFO: New - 0, update - 0, from - https://www.citilink.ru/catalog/computers_and_notebooks/monitors/LG/ [] []
[2017-05-01 09:31:16] ParseIt.INFO: Parsing source - https://www.citilink.ru/catalog/computers_and_notebooks/monitors/PHILIPS/ [] []
[2017-05-01 09:31:16] ParseIt.INFO: New - 0, update - 0, from - https://www.citilink.ru/catalog/computers_and_notebooks/monitors/PHILIPS/ [] []
[2017-05-01 09:31:16] ParseIt.INFO: Parsing source - https://www.citilink.ru/catalog/computers_and_notebooks/monitors/SAMSUNG/ [] []
[2017-05-01 09:31:16] ParseIt.INFO: New - 0, update - 0, from - https://www.citilink.ru/catalog/computers_and_notebooks/monitors/SAMSUNG/ [] []
[2017-05-01 09:31:16] ParseIt.INFO: Parsing source - https://www.citilink.ru/catalog/computers_and_notebooks/monitors/VIEWSONIC/ [] []
[2017-05-01 09:31:16] ParseIt.INFO: New - 0, update - 0, from - https://www.citilink.ru/catalog/computers_and_notebooks/monitors/VIEWSONIC/ [] []
[2017-05-01 09:31:16] ParseIt.INFO: Parsing source - https://www.citilink.ru/catalog/audio_and_digits/tv/BBK/ [] []
[2017-05-01 09:31:16] ParseIt.INFO: New - 0, update - 0, from - https://www.citilink.ru/catalog/audio_and_digits/tv/BBK/ [] []
[2017-05-01 09:31:16] ParseIt.INFO: Parsing source - https://www.citilink.ru/catalog/audio_and_digits/tv/FUSION/ [] []
[2017-05-01 09:31:16] ParseIt.INFO: New - 0, update - 0, from - https://www.citilink.ru/catalog/audio_and_digits/tv/FUSION/ [] []
[2017-05-01 09:31:16] ParseIt.INFO: Parsing source - https://www.citilink.ru/catalog/audio_and_digits/tv/JVC/ [] []
[2017-05-01 09:31:16] ParseIt.INFO: New - 0, update - 0, from - https://www.citilink.ru/catalog/audio_and_digits/tv/JVC/ [] []
[2017-05-01 09:31:16] ParseIt.INFO: Parsing source - https://www.citilink.ru/catalog/audio_and_digits/tv/LG/ [] []
[2017-05-01 09:31:16] ParseIt.INFO: New - 0, update - 0, from - https://www.citilink.ru/catalog/audio_and_digits/tv/LG/ [] []
[2017-05-01 09:31:16] ParseIt.INFO: Parsing source - https://www.citilink.ru/catalog/audio_and_digits/tv/MYSTERY/ [] []
[2017-05-01 09:31:16] ParseIt.INFO: New - 0, update - 0, from - https://www.citilink.ru/catalog/audio_and_digits/tv/MYSTERY/ [] []
[2017-05-01 09:31:16] ParseIt.INFO: Parsing source - https://www.citilink.ru/catalog/audio_and_digits/tv/PHILIPS/ [] []
[2017-05-01 09:31:16] ParseIt.INFO: New - 0, update - 0, from - https://www.citilink.ru/catalog/audio_and_digits/tv/PHILIPS/ [] []
[2017-05-01 09:31:16] ParseIt.INFO: Parsing source - https://www.citilink.ru/catalog/audio_and_digits/tv/SAMSUNG/ [] []
[2017-05-01 09:31:16] ParseIt.INFO: New - 0, update - 0, from - https://www.citilink.ru/catalog/audio_and_digits/tv/SAMSUNG/ [] []
[2017-05-01 09:31:16] ParseIt.INFO: Parsing source - https://www.citilink.ru/catalog/audio_and_digits/tv/SONY/ [] []
[2017-05-01 09:31:16] ParseIt.INFO: New - 0, update - 0, from - https://www.citilink.ru/catalog/audio_and_digits/tv/SONY/ [] []
[2017-05-01 09:31:16] ParseIt.INFO: Parsing source - https://www.citilink.ru/catalog/audio_and_digits/tv/SUPRA/ [] []
[2017-05-01 09:31:16] ParseIt.INFO: New - 0, update - 0, from - https://www.citilink.ru/catalog/audio_and_digits/tv/SUPRA/ [] []
[2017-05-01 09:31:16] ParseIt.INFO: Parsing source - https://www.citilink.ru/catalog/audio_and_digits/tv/TCL/ [] []
[2017-05-01 09:31:16] ParseIt.INFO: New - 0, update - 0, from - https://www.citilink.ru/catalog/audio_and_digits/tv/TCL/ [] []
[2017-05-01 09:31:16] ParseIt.INFO: Parsing source - https://www.citilink.ru/catalog/audio_and_digits/tv/TELEFUNKEN/ [] []
[2017-05-01 09:31:16] ParseIt.INFO: New - 0, update - 0, from - https://www.citilink.ru/catalog/audio_and_digits/tv/TELEFUNKEN/ [] []
[2017-05-01 09:31:16] ParseIt.INFO: Parsing source - https://www.citilink.ru/catalog/large_and_small_appliances/small_appliances/multi_cookers/ [] []
[2017-05-01 09:31:16] ParseIt.INFO: New - 0, update - 0, from - https://www.citilink.ru/catalog/large_and_small_appliances/small_appliances/multi_cookers/ [] []
[2017-05-01 09:31:16] ParseIt.INFO: Parsing source - https://www.citilink.ru/catalog/large_and_small_appliances/small_appliances/ovens/ [] []
[2017-05-01 09:31:16] ParseIt.INFO: New - 0, update - 0, from - https://www.citilink.ru/catalog/large_and_small_appliances/small_appliances/ovens/ [] []
[2017-05-01 09:31:16] ParseIt.INFO: Parsing source - https://www.citilink.ru/catalog/large_and_small_appliances/small_appliances/kitchen_machines/ [] []
[2017-05-01 09:31:16] ParseIt.INFO: New - 0, update - 0, from - https://www.citilink.ru/catalog/large_and_small_appliances/small_appliances/kitchen_machines/ [] []
[2017-05-01 09:31:16] ParseIt.INFO: Parsing source - https://www.citilink.ru/catalog/large_and_small_appliances/small_appliances/kettles/ [] []
[2017-05-01 09:31:16] ParseIt.INFO: New - 0, update - 0, from - https://www.citilink.ru/catalog/large_and_small_appliances/small_appliances/kettles/ [] []
[2017-05-01 09:31:16] ParseIt.INFO: Parsing source - https://www.citilink.ru/catalog/large_and_small_appliances/small_appliances/thermo_pots/ [] []
[2017-05-01 09:31:16] ParseIt.INFO: New - 0, update - 0, from - https://www.citilink.ru/catalog/large_and_small_appliances/small_appliances/thermo_pots/ [] []
[2017-05-01 09:31:16] ParseIt.INFO: Parsing source - https://www.citilink.ru/catalog/large_and_small_appliances/small_appliances/double_boilers/ [] []
[2017-05-01 09:31:16] ParseIt.INFO: New - 0, update - 0, from - https://www.citilink.ru/catalog/large_and_small_appliances/small_appliances/double_boilers/ [] []
[2017-05-01 09:31:16] ParseIt.INFO: Parsing source - https://www.citilink.ru/catalog/large_and_small_appliances/small_appliances/convection_ovens/ [] []
[2017-05-01 09:31:16] ParseIt.INFO: New - 0, update - 0, from - https://www.citilink.ru/catalog/large_and_small_appliances/small_appliances/convection_ovens/ [] []
[2017-05-01 09:31:16] ParseIt.INFO: Parsing source - https://www.citilink.ru/catalog/large_and_small_appliances/small_appliances/elektrogrili/ [] []
[2017-05-01 09:31:16] ParseIt.INFO: New - 0, update - 0, from - https://www.citilink.ru/catalog/large_and_small_appliances/small_appliances/elektrogrili/ [] []
[2017-05-01 09:31:16] ParseIt.INFO: Parsing source - https://www.citilink.ru/catalog/large_and_small_appliances/small_appliances/blenders/ [] []
[2017-05-01 09:31:16] ParseIt.INFO: New - 0, update - 0, from - https://www.citilink.ru/catalog/large_and_small_appliances/small_appliances/blenders/ [] []
[2017-05-01 09:31:16] ParseIt.INFO: Parsing source - https://www.citilink.ru/catalog/large_and_small_appliances/small_appliances/mixers/ [] []
[2017-05-01 09:31:16] ParseIt.INFO: New - 0, update - 0, from - https://www.citilink.ru/catalog/large_and_small_appliances/small_appliances/mixers/ [] []
[2017-05-01 09:31:16] ParseIt.INFO: Parsing source - https://www.citilink.ru/catalog/large_and_small_appliances/small_appliances/meat_grinders/ [] []
[2017-05-01 09:31:16] ParseIt.INFO: New - 0, update - 0, from - https://www.citilink.ru/catalog/large_and_small_appliances/small_appliances/meat_grinders/ [] []
[2017-05-01 09:31:16] ParseIt.INFO: Parsing source - https://www.citilink.ru/catalog/large_and_small_appliances/small_appliances/juicers/ [] []
[2017-05-01 09:31:16] ParseIt.INFO: New - 0, update - 0, from - https://www.citilink.ru/catalog/large_and_small_appliances/small_appliances/juicers/ [] []
[2017-05-01 09:31:16] ParseIt.INFO: Parsing source - https://www.citilink.ru/catalog/large_and_small_appliances/small_appliances/bread_makers/ [] []
[2017-05-01 09:31:16] ParseIt.INFO: New - 0, update - 0, from - https://www.citilink.ru/catalog/large_and_small_appliances/small_appliances/bread_makers/ [] []
[2017-05-01 09:31:16] ParseIt.INFO: Parsing source - https://www.citilink.ru/catalog/large_and_small_appliances/small_appliances/toasters/ [] []
[2017-05-01 09:31:16] ParseIt.INFO: New - 0, update - 0, from - https://www.citilink.ru/catalog/large_and_small_appliances/small_appliances/toasters/ [] []
[2017-05-01 09:31:16] ParseIt.INFO: Parsing source - https://www.citilink.ru/catalog/large_and_small_appliances/small_appliances/vafelnicy/ [] []
[2017-05-01 09:31:16] ParseIt.INFO: New - 0, update - 0, from - https://www.citilink.ru/catalog/large_and_small_appliances/small_appliances/vafelnicy/ [] []
[2017-05-01 09:31:16] ParseIt.INFO: Parsing source - https://www.citilink.ru/catalog/large_and_small_appliances/small_appliances/electric_ovens/ [] []
[2017-05-01 09:31:16] ParseIt.INFO: New - 0, update - 0, from - https://www.citilink.ru/catalog/large_and_small_appliances/small_appliances/electric_ovens/ [] []
[2017-05-01 09:31:16] ParseIt.INFO: Parsing source - https://www.citilink.ru/catalog/large_and_small_appliances/small_appliances/deep_fryers/ [] []
[2017-05-01 09:31:16] ParseIt.INFO: New - 0, update - 0, from - https://www.citilink.ru/catalog/large_and_small_appliances/small_appliances/deep_fryers/ [] []
[2017-05-01 09:31:16] ParseIt.INFO: Parsing source - https://www.citilink.ru/catalog/large_and_small_appliances/small_appliances/yogurt_makers/ [] []
[2017-05-01 09:31:16] ParseIt.INFO: New - 0, update - 0, from - https://www.citilink.ru/catalog/large_and_small_appliances/small_appliances/yogurt_makers/ [] []
[2017-05-01 09:31:16] ParseIt.INFO: Parsing source - https://www.citilink.ru/catalog/large_and_small_appliances/small_appliances/pancake_makers/ [] []
[2017-05-01 09:31:16] ParseIt.INFO: New - 0, update - 0, from - https://www.citilink.ru/catalog/large_and_small_appliances/small_appliances/pancake_makers/ [] []
[2017-05-01 09:31:16] ParseIt.INFO: Parsing source - https://www.citilink.ru/catalog/large_and_small_appliances/small_appliances/kitchen_scales/ [] []
[2017-05-01 09:31:16] ParseIt.INFO: New - 0, update - 0, from - https://www.citilink.ru/catalog/large_and_small_appliances/small_appliances/kitchen_scales/ [] []
[2017-05-01 09:31:16] ParseIt.INFO: Parsing source - https://www.citilink.ru/catalog/large_and_small_appliances/small_appliances/thermos/ [] []
[2017-05-01 09:31:16] ParseIt.INFO: New - 0, update - 0, from - https://www.citilink.ru/catalog/large_and_small_appliances/small_appliances/thermos/ [] []
[2017-05-01 09:31:16] ParseIt.INFO: Parsing source - https://www.citilink.ru/catalog/large_and_small_appliances/small_appliances/izmelchiteli/ [] []
[2017-05-01 09:31:16] ParseIt.INFO: New - 0, update - 0, from - https://www.citilink.ru/catalog/large_and_small_appliances/small_appliances/izmelchiteli/ [] []
[2017-05-01 09:31:16] ParseIt.INFO: Parsing source - https://www.citilink.ru/catalog/large_and_small_appliances/small_appliances/distillyatory/ [] []
[2017-05-01 09:31:16] ParseIt.INFO: New - 0, update - 0, from - https://www.citilink.ru/catalog/large_and_small_appliances/small_appliances/distillyatory/ [] []
[2017-05-01 11:14:14] ParseIt.INFO: Parsing process - run [] []
[2017-05-01 11:14:17] ParseIt.INFO: Parsing source - https://www.citilink.ru/catalog/mobile/notebooks/ACER/ [] []
[2017-05-01 11:16:21] ParseIt.ERROR: Url https://www.citilink.ru/catalog/mobile/notebooks/367460/ return blank page with 46.8.29.53:65233 proxy [] []
[2017-05-01 11:18:49] ParseIt.INFO: Parsing source - https://www.citilink.ru/catalog/mobile/notebooks/APPLE/ [] []
[2017-05-01 11:21:42] ParseIt.ERROR: Url https://www.citilink.ru/catalog/mobile/notebooks/392339/ return blank page with 46.8.29.53:65233 proxy [] []
[2017-05-01 11:22:13] ParseIt.INFO: New - 11, update - 0, from - https://www.citilink.ru/catalog/mobile/notebooks/APPLE/ [] []
[2017-05-01 11:23:27] ParseIt.INFO: Parsing source - https://www.citilink.ru/catalog/mobile/notebooks/ASUS/ [] []
[2017-05-01 11:27:49] ParseIt.INFO: Parsing source - https://www.citilink.ru/catalog/mobile/notebooks/DELL/ [] []
[2017-05-01 11:32:59] ParseIt.INFO: Parsing source - https://www.citilink.ru/catalog/mobile/notebooks/HP/ [] []
[2017-05-01 11:37:24] ParseIt.INFO: Parsing source - https://www.citilink.ru/catalog/mobile/notebooks/LENOVO/ [] []
[2017-05-01 11:41:12] ParseIt.ERROR: Url https://www.citilink.ru/catalog/mobile/notebooks/338367/ return blank page with 46.8.29.53:65233 proxy [] []
[2017-05-01 11:42:19] ParseIt.INFO: Parsing source - https://www.citilink.ru/catalog/mobile/notebooks/MSI/ [] []
[2017-05-01 11:44:31] ParseIt.INFO: New - 26, update - 69, from - https://www.citilink.ru/catalog/mobile/notebooks/ACER/ [] []
[2017-05-01 11:44:38] ParseIt.INFO: Parsing source - https://www.citilink.ru/catalog/mobile/ultrabuki/ACER/ [] []
[2017-05-01 11:45:19] ParseIt.ERROR: Url https://www.citilink.ru/catalog/mobile/notebooks/432075/ return blank page with 46.8.29.53:65233 proxy [] []
[2017-05-01 11:45:55] ParseIt.INFO: New - 0, update - 4, from - https://www.citilink.ru/catalog/mobile/ultrabuki/ACER/ [] []
[2017-05-01 11:46:49] ParseIt.INFO: Parsing source - https://www.citilink.ru/catalog/mobile/ultrabuki/DELL/ [] []
[2017-05-01 11:48:48] ParseIt.INFO: New - 6, update - 0, from - https://www.citilink.ru/catalog/mobile/ultrabuki/DELL/ [] []
[2017-05-01 11:49:17] ParseIt.ERROR: Url https://www.citilink.ru/catalog/mobile/notebooks/457913/ return blank page with 46.8.29.53:65233 proxy [] []
[2017-05-01 11:49:24] ParseIt.INFO: Parsing source - https://www.citilink.ru/catalog/mobile/ultrabuki/LENOVO/ [] []
[2017-05-01 11:49:39] ParseIt.ERROR: Url https://www.citilink.ru/catalog/mobile/notebooks/366507/ return blank page with 46.8.29.53:65233 proxy [] []
[2017-05-01 11:49:59] ParseIt.ERROR: Url https://www.citilink.ru/catalog/mobile/notebooks/376955/ return blank page with 46.8.29.53:65233 proxy [] []
[2017-05-01 11:50:01] ParseIt.ERROR: Url https://www.citilink.ru/catalog/mobile/notebooks/373549/ return blank page with 149.154.66.20:65233 proxy [] []
[2017-05-01 11:51:02] ParseIt.ERROR: Url https://www.citilink.ru/catalog/mobile/notebooks/377007/ return blank page with 46.8.29.53:65233 proxy [] []
[2017-05-01 11:51:15] ParseIt.INFO: New - 78, update - 0, from - https://www.citilink.ru/catalog/mobile/notebooks/ASUS/ [] []
[2017-05-01 11:51:17] ParseIt.INFO: Parsing source - https://www.citilink.ru/catalog/mobile/noutbuki_transformery/ACER/ [] []
[2017-05-01 11:53:45] ParseIt.INFO: New - 1, update - 7, from - https://www.citilink.ru/catalog/mobile/noutbuki_transformery/ACER/ [] []
[2017-05-01 11:53:52] ParseIt.ERROR: Url https://www.citilink.ru/catalog/mobile/notebooks/427179/ return blank page with 46.8.29.53:65233 proxy [] []
[2017-05-01 11:54:18] ParseIt.ERROR: Url https://www.citilink.ru/catalog/mobile/notebooks/284548/ return blank page with 46.8.29.53:65233 proxy [] []
[2017-05-01 11:54:40] ParseIt.ERROR: Url https://www.citilink.ru/catalog/mobile/notebooks/414493/ return blank page with 46.8.29.53:65233 proxy [] []
[2017-05-01 11:54:43] ParseIt.INFO: Parsing source - https://www.citilink.ru/catalog/mobile/noutbuki_transformery/ASUS/ [] []
[2017-05-01 11:55:06] ParseIt.INFO: New - 14, update - 0, from - https://www.citilink.ru/catalog/mobile/ultrabuki/LENOVO/ [] []
[2017-05-01 11:55:25] ParseIt.INFO: Parsing source - https://www.citilink.ru/catalog/mobile/noutbuki_transformery/DELL/ [] []
[2017-05-01 11:56:10] ParseIt.INFO: New - 0, update - 5, from - https://www.citilink.ru/catalog/mobile/noutbuki_transformery/ASUS/ [] []
[2017-05-01 11:56:42] ParseIt.INFO: Parsing source - https://www.citilink.ru/catalog/mobile/noutbuki_transformery/HP/ [] []
[2017-05-01 11:57:17] ParseIt.ERROR: Url https://www.citilink.ru/catalog/mobile/notebooks/393478/ return blank page with 46.8.29.53:65233 proxy [] []
[2017-05-01 11:57:24] ParseIt.INFO: New - 2, update - 4, from - https://www.citilink.ru/catalog/mobile/noutbuki_transformery/DELL/ [] []
[2017-05-01 11:57:32] ParseIt.INFO: Parsing source - https://www.citilink.ru/catalog/mobile/noutbuki_transformery/LENOVO/ [] []
[2017-05-01 11:58:51] ParseIt.ERROR: ParseitController.run() {"errors":["[object] (Intervention\\Image\\Exception\\NotReadableException(code: 0): Unable to read image type. GD driver is only able to decode JPG, PNG or GIF files. at /var/www/mobzilla/data/www/mobzilla.su/parseit/vendor/intervention/image/src/Intervention/Image/Gd/Decoder.php:40)"],"data":{"id":565,"exported":1,"hash":"f7634e0e5357a4887f13c55d83f3b8c0","created_at":"2017-05-01 11:57:56","updated_at":"2017-05-01 11:58:45","donor_id":1,"source":"https://www.citilink.ru/catalog/mobile/notebooks/375015/","manufacturer":"HP","product_name":"Ноутбук HP 250 G5, черный","sku":"375015","stockin":"in stock","price":30923,"old_price":0,"description":"\n            Если вы ищете устройство, предназначенное для работы, учебы и отдыха, обратите внимание на ноутбук HP&nbsp;250&nbsp;G5 i3&nbsp;5005U. 15,6-дюймовый глянцевый дисплей обеспечивает отличное изображение с высокой яркостью и насыщенностью.\nНоутбук HP&nbsp;250&nbsp;G5 i3&nbsp;5005U справляется с работой мощных приложений, игр и программ. Хорошая производительность аппарата достигается благодаря процессору i3&nbsp;5005U. Основным достоинством устройства является накопитель SSD на 128 Гб, который отличается надежностью и высокой скоростью работы. Наличие качественной веб-камеры позволит проводить веб-конференции или общаться с друзьями и родственниками на большом расстоянии. Разрешение экрана – 1366&times;768 точек, агрегат имеет хороший угол обзора. Компактные размеры и небольшой вес обеспечивают удобство при транспортировке.\n    \n    ","main_image":"https://items.s1.citilink.ru/375015_v01_b.jpg","gallery":"a:19:{i:0;s:45:\"https://items.s1.citilink.ru/375015_v01_b.jpg\";i:1;s:45:\"https://items.s1.citilink.ru/375015_v02_b.jpg\";i:2;s:45:\"https://items.s1.citilink.ru/375015_v03_b.jpg\";i:3;s:45:\"https://items.s1.citilink.ru/375015_v04_b.jpg\";i:4;s:45:\"https://items.s1.citilink.ru/375015_v05_b.jpg\";i:5;s:45:\"https://items.s1.citilink.ru/375015_v06_b.jpg\";i:6;s:45:\"https://items.s1.citilink.ru/375015_v07_b.jpg\";i:7;s:45:\"https://items.s1.citilink.ru/375015_v08_b.jpg\";i:8;s:45:\"https://items.s1.citilink.ru/375015_d01_b.jpg\";i:9;s:45:\"https://items.s1.citilink.ru/375015_d02_b.jpg\";i:10;s:45:\"https://items.s1.citilink.ru/375015_d03_b.jpg\";i:11;s:45:\"https://items.s1.citilink.ru/375015_d04_b.jpg\";i:12;s:45:\"https://items.s1.citilink.ru/375015_d05_b.jpg\";i:13;s:45:\"https://items.s1.citilink.ru/375015_d06_b.jpg\";i:14;s:45:\"https://items.s1.citilink.ru/375015_p01_b.jpg\";i:15;s:45:\"https://items.s1.citilink.ru/375015_p02_b.jpg\";i:16;s:49:\"https://user-items.s1.citilink.ru/375015_03_b.jpg\";i:17;s:49:\"https://user-items.s1.citilink.ru/375015_02_b.jpg\";i:18;s:49:\"https://user-items.s1.citilink.ru/375015_01_b.jpg\";}","product_attributes":"a:12:{i:1;a:2:{s:14:\"atr_group_mame\";s:27:\"Экран ноутбука\";s:10:\"attributes\";a:5:{i:0;a:1:{s:47:\"Диагональ экрана в дюймах\";s:6:\"15.6 \"\";}i:1;a:1:{s:33:\"Разрешение экрана\";s:9:\"1366×768\";}i:2;a:1:{s:56:\"Светодиодная подсветка экрана\";s:8:\"есть\";}i:3;a:1:{s:35:\"Поверхность экрана\";s:14:\"матовая\";}i:4;a:1:{s:21:\"Тип матрицы\";s:3:\"SVA\";}}}i:2;a:2:{s:14:\"atr_group_mame\";s:41:\"Конфигурация ноутбука\";s:10:\"attributes\";a:6:{i:0;a:1:{s:18:\"Процессор\";s:20:\"Intel Core i3 5005U\";}i:1;a:1:{s:34:\"Процессор, частота\";s:8:\"2 ГГц\";}i:2;a:1:{s:50:\"Количество ядер процессора\";s:24:\"двухъядерный\";}i:3;a:1:{s:35:\"Оперативная память\";s:29:\"4096 Мб, DDR3L, 1600 МГц\";}i:4;a:1:{s:54:\"Тип графического контроллера\";s:30:\"интегрированный\";}i:5;a:1:{s:43:\"Графический контроллер\";s:23:\"Intel HD Graphics 5500\";}}}i:3;a:2:{s:14:\"atr_group_mame\";s:50:\"Устройства хранения данных\";s:10:\"attributes\";a:3:{i:0;a:1:{s:14:\"Объем SSD\";s:8:\"128 Гб\";}i:1;a:1:{s:10:\"Тип ODD\";s:6:\"DVD-RW\";}i:2;a:1:{s:19:\"Кард-ридер\";s:40:\"есть, поддержкаSD/SDHC/SDXC\";}}}i:4;a:2:{s:14:\"atr_group_mame\";s:41:\"Коммуникации ноутбука\";s:10:\"attributes\";a:4:{i:0;a:1:{s:45:\"Поддержка технологии Wi-Fi\";s:24:\"Да, 802.11 a/b/g/n/ac\";}i:1;a:1:{s:44:\"Поддержка технологии WiDi\";s:16:\"Wireless Display\";}i:2;a:1:{s:49:\"Поддержка технологии Bluetooth\";s:10:\"Да, v4.2\";}i:3;a:1:{s:34:\"Кабельная сеть(RJ-45)\";s:38:\"10/100/1000 (Gigabit Ethernet) Мб/с\";}}}i:5;a:2:{s:14:\"atr_group_mame\";s:55:\"Разъемы и интерфейсы ноутбука\";s:10:\"attributes\";a:4:{i:0;a:1:{s:18:\"Порты USB 2.0\";s:1:\"2\";}i:1;a:1:{s:18:\"Порты USB 3.0\";s:1:\"1\";}i:2;a:1:{s:18:\"Разъем D-Sub\";s:1:\"1\";}i:3;a:1:{s:17:\"Разъем HDMI\";s:1:\"1\";}}}i:6;a:2:{s:14:\"atr_group_mame\";s:56:\"Операционная система ноутбука\";s:10:\"attributes\";a:2:{i:0;a:1:{s:39:\"Операционная система\";s:16:\"Windows 10 Home\";}i:1;a:1:{s:27:\"Разрядность ОС\";s:6:\"64-bit\";}}}i:7;a:2:{s:14:\"atr_group_mame\";s:51:\"Мультимедийные особенности\";s:10:\"attributes\";a:4:{i:0;a:1:{s:19:\"Веб-камера\";s:20:\"встроенная\";}i:1;a:1:{s:37:\"Встроенный микрофон\";s:8:\"есть\";}i:2;a:1:{s:46:\"Разъем наушники/микрофон\";s:43:\"комбинированный разъем\";}i:3;a:1:{s:39:\"Акустическая система\";s:28:\"стереодинамики\";}}}i:8;a:2:{s:14:\"atr_group_mame\";s:37:\"Клавиатура ноутбука\";s:10:\"attributes\";a:2:{i:0;a:1:{s:46:\"Цвет клавиатуры ноутбука\";s:12:\"черный\";}i:1;a:1:{s:46:\"Цифровой блок клавиатуры\";s:8:\"есть\";}}}i:9;a:2:{s:14:\"atr_group_mame\";s:22:\"Особенности\";s:10:\"attributes\";a:1:{i:0;a:1:{s:32:\"Сумка в комплекте\";s:22:\"отсутствует\";}}}i:10;a:2:{s:14:\"atr_group_mame\";s:31:\"Батарея ноутбука\";s:10:\"attributes\";a:5:{i:0;a:1:{s:21:\"Тип батареи\";s:6:\"Li-Ion\";}i:1;a:1:{s:46:\"Количество ячеек батареи\";s:7:\"3 cell\";}i:2;a:1:{s:29:\"Емкость батареи\";s:9:\"2750 mAh\";}i:3;a:1:{s:41:\"Энергоемкость батареи\";s:6:\"31 Wh\";}i:4;a:1:{s:35:\"Напряжение батареи\";s:8:\"10.95 V\";}}}i:11;a:2:{s:14:\"atr_group_mame\";s:29:\"Корпус ноутбука\";s:10:\"attributes\";a:6:{i:0;a:1:{s:31:\"Материал корпуса\";s:51:\"высококачественный пластик\";}i:1;a:1:{s:31:\"Цветовое решение\";s:12:\"черный\";}i:2;a:1:{s:37:\"Внешняя поверхность\";s:14:\"матовая\";}i:3;a:1:{s:43:\"Внутренняя поверхность\";s:14:\"матовая\";}i:4;a:1:{s:27:\"Размеры (ШхГхВ)\";s:27:\"384.3 х 254.6 х 24.3 мм\";}i:5;a:1:{s:6:\"Вес\";s:9:\"1.96 кг\";}}}i:12;a:2:{s:14:\"atr_group_mame\";s:0:\"\";s:10:\"attributes\";a:3:{i:0;a:1:{s:16:\"Гарантия\";s:10:\"12 мес.\";}i:1;a:1:{s:35:\"Сайт производителя\";s:10:\"www.hp.com\";}i:2;a:1:{s:40:\"Страна производитель:\";s:10:\"Китай\";}}}}","category_id":146,"procent_nakrutki":15,"product_id":0,"categories":"a:3:{i:0;s:54:\"Ноутбуки, планшеты, смартфоны\";i:1;s:16:\"Ноутбуки\";i:2;s:2:\"HP\";}","quantity":999,"stock_status_id":7,"price_purchase":26890}} []
[2017-05-01 11:58:52] ParseIt.INFO: New - 58, update - 0, from - https://www.citilink.ru/catalog/mobile/notebooks/MSI/ [] []
[2017-05-01 11:58:54] ParseIt.INFO: Parsing source - https://www.citilink.ru/catalog/mobile/note_aks/note_bags/ [] []
[2017-05-01 11:59:38] ParseIt.INFO: New - 1, update - 6, from - https://www.citilink.ru/catalog/mobile/noutbuki_transformery/LENOVO/ [] []
[2017-05-01 12:00:08] ParseIt.INFO: Parsing source - https://www.citilink.ru/catalog/mobile/note_aks/rukzaki_dlya_noutbukov/ [] []
[2017-05-01 12:00:25] ParseIt.ERROR: Url https://www.citilink.ru/catalog/mobile/notebooks/377536/ return blank page with 185.46.8.205:65233 proxy [] []
[2017-05-01 12:00:36] ParseIt.ERROR: Url https://www.citilink.ru/catalog/mobile/notebooks/393517/ return blank page with 46.8.29.53:65233 proxy [] []
[2017-05-01 12:01:28] ParseIt.ERROR: Url https://www.citilink.ru/catalog/mobile/notebooks/382458/ return blank page with 185.46.8.205:65233 proxy [] []
[2017-05-01 12:01:38] ParseIt.ERROR: Url https://www.citilink.ru/catalog/mobile/notebooks/410794/ return blank page with 185.46.8.205:65233 proxy [] []
[2017-05-01 12:01:54] ParseIt.ERROR: Url https://www.citilink.ru/catalog/mobile/notebooks/403967/ return blank page with 185.46.8.205:65233 proxy [] []
[2017-05-01 12:02:02] ParseIt.ERROR: Url https://www.citilink.ru/catalog/mobile/note_aks/note_bags/971692/ return blank page with 80.87.197.112:65233 proxy [] []
[2017-05-01 12:02:09] ParseIt.ERROR: Url https://www.citilink.ru/catalog/mobile/notebooks/392230/ return blank page with 185.46.8.205:65233 proxy [] []
[2017-05-01 12:02:15] ParseIt.ERROR: Url https://www.citilink.ru/catalog/mobile/notebooks/431907/ return blank page with 80.87.197.112:65233 proxy [] []
[2017-05-01 12:02:24] ParseIt.ERROR: Url https://www.citilink.ru/catalog/mobile/notebooks/410802/ return blank page with 185.46.8.205:65233 proxy [] []
[2017-05-01 12:02:30] ParseIt.ERROR: Url https://www.citilink.ru/catalog/mobile/notebooks/382459/ return blank page with 80.87.197.112:65233 proxy [] []
[2017-05-01 12:02:34] ParseIt.ERROR: Url https://www.citilink.ru/catalog/mobile/notebooks/415901/ return blank page with 46.8.29.53:65233 proxy [] []
[2017-05-01 12:02:45] ParseIt.ERROR: Url https://www.citilink.ru/catalog/mobile/notebooks/382462/ return blank page with 185.46.8.205:65233 proxy [] []
[2017-05-01 12:02:49] ParseIt.ERROR: Url https://www.citilink.ru/catalog/mobile/note_aks/note_bags/741914/ return blank page with 80.87.197.112:65233 proxy [] []
[2017-05-01 12:02:54] ParseIt.ERROR: Url https://www.citilink.ru/catalog/mobile/notebooks/395025/ return blank page with 46.8.29.53:65233 proxy [] []
[2017-05-01 12:03:04] ParseIt.ERROR: Url https://www.citilink.ru/catalog/mobile/note_aks/note_bags/357278/ return blank page with 185.46.8.205:65233 proxy [] []
[2017-05-01 12:03:05] ParseIt.ERROR: Url https://www.citilink.ru/catalog/mobile/note_aks/note_bags/407450/ return blank page with 80.87.197.112:65233 proxy [] []
[2017-05-01 12:03:20] ParseIt.ERROR: Url https://www.citilink.ru/catalog/mobile/note_aks/note_bags/428977/ return blank page with 185.46.8.205:65233 proxy [] []
[2017-05-01 12:03:21] ParseIt.ERROR: Url https://www.citilink.ru/catalog/mobile/notebooks/390753/ return blank page with 80.87.197.112:65233 proxy [] []
[2017-05-01 12:03:25] ParseIt.ERROR: Url https://www.citilink.ru/catalog/mobile/notebooks/428787/ return blank page with 213.159.209.229:65233 proxy [] []
[2017-05-01 12:03:37] ParseIt.ERROR: Url https://www.citilink.ru/catalog/mobile/notebooks/411078/ return blank page with 185.46.8.205:65233 proxy [] []
[2017-05-01 12:03:37] ParseIt.INFO: New - 9, update - 4, from - https://www.citilink.ru/catalog/mobile/noutbuki_transformery/HP/ [] []
[2017-05-01 12:03:40] ParseIt.ERROR: Url https://www.citilink.ru/catalog/mobile/notebooks/419831/ return blank page with 149.154.66.20:65233 proxy [] []
[2017-05-01 12:03:40] ParseIt.ERROR: Url https://www.citilink.ru/catalog/mobile/notebooks/341794/ return blank page with 80.87.197.112:65233 proxy [] []
[2017-05-01 12:03:48] ParseIt.ERROR: Url https://www.citilink.ru/catalog/mobile/note_aks/note_bags/373959/ return blank page with 213.159.209.229:65233 proxy [] []
[2017-05-01 12:03:56] ParseIt.ERROR: Url https://www.citilink.ru/catalog/mobile/notebooks/422331/ return blank page with 80.87.197.112:65233 proxy [] []
[2017-05-01 12:03:57] ParseIt.ERROR: Url https://www.citilink.ru/catalog/mobile/notebooks/367153/ return blank page with 185.46.8.205:65233 proxy [] []
[2017-05-01 12:03:57] ParseIt.ERROR: Url https://www.citilink.ru/catalog/mobile/notebooks/415927/ return blank page with 46.8.29.53:65233 proxy [] []
[2017-05-01 12:04:03] ParseIt.ERROR: Url https://www.citilink.ru/catalog/mobile/note_aks/note_bags/726542/ return blank page with 149.154.66.20:65233 proxy [] []
[2017-05-01 12:04:06] ParseIt.ERROR: Url https://www.citilink.ru/catalog/mobile/note_aks/note_bags/322092/ return blank page with 213.159.209.229:65233 proxy [] []
[2017-05-01 12:04:12] ParseIt.ERROR: Url https://www.citilink.ru/catalog/mobile/notebooks/409956/ return blank page with 46.8.29.53:65233 proxy [] []
[2017-05-01 12:04:12] ParseIt.ERROR: Url https://www.citilink.ru/catalog/mobile/notebooks/391010/ return blank page with 185.46.8.205:65233 proxy [] []
[2017-05-01 12:04:12] ParseIt.ERROR: Url https://www.citilink.ru/catalog/mobile/notebooks/431205/ return blank page with 80.87.197.112:65233 proxy [] []
[2017-05-01 12:04:19] ParseIt.ERROR: Url https://www.citilink.ru/catalog/mobile/note_aks/note_bags/662716/ return blank page with 149.154.66.20:65233 proxy [] []
[2017-05-01 12:04:21] ParseIt.ERROR: Url https://www.citilink.ru/catalog/mobile/note_aks/note_bags/322101/ return blank page with 213.159.209.229:65233 proxy [] []
[2017-05-01 12:04:27] ParseIt.ERROR: Url https://www.citilink.ru/catalog/mobile/notebooks/442037/ return blank page with 185.46.8.205:65233 proxy [] []
[2017-05-01 12:04:28] ParseIt.ERROR: Url https://www.citilink.ru/catalog/mobile/notebooks/422190/ return blank page with 46.8.29.53:65233 proxy [] []
[2017-05-01 12:04:29] ParseIt.ERROR: Url https://www.citilink.ru/catalog/mobile/notebooks/373692/ return blank page with 80.87.197.112:65233 proxy [] []
[2017-05-01 12:04:34] ParseIt.ERROR: Url https://www.citilink.ru/catalog/mobile/note_aks/note_bags/662717/ return blank page with 149.154.66.20:65233 proxy [] []
[2017-05-01 12:04:37] ParseIt.ERROR: Url https://www.citilink.ru/catalog/mobile/note_aks/note_bags/873000/ return blank page with 213.159.209.229:65233 proxy [] []
[2017-05-01 12:04:43] ParseIt.ERROR: Url https://www.citilink.ru/catalog/mobile/notebooks/358956/ return blank page with 185.46.8.205:65233 proxy [] []
[2017-05-01 12:04:43] ParseIt.ERROR: Url https://www.citilink.ru/catalog/mobile/notebooks/351939/ return blank page with 46.8.29.53:65233 proxy [] []
[2017-05-01 12:04:44] ParseIt.ERROR: Url https://www.citilink.ru/catalog/mobile/notebooks/385233/ return blank page with 80.87.197.112:65233 proxy [] []
[2017-05-01 12:04:49] ParseIt.ERROR: Url https://www.citilink.ru/catalog/mobile/note_aks/note_bags/715023/ return blank page with 149.154.66.20:65233 proxy [] []
[2017-05-01 12:04:52] ParseIt.ERROR: Url https://www.citilink.ru/catalog/mobile/note_aks/note_bags/826649/ return blank page with 213.159.209.229:65233 proxy [] []
[2017-05-01 12:04:58] ParseIt.ERROR: Url https://www.citilink.ru/catalog/mobile/notebooks/395026/ return blank page with 185.46.8.205:65233 proxy [] []
[2017-05-01 12:04:59] ParseIt.ERROR: Url https://www.citilink.ru/catalog/mobile/notebooks/389636/ return blank page with 80.87.197.112:65233 proxy [] []
[2017-05-01 12:05:00] ParseIt.ERROR: Url https://www.citilink.ru/catalog/mobile/notebooks/408881/ return blank page with 46.8.29.53:65233 proxy [] []
[2017-05-01 12:05:05] ParseIt.ERROR: Url https://www.citilink.ru/catalog/mobile/note_aks/note_bags/704008/ return blank page with 149.154.66.20:65233 proxy [] []
[2017-05-01 12:05:07] ParseIt.ERROR: Url https://www.citilink.ru/catalog/mobile/note_aks/note_bags/322104/ return blank page with 213.159.209.229:65233 proxy [] []
[2017-05-01 12:05:15] ParseIt.ERROR: Url https://www.citilink.ru/catalog/mobile/notebooks/440459/ return blank page with 46.8.29.53:65233 proxy [] []
[2017-05-01 12:05:15] ParseIt.ERROR: Url https://www.citilink.ru/catalog/mobile/notebooks/411077/ return blank page with 185.46.8.205:65233 proxy [] []
[2017-05-01 12:05:15] ParseIt.ERROR: Url https://www.citilink.ru/catalog/mobile/notebooks/436021/ return blank page with 80.87.197.112:65233 proxy [] []
[2017-05-01 12:05:20] ParseIt.ERROR: Url https://www.citilink.ru/catalog/mobile/note_aks/note_bags/741913/ return blank page with 149.154.66.20:65233 proxy [] []
[2017-05-01 12:05:22] ParseIt.ERROR: Url https://www.citilink.ru/catalog/mobile/note_aks/note_bags/631234/ return blank page with 213.159.209.229:65233 proxy [] []
[2017-05-01 12:05:30] ParseIt.ERROR: Url https://www.citilink.ru/catalog/mobile/notebooks/422181/ return blank page with 80.87.197.112:65233 proxy [] []
[2017-05-01 12:05:30] ParseIt.ERROR: Url https://www.citilink.ru/catalog/mobile/notebooks/411100/ return blank page with 185.46.8.205:65233 proxy [] []
[2017-05-01 12:05:30] ParseIt.ERROR: Url https://www.citilink.ru/catalog/mobile/notebooks/419830/ return blank page with 46.8.29.53:65233 proxy [] []
[2017-05-01 12:05:36] ParseIt.ERROR: Url https://www.citilink.ru/catalog/mobile/note_aks/note_bags/792659/ return blank page with 149.154.66.20:65233 proxy [] []
[2017-05-01 12:05:38] ParseIt.ERROR: Url https://www.citilink.ru/catalog/mobile/note_aks/note_bags/333528/ return blank page with 213.159.209.229:65233 proxy [] []
[2017-05-01 12:05:46] ParseIt.ERROR: Url https://www.citilink.ru/catalog/mobile/notebooks/351529/ return blank page with 80.87.197.112:65233 proxy [] []
[2017-05-01 12:05:46] ParseIt.ERROR: Url https://www.citilink.ru/catalog/mobile/notebooks/415711/ return blank page with 185.46.8.205:65233 proxy [] []
[2017-05-01 12:05:47] ParseIt.ERROR: Url https://www.citilink.ru/catalog/mobile/notebooks/392712/ return blank page with 46.8.29.53:65233 proxy [] []
[2017-05-01 12:05:51] ParseIt.ERROR: Url https://www.citilink.ru/catalog/mobile/note_aks/note_bags/715019/ return blank page with 149.154.66.20:65233 proxy [] []
[2017-05-01 12:05:53] ParseIt.ERROR: Url https://www.citilink.ru/catalog/mobile/note_aks/note_bags/34225/ return blank page with 213.159.209.229:65233 proxy [] []
[2017-05-01 12:06:01] ParseIt.ERROR: Url https://www.citilink.ru/catalog/mobile/notebooks/415904/ return blank page with 185.46.8.205:65233 proxy [] []
[2017-05-01 12:06:02] ParseIt.ERROR: Url https://www.citilink.ru/catalog/mobile/notebooks/351539/ return blank page with 46.8.29.53:65233 proxy [] []
[2017-05-01 12:06:02] ParseIt.ERROR: Url https://www.citilink.ru/catalog/mobile/notebooks/408240/ return blank page with 80.87.197.112:65233 proxy [] []
[2017-05-01 12:06:06] ParseIt.ERROR: Url https://www.citilink.ru/catalog/mobile/note_aks/note_bags/606766/ return blank page with 149.154.66.20:65233 proxy [] []
[2017-05-01 12:06:08] ParseIt.ERROR: Url https://www.citilink.ru/catalog/mobile/note_aks/note_bags/411958/ return blank page with 213.159.209.229:65233 proxy [] []
[2017-05-01 12:06:17] ParseIt.ERROR: Url https://www.citilink.ru/catalog/mobile/notebooks/360221/ return blank page with 185.46.8.205:65233 proxy [] []
[2017-05-01 12:06:17] ParseIt.ERROR: Url https://www.citilink.ru/catalog/mobile/notebooks/428717/ return blank page with 80.87.197.112:65233 proxy [] []
[2017-05-01 12:06:19] ParseIt.ERROR: Url https://www.citilink.ru/catalog/mobile/notebooks/411059/ return blank page with 46.8.29.53:65233 proxy [] []
[2017-05-01 12:06:21] ParseIt.ERROR: Url https://www.citilink.ru/catalog/mobile/note_aks/note_bags/991901/ return blank page with 149.154.66.20:65233 proxy [] []
[2017-05-01 12:06:23] ParseIt.ERROR: Url https://www.citilink.ru/catalog/mobile/note_aks/note_bags/826650/ return blank page with 213.159.209.229:65233 proxy [] []
[2017-05-01 12:06:33] ParseIt.ERROR: Url https://www.citilink.ru/catalog/mobile/notebooks/392234/ return blank page with 185.46.8.205:65233 proxy [] []
[2017-05-01 12:06:34] ParseIt.ERROR: Url https://www.citilink.ru/catalog/mobile/notebooks/427195/ return blank page with 80.87.197.112:65233 proxy [] []
[2017-05-01 12:06:34] ParseIt.ERROR: Url https://www.citilink.ru/catalog/mobile/notebooks/440462/ return blank page with 46.8.29.53:65233 proxy [] []
[2017-05-01 12:06:37] ParseIt.ERROR: Url https://www.citilink.ru/catalog/mobile/note_aks/note_bags/288855/ return blank page with 149.154.66.20:65233 proxy [] []
[2017-05-01 12:06:39] ParseIt.ERROR: Url https://www.citilink.ru/catalog/mobile/note_aks/note_bags/411959/ return blank page with 213.159.209.229:65233 proxy [] []
[2017-05-01 12:06:49] ParseIt.ERROR: Url https://www.citilink.ru/catalog/mobile/notebooks/415902/ return blank page with 185.46.8.205:65233 proxy [] []
[2017-05-01 12:06:49] ParseIt.ERROR: Url https://www.citilink.ru/catalog/mobile/notebooks/431036/ return blank page with 46.8.29.53:65233 proxy [] []
[2017-05-01 12:06:50] ParseIt.ERROR: Url https://www.citilink.ru/catalog/mobile/notebooks/459346/ return blank page with 80.87.197.112:65233 proxy [] []
[2017-05-01 12:06:52] ParseIt.ERROR: Url https://www.citilink.ru/catalog/mobile/note_aks/note_bags/826245/ return blank page with 149.154.66.20:65233 proxy [] []
[2017-05-01 12:06:54] ParseIt.ERROR: Url https://www.citilink.ru/catalog/mobile/note_aks/note_bags/920441/ return blank page with 213.159.209.229:65233 proxy [] []
[2017-05-01 12:07:05] ParseIt.ERROR: Url https://www.citilink.ru/catalog/mobile/notebooks/408960/ return blank page with 185.46.8.205:65233 proxy [] []
[2017-05-01 12:07:05] ParseIt.ERROR: Url https://www.citilink.ru/catalog/mobile/notebooks/346996/ return blank page with 80.87.197.112:65233 proxy [] []
[2017-05-01 12:07:06] ParseIt.ERROR: Url https://www.citilink.ru/catalog/mobile/notebooks/382335/ return blank page with 46.8.29.53:65233 proxy [] []
[2017-05-01 12:07:07] ParseIt.ERROR: Url https://www.citilink.ru/catalog/mobile/note_aks/note_bags/357280/ return blank page with 149.154.66.20:65233 proxy [] []
[2017-05-01 12:07:09] ParseIt.ERROR: Url https://www.citilink.ru/catalog/mobile/note_aks/note_bags/696557/ return blank page with 213.159.209.229:65233 proxy [] []
[2017-05-01 12:07:20] ParseIt.ERROR: Url https://www.citilink.ru/catalog/mobile/notebooks/390959/ return blank page with 185.46.8.205:65233 proxy [] []
[2017-05-01 12:07:21] ParseIt.ERROR: Url https://www.citilink.ru/catalog/mobile/notebooks/415903/ return blank page with 80.87.197.112:65233 proxy [] []
[2017-05-01 12:07:22] ParseIt.ERROR: Url https://www.citilink.ru/catalog/mobile/notebooks/344219/ return blank page with 46.8.29.53:65233 proxy [] []
[2017-05-01 12:07:22] ParseIt.ERROR: Url https://www.citilink.ru/catalog/mobile/note_aks/note_bags/606767/ return blank page with 149.154.66.20:65233 proxy [] []
[2017-05-01 12:07:25] ParseIt.ERROR: Url https://www.citilink.ru/catalog/mobile/note_aks/note_bags/667455/ return blank page with 213.159.209.229:65233 proxy [] []
[2017-05-01 12:07:36] ParseIt.ERROR: Url https://www.citilink.ru/catalog/mobile/notebooks/431207/ return blank page with 185.46.8.205:65233 proxy [] []
[2017-05-01 12:07:37] ParseIt.ERROR: Url https://www.citilink.ru/catalog/mobile/notebooks/442039/ return blank page with 46.8.29.53:65233 proxy [] []
[2017-05-01 12:07:38] ParseIt.ERROR: Url https://www.citilink.ru/catalog/mobile/note_aks/note_bags/357281/ return blank page with 149.154.66.20:65233 proxy [] []
[2017-05-01 12:07:40] ParseIt.ERROR: Url https://www.citilink.ru/catalog/mobile/note_aks/note_bags/351995/ return blank page with 213.159.209.229:65233 proxy [] []
[2017-05-01 12:07:52] ParseIt.ERROR: Url https://www.citilink.ru/catalog/mobile/notebooks/360216/ return blank page with 185.46.8.205:65233 proxy [] []
[2017-05-01 12:07:53] ParseIt.ERROR: Url https://www.citilink.ru/catalog/mobile/note_aks/note_bags/407435/ return blank page with 80.87.197.112:65233 proxy [] []
[2017-05-01 12:07:53] ParseIt.ERROR: Url https://www.citilink.ru/catalog/mobile/notebooks/415732/ return blank page with 46.8.29.53:65233 proxy [] []
[2017-05-01 12:07:55] ParseIt.ERROR: Url https://www.citilink.ru/catalog/mobile/note_aks/note_bags/330393/ return blank page with 149.154.66.20:65233 proxy [] []
[2017-05-01 12:08:07] ParseIt.ERROR: Url https://www.citilink.ru/catalog/mobile/notebooks/440464/ return blank page with 213.159.209.229:65233 proxy [] []
[2017-05-01 12:08:08] ParseIt.ERROR: Url https://www.citilink.ru/catalog/mobile/notebooks/411085/ return blank page with 185.46.8.205:65233 proxy [] []
[2017-05-01 12:08:11] ParseIt.ERROR: Url https://www.citilink.ru/catalog/mobile/note_aks/note_bags/944766/ return blank page with 80.87.197.112:65233 proxy [] []
[2017-05-01 12:08:11] ParseIt.ERROR: Url https://www.citilink.ru/catalog/mobile/note_aks/note_bags/606765/ return blank page with 46.8.29.53:65233 proxy [] []
[2017-05-01 12:08:22] ParseIt.ERROR: Url https://www.citilink.ru/catalog/mobile/notebooks/334100/ return blank page with 149.154.66.20:65233 proxy [] []
[2017-05-01 12:08:24] ParseIt.ERROR: Url https://www.citilink.ru/catalog/mobile/notebooks/407254/ return blank page with 213.159.209.229:65233 proxy [] []
[2017-05-01 12:08:27] ParseIt.ERROR: Url https://www.citilink.ru/catalog/mobile/note_aks/note_bags/322093/ return blank page with 185.46.8.205:65233 proxy [] []
[2017-05-01 12:08:28] ParseIt.ERROR: Url https://www.citilink.ru/catalog/mobile/note_aks/note_bags/696558/ return blank page with 46.8.29.53:65233 proxy [] []
[2017-05-01 12:08:42] ParseIt.ERROR: Url https://www.citilink.ru/catalog/mobile/note_aks/note_bags/996728/ return blank page with 213.159.209.229:65233 proxy [] []
[2017-05-01 12:08:45] ParseIt.ERROR: Url https://www.citilink.ru/catalog/mobile/note_aks/note_bags/944507/ return blank page with 46.8.29.53:65233 proxy [] []
[2017-05-01 12:08:57] ParseIt.ERROR: Url https://www.citilink.ru/catalog/mobile/note_aks/note_bags/632399/ return blank page with 185.46.8.205:65233 proxy [] []
[2017-05-01 12:09:00] ParseIt.ERROR: Url https://www.citilink.ru/catalog/mobile/note_aks/note_bags/382377/ return blank page with 80.87.197.112:65233 proxy [] []
[2017-05-01 12:09:12] ParseIt.ERROR: Url https://www.citilink.ru/catalog/mobile/note_aks/note_bags/632400/ return blank page with 149.154.66.20:65233 proxy [] []
[2017-05-01 12:09:16] ParseIt.ERROR: Url https://www.citilink.ru/catalog/mobile/note_aks/note_bags/382369/ return blank page with 213.159.209.229:65233 proxy [] []
[2017-05-01 12:09:28] ParseIt.ERROR: Url https://www.citilink.ru/catalog/mobile/note_aks/note_bags/435323/ return blank page with 46.8.29.53:65233 proxy [] []
[2017-05-01 12:09:31] ParseIt.ERROR: Url https://www.citilink.ru/catalog/mobile/note_aks/note_bags/389677/ return blank page with 185.46.8.205:65233 proxy [] []
[2017-05-01 12:09:44] ParseIt.ERROR: Url https://www.citilink.ru/catalog/mobile/note_aks/note_bags/322106/ return blank page with 80.87.197.112:65233 proxy [] []
[2017-05-01 12:09:46] ParseIt.INFO: New - 10, update - 0, from - https://www.citilink.ru/catalog/mobile/note_aks/rukzaki_dlya_noutbukov/ [] []
[2017-05-01 12:09:59] ParseIt.ERROR: Url https://www.citilink.ru/catalog/mobile/note_aks/note_bags/991906/ return blank page with 149.154.66.20:65233 proxy [] []
[2017-05-01 12:10:14] ParseIt.ERROR: Url https://www.citilink.ru/catalog/mobile/note_aks/note_bags/991888/ return blank page with 213.159.209.229:65233 proxy [] []
[2017-05-01 12:10:30] ParseIt.ERROR: Url https://www.citilink.ru/catalog/mobile/note_aks/note_bags/991925/ return blank page with 46.8.29.53:65233 proxy [] []
[2017-05-01 12:10:45] ParseIt.ERROR: Url https://www.citilink.ru/catalog/mobile/note_aks/note_bags/996734/ return blank page with 185.46.8.205:65233 proxy [] []
[2017-05-01 12:11:00] ParseIt.ERROR: Url https://www.citilink.ru/catalog/mobile/note_aks/note_bags/606768/ return blank page with 80.87.197.112:65233 proxy [] []
[2017-05-01 12:11:16] ParseIt.ERROR: Url https://www.citilink.ru/catalog/mobile/note_aks/note_bags/618749/ return blank page with 149.154.66.20:65233 proxy [] []
[2017-05-01 12:11:31] ParseIt.ERROR: Url https://www.citilink.ru/catalog/mobile/note_aks/note_bags/34226/ return blank page with 213.159.209.229:65233 proxy [] []
[2017-05-01 12:11:47] ParseIt.ERROR: Url https://www.citilink.ru/catalog/mobile/note_aks/note_bags/826246/ return blank page with 46.8.29.53:65233 proxy [] []
[2017-05-01 12:12:02] ParseIt.ERROR: Url https://www.citilink.ru/catalog/mobile/note_aks/note_bags/744307/ return blank page with 185.46.8.205:65233 proxy [] []
[2017-05-01 12:12:17] ParseIt.ERROR: Url https://www.citilink.ru/catalog/mobile/note_aks/note_bags/29363/ return blank page with 80.87.197.112:65233 proxy [] []
[2017-05-01 12:12:32] ParseIt.ERROR: Url https://www.citilink.ru/catalog/mobile/note_aks/note_bags/359071/ return blank page with 149.154.66.20:65233 proxy [] []
[2017-05-01 12:12:48] ParseIt.ERROR: Url https://www.citilink.ru/catalog/mobile/note_aks/note_bags/991934/ return blank page with 213.159.209.229:65233 proxy [] []
[2017-05-01 12:13:08] ParseIt.ERROR: Url https://www.citilink.ru/catalog/mobile/note_aks/note_bags/991893/ return blank page with 46.8.29.53:65233 proxy [] []
[2017-05-01 12:13:24] ParseIt.ERROR: Url https://www.citilink.ru/catalog/mobile/note_aks/note_bags/510430/ return blank page with 185.46.8.205:65233 proxy [] []
[2017-05-01 12:13:39] ParseIt.ERROR: Url https://www.citilink.ru/catalog/mobile/note_aks/note_bags/792648/ return blank page with 80.87.197.112:65233 proxy [] []
[2017-05-01 12:13:54] ParseIt.ERROR: Url https://www.citilink.ru/catalog/mobile/note_aks/note_bags/991930/ return blank page with 149.154.66.20:65233 proxy [] []
[2017-05-01 12:14:19] ParseIt.ERROR: Url https://www.citilink.ru/catalog/mobile/note_aks/note_bags/991926/ return blank page with 213.159.209.229:65233 proxy [] []
[2017-05-01 12:16:11] ParseIt.ERROR: Url https://www.citilink.ru/catalog/mobile/note_aks/note_bags/328492/ return blank page with 46.8.29.53:65233 proxy [] []
[2017-05-01 12:16:26] ParseIt.ERROR: Url https://www.citilink.ru/catalog/mobile/note_aks/note_bags/301939/ return blank page with 185.46.8.205:65233 proxy [] []
[2017-05-01 12:16:41] ParseIt.ERROR: Url https://www.citilink.ru/catalog/mobile/note_aks/note_bags/407436/ return blank page with 80.87.197.112:65233 proxy [] []
[2017-05-01 12:16:57] ParseIt.ERROR: Url https://www.citilink.ru/catalog/mobile/note_aks/note_bags/435330/ return blank page with 149.154.66.20:65233 proxy [] []
[2017-05-01 12:17:12] ParseIt.ERROR: Url https://www.citilink.ru/catalog/mobile/note_aks/note_bags/435331/ return blank page with 213.159.209.229:65233 proxy [] []
[2017-05-01 12:17:27] ParseIt.ERROR: Url https://www.citilink.ru/catalog/mobile/note_aks/note_bags/328485/ return blank page with 46.8.29.53:65233 proxy [] []
[2017-05-01 12:33:45] ParseIt.ERROR: Url https://www.citilink.ru/catalog/mobile/note_aks/note_bags/908687/ return blank page with 185.46.8.205:65233 proxy [] []
[2017-05-01 12:34:16] ParseIt.INFO: New - 67, update - 0, from - https://www.citilink.ru/catalog/mobile/note_aks/note_bags/ [] []
