[2017-03-25 13:28:30] ParseIt.INFO: Parsing source - https://www.citilink.ru/catalog/mobile/cell_phones/?available=1&status=55395790&p=1&f=1376_214XIAOMI [] []
[2017-03-25 13:30:34] ParseIt.INFO: Parsing process - run [] []
[2017-03-25 13:30:36] ParseIt.INFO: Parsing source - https://www.citilink.ru/catalog/mobile/cell_phones/?available=1&status=55395790&p=1&f=1376_214XIAOMI [] []
[2017-03-25 13:31:23] ParseIt.INFO: Parsing process - done [] []
[2017-03-25 13:31:24] ParseIt.INFO: Parsing process - run [] []
[2017-03-25 13:31:26] ParseIt.INFO: Parsing source - https://www.citilink.ru/catalog/mobile/cell_phones/?available=1&status=55395790&p=1&f=1376_214XIAOMI [] []
[2017-03-25 13:31:36] ParseIt.ERROR: ParseitController.run() {"errors":["[object] (ErrorException(code: 0): Undefined variable: sources at /var/www/mobzilla/data/www/mobzilla.su/parseit/app/Donors/CitilinkRu.php:49)"],"source":"https://www.citilink.ru/catalog/mobile/cell_phones/?available=1&status=55395790&p=1&f=1376_214XIAOMI"} []
[2017-03-25 13:31:36] ParseIt.INFO: Parsing source - https://www.citilink.ru/catalog/mobile/smartfony/?available=1&status=55395790&p=1&f=1376_214HUAWEI [] []
[2017-03-25 13:34:34] ParseIt.INFO: Parsing process - run [] []
[2017-03-25 13:34:36] ParseIt.INFO: Parsing source - https://www.citilink.ru/catalog/mobile/cell_phones/?available=1&status=55395790&p=1&f=1376_214XIAOMI [] []
[2017-03-25 13:34:41] ParseIt.INFO: Parsing source - https://www.citilink.ru/catalog/mobile/smartfony/?available=1&status=55395790&p=1&f=1376_214HUAWEI [] []
[2017-03-25 13:37:52] ParseIt.INFO: Parsing process - run [] []
[2017-03-25 13:37:55] ParseIt.INFO: Parsing source - https://www.citilink.ru/catalog/mobile/cell_phones/?available=1&status=55395790&p=1&f=1376_214XIAOMI [] []
[2017-03-25 13:39:00] ParseIt.INFO: Parsing source - https://www.citilink.ru/catalog/mobile/smartfony/?available=1&status=55395790&p=1&f=1376_214HUAWEI [] []
[2017-03-25 13:40:15] ParseIt.INFO: Parsing process - run [] []
[2017-03-25 13:40:20] ParseIt.INFO: Parsing source - https://www.citilink.ru/catalog/mobile/cell_phones/?available=1&status=55395790&p=1&f=1376_214XIAOMI [] []
[2017-03-25 13:45:05] ParseIt.INFO: Parsing process - run [] []
[2017-03-25 13:45:08] ParseIt.INFO: Parsing source - https://www.citilink.ru/catalog/mobile/cell_phones/?available=1&status=55395790&p=1&f=1376_214XIAOMI [] []
[2017-03-25 13:45:18] ParseIt.INFO: Parsing source - https://www.citilink.ru/catalog/mobile/smartfony/?available=1&status=55395790&p=1&f=1376_214HUAWEI [] []
[2017-03-25 13:45:20] ParseIt.INFO: Parsing process - done [] []
[2017-03-25 13:45:21] ParseIt.INFO: Parsing process - done [] []
[2017-03-25 13:45:22] ParseIt.INFO: Parsing process - done [] []
[2017-03-25 13:45:23] ParseIt.INFO: Parsing process - done [] []
[2017-03-25 13:45:23] ParseIt.INFO: Parsing process - done [] []
[2017-03-25 13:46:06] ParseIt.INFO: Parsing process - run [] []
[2017-03-25 13:46:08] ParseIt.INFO: Parsing source - https://www.citilink.ru/catalog/mobile/cell_phones/?available=1&status=55395790&p=1&f=1376_214XIAOMI [] []
[2017-03-25 13:47:55] ParseIt.INFO: Parsing process - run [] []
[2017-03-25 13:47:57] ParseIt.INFO: Parsing source - https://www.citilink.ru/catalog/mobile/cell_phones/?available=1&status=55395790&p=1&f=1376_214XIAOMI [] []
[2017-03-25 13:49:01] ParseIt.INFO: Parsing process - done [] []
[2017-03-25 13:49:03] ParseIt.INFO: Parsing process - done [] []
[2017-03-25 13:49:05] ParseIt.INFO: Parsing process - done [] []
[2017-03-25 13:49:07] ParseIt.INFO: Parsing process - run [] []
[2017-03-25 13:49:09] ParseIt.INFO: Parsing source - https://www.citilink.ru/catalog/mobile/cell_phones/?available=1&status=55395790&p=1&f=1376_214XIAOMI [] []
[2017-03-25 13:49:20] ParseIt.ERROR: Url https://www.citilink.ru/catalog/mobile/cell_phones/405623/ return blank page [] []
[2017-03-25 13:49:32] ParseIt.ERROR: Url https://www.citilink.ru/catalog/mobile/cell_phones/417594/ return blank page [] []
[2017-03-25 13:49:33] ParseIt.INFO: New - 0, update - 11, from - https://www.citilink.ru/catalog/mobile/cell_phones/?available=1&status=55395790&p=1&f=1376_214XIAOMI [] []
[2017-03-25 13:49:33] ParseIt.INFO: Parsing source - https://www.citilink.ru/catalog/mobile/smartfony/?available=1&status=55395790&p=1&f=1376_214HUAWEI [] []
[2017-03-25 13:49:43] ParseIt.ERROR: Url https://www.citilink.ru/catalog/mobile/cell_phones/382771/ return blank page [] []
[2017-03-25 13:49:44] ParseIt.ERROR: Url https://www.citilink.ru/catalog/mobile/cell_phones/382764/ return blank page [] []
[2017-03-25 13:49:44] ParseIt.ERROR: Url https://www.citilink.ru/catalog/mobile/cell_phones/409563/ return blank page [] []
[2017-03-25 13:49:45] ParseIt.ERROR: Url https://www.citilink.ru/catalog/mobile/cell_phones/409561/ return blank page [] []
[2017-03-25 13:49:45] ParseIt.ERROR: Url https://www.citilink.ru/catalog/mobile/cell_phones/414963/ return blank page [] []
[2017-03-25 13:49:45] ParseIt.ERROR: Url https://www.citilink.ru/catalog/mobile/cell_phones/414965/ return blank page [] []
[2017-03-25 13:49:47] ParseIt.ERROR: Url https://www.citilink.ru/catalog/mobile/cell_phones/386952/ return blank page [] []
[2017-03-25 13:49:47] ParseIt.ERROR: Url https://www.citilink.ru/catalog/mobile/cell_phones/386953/ return blank page [] []
[2017-03-25 13:49:47] ParseIt.ERROR: Url https://www.citilink.ru/catalog/mobile/cell_phones/382773/ return blank page [] []
[2017-03-25 13:49:47] ParseIt.ERROR: Url https://www.citilink.ru/catalog/mobile/cell_phones/382795/ return blank page [] []
[2017-03-25 13:49:48] ParseIt.ERROR: Url https://www.citilink.ru/catalog/mobile/cell_phones/403660/ return blank page [] []
[2017-03-25 13:49:48] ParseIt.ERROR: Url https://www.citilink.ru/catalog/mobile/cell_phones/416302/ return blank page [] []
[2017-03-25 13:49:48] ParseIt.ERROR: Url https://www.citilink.ru/catalog/mobile/cell_phones/412562/ return blank page [] []
[2017-03-25 13:49:49] ParseIt.ERROR: Url https://www.citilink.ru/catalog/mobile/cell_phones/419709/ return blank page [] []
[2017-03-25 13:49:50] ParseIt.ERROR: Url https://www.citilink.ru/catalog/mobile/cell_phones/419706/ return blank page [] []
[2017-03-25 13:49:50] ParseIt.ERROR: Url https://www.citilink.ru/catalog/mobile/cell_phones/407220/ return blank page [] []
[2017-03-25 13:49:51] ParseIt.ERROR: Url https://www.citilink.ru/catalog/mobile/cell_phones/407222/ return blank page [] []
[2017-03-25 13:49:51] ParseIt.ERROR: Url https://www.citilink.ru/catalog/mobile/cell_phones/436622/ return blank page [] []
[2017-03-25 13:49:51] ParseIt.ERROR: Url https://www.citilink.ru/catalog/mobile/cell_phones/382797/ return blank page [] []
[2017-03-25 13:49:52] ParseIt.ERROR: Url https://www.citilink.ru/catalog/mobile/cell_phones/382796/ return blank page [] []
[2017-03-25 13:49:52] ParseIt.ERROR: Url https://www.citilink.ru/catalog/mobile/cell_phones/394932/ return blank page [] []
[2017-03-25 13:49:55] ParseIt.ERROR: Url https://www.citilink.ru/catalog/mobile/cell_phones/394927/ return blank page [] []
[2017-03-25 13:49:56] ParseIt.ERROR: Url https://www.citilink.ru/catalog/mobile/cell_phones/400083/ return blank page [] []
[2017-03-25 13:49:57] ParseIt.ERROR: Url https://www.citilink.ru/catalog/mobile/cell_phones/420397/ return blank page [] []
[2017-03-25 13:49:57] ParseIt.INFO: New - 4, update - 6, from - https://www.citilink.ru/catalog/mobile/smartfony/?available=1&status=55395790&p=1&f=1376_214HUAWEI [] []
[2017-03-25 13:49:57] ParseIt.INFO: Parsing process - done [] []
[2017-03-25 13:54:21] ParseIt.INFO: Parsing process - run [] []
[2017-03-25 13:54:23] ParseIt.INFO: Parsing source - https://www.citilink.ru/catalog/mobile/cell_phones/?available=1&status=55395790&p=1&f=1376_214XIAOMI [] []
[2017-03-25 13:54:25] ParseIt.ERROR: Url https://www.citilink.ru/catalog/mobile/cell_phones/436867/ return blank page [] []
[2017-03-25 13:54:25] ParseIt.ERROR: Url https://www.citilink.ru/catalog/mobile/cell_phones/428092/ return blank page [] []
[2017-03-25 13:54:26] ParseIt.ERROR: Url https://www.citilink.ru/catalog/mobile/cell_phones/436670/ return blank page [] []
[2017-03-25 13:54:26] ParseIt.ERROR: Url https://www.citilink.ru/catalog/mobile/cell_phones/436910/ return blank page [] []
[2017-03-25 13:54:27] ParseIt.ERROR: Url https://www.citilink.ru/catalog/mobile/cell_phones/436908/ return blank page [] []
[2017-03-25 13:54:27] ParseIt.ERROR: Url https://www.citilink.ru/catalog/mobile/cell_phones/436130/ return blank page [] []
[2017-03-25 13:54:27] ParseIt.ERROR: Url https://www.citilink.ru/catalog/mobile/cell_phones/440704/ return blank page [] []
[2017-03-25 13:54:28] ParseIt.ERROR: Url https://www.citilink.ru/catalog/mobile/cell_phones/405618/ return blank page [] []
[2017-03-25 13:54:28] ParseIt.ERROR: Url https://www.citilink.ru/catalog/mobile/cell_phones/405623/ return blank page [] []
[2017-03-25 13:54:28] ParseIt.ERROR: Url https://www.citilink.ru/catalog/mobile/cell_phones/411672/ return blank page [] []
[2017-03-25 13:54:28] ParseIt.ERROR: Url https://www.citilink.ru/catalog/mobile/cell_phones/417592/ return blank page [] []
[2017-03-25 13:54:28] ParseIt.ERROR: Url https://www.citilink.ru/catalog/mobile/cell_phones/417594/ return blank page [] []
[2017-03-25 13:54:29] ParseIt.ERROR: Url https://www.citilink.ru/catalog/mobile/cell_phones/417596/ return blank page [] []
[2017-03-25 13:54:29] ParseIt.INFO: New - 0, update - 0, from - https://www.citilink.ru/catalog/mobile/cell_phones/?available=1&status=55395790&p=1&f=1376_214XIAOMI [] []
[2017-03-25 13:54:29] ParseIt.INFO: Parsing source - https://www.citilink.ru/catalog/mobile/smartfony/?available=1&status=55395790&p=1&f=1376_214HUAWEI [] []
[2017-03-25 13:54:32] ParseIt.ERROR: Url https://www.citilink.ru/catalog/mobile/cell_phones/403653/ return blank page [] []
[2017-03-25 13:54:32] ParseIt.ERROR: Url https://www.citilink.ru/catalog/mobile/cell_phones/403656/ return blank page [] []
[2017-03-25 13:54:32] ParseIt.ERROR: Url https://www.citilink.ru/catalog/mobile/cell_phones/394243/ return blank page [] []
[2017-03-25 13:54:33] ParseIt.ERROR: Url https://www.citilink.ru/catalog/mobile/cell_phones/394240/ return blank page [] []
[2017-03-25 13:54:33] ParseIt.ERROR: Url https://www.citilink.ru/catalog/mobile/cell_phones/394242/ return blank page [] []
[2017-03-25 13:54:34] ParseIt.ERROR: Url https://www.citilink.ru/catalog/mobile/cell_phones/382770/ return blank page [] []
[2017-03-25 13:54:34] ParseIt.ERROR: Url https://www.citilink.ru/catalog/mobile/cell_phones/382771/ return blank page [] []
[2017-03-25 13:54:34] ParseIt.ERROR: Url https://www.citilink.ru/catalog/mobile/cell_phones/382764/ return blank page [] []
[2017-03-25 13:54:34] ParseIt.ERROR: Url https://www.citilink.ru/catalog/mobile/cell_phones/409563/ return blank page [] []
[2017-03-25 13:54:35] ParseIt.ERROR: Url https://www.citilink.ru/catalog/mobile/cell_phones/409561/ return blank page [] []
[2017-03-25 13:54:35] ParseIt.ERROR: Url https://www.citilink.ru/catalog/mobile/cell_phones/414963/ return blank page [] []
[2017-03-25 13:54:35] ParseIt.ERROR: Url https://www.citilink.ru/catalog/mobile/cell_phones/414965/ return blank page [] []
[2017-03-25 13:54:36] ParseIt.ERROR: Url https://www.citilink.ru/catalog/mobile/cell_phones/386947/ return blank page [] []
[2017-03-25 13:54:36] ParseIt.ERROR: Url https://www.citilink.ru/catalog/mobile/cell_phones/386952/ return blank page [] []
[2017-03-25 13:54:37] ParseIt.ERROR: Url https://www.citilink.ru/catalog/mobile/cell_phones/386953/ return blank page [] []
[2017-03-25 13:54:37] ParseIt.ERROR: Url https://www.citilink.ru/catalog/mobile/cell_phones/382773/ return blank page [] []
[2017-03-25 13:54:37] ParseIt.ERROR: Url https://www.citilink.ru/catalog/mobile/cell_phones/382795/ return blank page [] []
[2017-03-25 13:54:37] ParseIt.ERROR: Url https://www.citilink.ru/catalog/mobile/cell_phones/403660/ return blank page [] []
[2017-03-25 13:54:38] ParseIt.ERROR: Url https://www.citilink.ru/catalog/mobile/cell_phones/416302/ return blank page [] []
[2017-03-25 13:54:38] ParseIt.ERROR: Url https://www.citilink.ru/catalog/mobile/cell_phones/412562/ return blank page [] []
[2017-03-25 13:54:38] ParseIt.ERROR: Url https://www.citilink.ru/catalog/mobile/cell_phones/419709/ return blank page [] []
[2017-03-25 13:54:38] ParseIt.ERROR: Url https://www.citilink.ru/catalog/mobile/cell_phones/419710/ return blank page [] []
[2017-03-25 13:54:39] ParseIt.ERROR: Url https://www.citilink.ru/catalog/mobile/cell_phones/419706/ return blank page [] []
[2017-03-25 13:54:39] ParseIt.ERROR: Url https://www.citilink.ru/catalog/mobile/cell_phones/407220/ return blank page [] []
[2017-03-25 13:54:39] ParseIt.ERROR: Url https://www.citilink.ru/catalog/mobile/cell_phones/407222/ return blank page [] []
[2017-03-25 13:54:40] ParseIt.ERROR: Url https://www.citilink.ru/catalog/mobile/cell_phones/436622/ return blank page [] []
[2017-03-25 13:54:40] ParseIt.ERROR: Url https://www.citilink.ru/catalog/mobile/cell_phones/382797/ return blank page [] []
[2017-03-25 13:54:40] ParseIt.ERROR: Url https://www.citilink.ru/catalog/mobile/cell_phones/382796/ return blank page [] []
[2017-03-25 13:54:41] ParseIt.ERROR: Url https://www.citilink.ru/catalog/mobile/cell_phones/394932/ return blank page [] []
[2017-03-25 13:54:41] ParseIt.ERROR: Url https://www.citilink.ru/catalog/mobile/cell_phones/394933/ return blank page [] []
[2017-03-25 13:54:42] ParseIt.ERROR: Url https://www.citilink.ru/catalog/mobile/cell_phones/394927/ return blank page [] []
[2017-03-25 13:54:42] ParseIt.ERROR: Url https://www.citilink.ru/catalog/mobile/cell_phones/394934/ return blank page [] []
[2017-03-25 13:54:42] ParseIt.ERROR: Url https://www.citilink.ru/catalog/mobile/cell_phones/400083/ return blank page [] []
[2017-03-25 13:54:43] ParseIt.ERROR: Url https://www.citilink.ru/catalog/mobile/cell_phones/420397/ return blank page [] []
[2017-03-25 13:54:43] ParseIt.INFO: New - 0, update - 0, from - https://www.citilink.ru/catalog/mobile/smartfony/?available=1&status=55395790&p=1&f=1376_214HUAWEI [] []
[2017-03-25 13:54:43] ParseIt.INFO: Parsing process - done [] []
[2017-03-25 13:59:13] ParseIt.INFO: Parsing process - run [] []
[2017-03-25 13:59:15] ParseIt.INFO: Parsing source - https://www.citilink.ru/catalog/mobile/cell_phones/?available=1&status=55395790&p=1&f=1376_214XIAOMI [] []
[2017-03-25 13:59:25] ParseIt.ERROR: Url https://www.citilink.ru/catalog/mobile/cell_phones/436908/ return blank page [] []
[2017-03-25 13:59:26] ParseIt.ERROR: Url https://www.citilink.ru/catalog/mobile/cell_phones/436130/ return blank page [] []
[2017-03-25 13:59:27] ParseIt.ERROR: Url https://www.citilink.ru/catalog/mobile/cell_phones/440704/ return blank page [] []
[2017-03-25 13:59:28] ParseIt.ERROR: Url https://www.citilink.ru/catalog/mobile/cell_phones/405618/ return blank page [] []
[2017-03-25 13:59:30] ParseIt.ERROR: Url https://www.citilink.ru/catalog/mobile/cell_phones/405623/ return blank page [] []
[2017-03-25 13:59:31] ParseIt.ERROR: Url https://www.citilink.ru/catalog/mobile/cell_phones/411672/ return blank page [] []
[2017-03-25 13:59:32] ParseIt.ERROR: Url https://www.citilink.ru/catalog/mobile/cell_phones/417592/ return blank page [] []
[2017-03-25 13:59:36] ParseIt.INFO: New - 0, update - 6, from - https://www.citilink.ru/catalog/mobile/cell_phones/?available=1&status=55395790&p=1&f=1376_214XIAOMI [] []
[2017-03-25 13:59:36] ParseIt.INFO: Parsing source - https://www.citilink.ru/catalog/mobile/smartfony/?available=1&status=55395790&p=1&f=1376_214HUAWEI [] []
[2017-03-25 13:59:51] ParseIt.ERROR: Url https://www.citilink.ru/catalog/mobile/cell_phones/382771/ return blank page [] []
[2017-03-25 13:59:55] ParseIt.ERROR: Url https://www.citilink.ru/catalog/mobile/cell_phones/409563/ return blank page [] []
[2017-03-25 14:00:05] ParseIt.ERROR: Url https://www.citilink.ru/catalog/mobile/cell_phones/386952/ return blank page [] []
[2017-03-25 14:00:43] ParseIt.ERROR: Url https://www.citilink.ru/catalog/mobile/cell_phones/394934/ return blank page [] []
[2017-03-25 14:00:45] ParseIt.ERROR: Url https://www.citilink.ru/catalog/mobile/cell_phones/400083/ return blank page [] []
[2017-03-25 14:00:46] ParseIt.ERROR: Url https://www.citilink.ru/catalog/mobile/cell_phones/420397/ return blank page [] []
[2017-03-25 14:00:46] ParseIt.INFO: New - 18, update - 10, from - https://www.citilink.ru/catalog/mobile/smartfony/?available=1&status=55395790&p=1&f=1376_214HUAWEI [] []
[2017-03-25 14:00:46] ParseIt.INFO: Parsing process - done [] []
[2017-03-25 14:02:01] ParseIt.INFO: Parsing process - run [] []
[2017-03-25 14:03:02] ParseIt.INFO: Parsing process - run [] []
[2017-03-25 14:03:05] ParseIt.INFO: Parsing source - https://www.citilink.ru/catalog/mobile/cell_phones/?available=1&status=55395790&p=1&f=1376_214XIAOMI [] []
[2017-03-25 14:03:09] ParseIt.ERROR: Url https://www.citilink.ru/catalog/mobile/cell_phones/436867/ return blank page [] []
[2017-03-25 14:03:11] ParseIt.ERROR: Url https://www.citilink.ru/catalog/mobile/cell_phones/428092/ return blank page [] []
[2017-03-25 14:03:14] ParseIt.ERROR: Url https://www.citilink.ru/catalog/mobile/cell_phones/436670/ return blank page [] []
[2017-03-25 14:03:16] ParseIt.ERROR: Url https://www.citilink.ru/catalog/mobile/cell_phones/436910/ return blank page [] []
[2017-03-25 14:03:18] ParseIt.ERROR: Url https://www.citilink.ru/catalog/mobile/cell_phones/436908/ return blank page [] []
[2017-03-25 14:03:21] ParseIt.ERROR: Url https://www.citilink.ru/catalog/mobile/cell_phones/436130/ return blank page [] []
[2017-03-25 14:03:23] ParseIt.ERROR: Url https://www.citilink.ru/catalog/mobile/cell_phones/440704/ return blank page [] []
[2017-03-25 14:03:25] ParseIt.ERROR: Url https://www.citilink.ru/catalog/mobile/cell_phones/405618/ return blank page [] []
[2017-03-25 14:03:28] ParseIt.ERROR: Url https://www.citilink.ru/catalog/mobile/cell_phones/405623/ return blank page [] []
[2017-03-25 14:03:30] ParseIt.ERROR: Url https://www.citilink.ru/catalog/mobile/cell_phones/411672/ return blank page [] []
[2017-03-25 14:03:32] ParseIt.ERROR: Url https://www.citilink.ru/catalog/mobile/cell_phones/417592/ return blank page [] []
[2017-03-25 14:03:34] ParseIt.ERROR: Url https://www.citilink.ru/catalog/mobile/cell_phones/417594/ return blank page [] []
[2017-03-25 14:03:37] ParseIt.ERROR: Url https://www.citilink.ru/catalog/mobile/cell_phones/417596/ return blank page [] []
[2017-03-25 14:03:37] ParseIt.INFO: New - 0, update - 0, from - https://www.citilink.ru/catalog/mobile/cell_phones/?available=1&status=55395790&p=1&f=1376_214XIAOMI [] []
[2017-03-25 14:03:37] ParseIt.INFO: Parsing source - https://www.citilink.ru/catalog/mobile/smartfony/?available=1&status=55395790&p=1&f=1376_214HUAWEI [] []
[2017-03-25 14:03:41] ParseIt.ERROR: Url https://www.citilink.ru/catalog/mobile/cell_phones/403653/ return blank page [] []
[2017-03-25 14:03:43] ParseIt.ERROR: Url https://www.citilink.ru/catalog/mobile/cell_phones/403656/ return blank page [] []
[2017-03-25 14:03:46] ParseIt.ERROR: Url https://www.citilink.ru/catalog/mobile/cell_phones/394243/ return blank page [] []
[2017-03-25 14:03:48] ParseIt.ERROR: Url https://www.citilink.ru/catalog/mobile/cell_phones/394240/ return blank page [] []
[2017-03-25 14:03:50] ParseIt.ERROR: Url https://www.citilink.ru/catalog/mobile/cell_phones/394242/ return blank page [] []
[2017-03-25 14:03:56] ParseIt.ERROR: Url https://www.citilink.ru/catalog/mobile/cell_phones/382771/ return blank page [] []
[2017-03-25 14:03:58] ParseIt.ERROR: Url https://www.citilink.ru/catalog/mobile/cell_phones/382764/ return blank page [] []
[2017-03-25 14:04:01] ParseIt.ERROR: Url https://www.citilink.ru/catalog/mobile/cell_phones/409563/ return blank page [] []
[2017-03-25 14:04:03] ParseIt.ERROR: Url https://www.citilink.ru/catalog/mobile/cell_phones/409561/ return blank page [] []
[2017-03-25 14:04:09] ParseIt.ERROR: Url https://www.citilink.ru/catalog/mobile/cell_phones/414965/ return blank page [] []
[2017-03-25 14:04:26] ParseIt.ERROR: Url https://www.citilink.ru/catalog/mobile/cell_phones/403660/ return blank page [] []
[2017-03-25 14:04:44] ParseIt.ERROR: Url https://www.citilink.ru/catalog/mobile/cell_phones/407220/ return blank page [] []
[2017-03-25 14:04:52] ParseIt.ERROR: Url https://www.citilink.ru/catalog/mobile/cell_phones/382797/ return blank page [] []
[2017-03-25 14:04:54] ParseIt.ERROR: Url https://www.citilink.ru/catalog/mobile/cell_phones/382796/ return blank page [] []
[2017-03-25 14:04:57] ParseIt.ERROR: Url https://www.citilink.ru/catalog/mobile/cell_phones/394932/ return blank page [] []
[2017-03-25 14:04:59] ParseIt.ERROR: Url https://www.citilink.ru/catalog/mobile/cell_phones/394933/ return blank page [] []
[2017-03-25 14:05:01] ParseIt.ERROR: Url https://www.citilink.ru/catalog/mobile/cell_phones/394927/ return blank page [] []
[2017-03-25 14:05:04] ParseIt.ERROR: Url https://www.citilink.ru/catalog/mobile/cell_phones/394934/ return blank page [] []
[2017-03-25 14:05:06] ParseIt.ERROR: Url https://www.citilink.ru/catalog/mobile/cell_phones/400083/ return blank page [] []
[2017-03-25 14:05:08] ParseIt.ERROR: Url https://www.citilink.ru/catalog/mobile/cell_phones/420397/ return blank page [] []
[2017-03-25 14:05:08] ParseIt.INFO: New - 1, update - 13, from - https://www.citilink.ru/catalog/mobile/smartfony/?available=1&status=55395790&p=1&f=1376_214HUAWEI [] []
[2017-03-25 14:05:08] ParseIt.INFO: Parsing process - done [] []
[2017-03-25 14:34:39] ParseIt.INFO: Parsing process - run [] []
[2017-03-25 14:34:41] ParseIt.INFO: Parsing source - https://www.citilink.ru/catalog/mobile/cell_phones/?available=1&status=55395790&p=1&f=1376_214XIAOMI [] []
[2017-03-25 14:35:22] ParseIt.INFO: New - 0, update - 13, from - https://www.citilink.ru/catalog/mobile/cell_phones/?available=1&status=55395790&p=1&f=1376_214XIAOMI [] []
[2017-03-25 14:35:22] ParseIt.INFO: Parsing source - https://www.citilink.ru/catalog/mobile/smartfony/?available=1&status=55395790&p=1&f=1376_214HUAWEI [] []
[2017-03-25 14:37:15] ParseIt.INFO: New - 2, update - 32, from - https://www.citilink.ru/catalog/mobile/smartfony/?available=1&status=55395790&p=1&f=1376_214HUAWEI [] []
[2017-03-25 14:37:15] ParseIt.INFO: Parsing process - done [] []
[2017-03-25 14:39:23] ParseIt.INFO: Parsing process - run [] []
[2017-03-25 14:39:29] ParseIt.INFO: Parsing source - https://www.citilink.ru/catalog/mobile/cell_phones/?available=1&status=55395790&p=1&f=1376_214XIAOMI [] []
