[2017-08-23 16:01:47] ParseIt.INFO: Parsing source - http://www.mvideo.ru/televizory-i-cifrovoe-tv/televizory-65/f/category=4k-uhd-televizory-1682 [] []
[2017-08-23 16:02:17] ParseIt.INFO: Parsing source - http://www.mvideo.ru/televizory-i-cifrovoe-tv/televizory-65/f/category=4k-uhd-televizory-1682 [] []
[2017-08-23 16:02:32] ParseIt.INFO: Parsing source - http://www.mvideo.ru/televizory-i-cifrovoe-tv/televizory-65/f/category=4k-uhd-televizory-1682 [] []
[2017-08-23 16:04:26] ParseIt.INFO: Parsing source - http://www.mvideo.ru/televizory-i-cifrovoe-tv/televizory-65/f/category=4k-uhd-televizory-1682 [] []
[2017-08-23 16:09:14] ParseIt.INFO: Parsing source - http://www.mvideo.ru/televizory-i-cifrovoe-tv/televizory-65/f/category=4k-uhd-televizory-1682 [] []
[2017-08-23 16:10:10] ParseIt.INFO: Parsing source - http://www.mvideo.ru/televizory-i-cifrovoe-tv/televizory-65/f/category=4k-uhd-televizory-1682 [] []
[2017-08-23 16:11:53] ParseIt.INFO: Parsing source - http://www.mvideo.ru/televizory-i-cifrovoe-tv/televizory-65/f/category=4k-uhd-televizory-1682 [] []
[2017-08-23 16:12:08] ParseIt.INFO: Parsing source - http://www.mvideo.ru/televizory-i-cifrovoe-tv/televizory-65/f/category=4k-uhd-televizory-1682 [] []
[2017-08-23 16:12:56] ParseIt.INFO: Parsing source - http://www.mvideo.ru/televizory-i-cifrovoe-tv/televizory-65/f/category=4k-uhd-televizory-1682 [] []
[2017-08-23 16:14:54] ParseIt.INFO: Parsing source - http://www.mvideo.ru/televizory-i-cifrovoe-tv/televizory-65/f/category=4k-uhd-televizory-1682 [] []
[2017-08-23 16:25:43] ParseIt.INFO: Parsing source - http://www.mvideo.ru/televizory-i-cifrovoe-tv/televizory-65/f/category=4k-uhd-televizory-1682 [] []
[2017-08-23 16:35:35] ParseIt.INFO: Parsing source - http://www.mvideo.ru/televizory-i-cifrovoe-tv/televizory-65/f/category=4k-uhd-televizory-1682 [] []
[2017-08-23 16:36:25] ParseIt.INFO: Parsing source - http://www.mvideo.ru/televizory-i-cifrovoe-tv/televizory-65/f/category=4k-uhd-televizory-1682 [] []
[2017-08-23 16:41:24] ParseIt.INFO: Parsing source - http://www.mvideo.ru/televizory-i-cifrovoe-tv/televizory-65/f/category=4k-uhd-televizory-1682 [] []
[2017-08-23 16:43:15] ParseIt.INFO: Parsing source - http://www.mvideo.ru/televizory-i-cifrovoe-tv/televizory-65/f/category=4k-uhd-televizory-1682 [] []
[2017-08-23 16:44:07] ParseIt.INFO: Parsing source - http://www.mvideo.ru/televizory-i-cifrovoe-tv/televizory-65/f/category=4k-uhd-televizory-1682 [] []
[2017-08-23 16:45:59] ParseIt.INFO: Parsing source - http://www.mvideo.ru/televizory-i-cifrovoe-tv/televizory-65/f/category=4k-uhd-televizory-1682 [] []
[2017-08-23 16:46:20] ParseIt.INFO: Parsing source - http://www.mvideo.ru/televizory-i-cifrovoe-tv/televizory-65/f/category=4k-uhd-televizory-1682 [] []
[2017-08-23 16:46:25] ParseIt.INFO: Parsing source - http://www.mvideo.ru/televizory-i-cifrovoe-tv/televizory-65/f/category=4k-uhd-televizory-1682 [] []
[2017-08-23 16:48:44] ParseIt.INFO: Parsing source - http://www.mvideo.ru/televizory-i-cifrovoe-tv/televizory-65/f/category=4k-uhd-televizory-1682 [] []
[2017-08-23 16:48:50] ParseIt.INFO: Parsing source - http://www.mvideo.ru/televizory-i-cifrovoe-tv/televizory-65/f/category=4k-uhd-televizory-1682 [] []
[2017-08-23 16:51:54] ParseIt.INFO: Parsing source - http://www.mvideo.ru/televizory-i-cifrovoe-tv/televizory-65/f/category=4k-uhd-televizory-1682 [] []
[2017-08-23 16:52:13] ParseIt.INFO: Parsing source - http://www.mvideo.ru/televizory-i-cifrovoe-tv/televizory-65/f/category=4k-uhd-televizory-1682 [] []
[2017-08-23 16:52:35] ParseIt.INFO: Parsing source - http://www.mvideo.ru/televizory-i-cifrovoe-tv/televizory-65/f/category=4k-uhd-televizory-1682 [] []
[2017-08-23 16:54:02] ParseIt.INFO: Parsing source - http://www.mvideo.ru/televizory-i-cifrovoe-tv/televizory-65/f/category=4k-uhd-televizory-1682 [] []
[2017-08-23 16:55:08] ParseIt.INFO: Parsing source - http://www.mvideo.ru/televizory-i-cifrovoe-tv/televizory-65/f/category=4k-uhd-televizory-1682 [] []
[2017-08-23 16:55:52] ParseIt.INFO: Parsing source - http://www.mvideo.ru/televizory-i-cifrovoe-tv/televizory-65/f/category=4k-uhd-televizory-1682 [] []
[2017-08-23 16:59:52] ParseIt.INFO: Parsing source - http://www.mvideo.ru/televizory-i-cifrovoe-tv/televizory-65/f/category=4k-uhd-televizory-1682 [] []
[2017-08-23 17:00:03] ParseIt.INFO: Parsing source - http://www.mvideo.ru/televizory-i-cifrovoe-tv/televizory-65/f/category=4k-uhd-televizory-1682 [] []
[2017-08-23 17:00:14] ParseIt.INFO: Parsing source - http://www.mvideo.ru/televizory-i-cifrovoe-tv/televizory-65/f/category=4k-uhd-televizory-1682 [] []
[2017-08-23 17:02:36] ParseIt.INFO: Parsing source - http://www.mvideo.ru/televizory-i-cifrovoe-tv/televizory-65/f/category=4k-uhd-televizory-1682 [] []
[2017-08-23 17:02:50] ParseIt.INFO: Parsing source - http://www.mvideo.ru/televizory-i-cifrovoe-tv/televizory-65/f/category=4k-uhd-televizory-1682 [] []
[2017-08-23 17:03:00] ParseIt.INFO: Parsing source - http://www.mvideo.ru/televizory-i-cifrovoe-tv/televizory-65/f/category=4k-uhd-televizory-1682 [] []
[2017-08-23 17:03:22] ParseIt.INFO: Parsing source - http://www.mvideo.ru/televizory-i-cifrovoe-tv/televizory-65/f/category=4k-uhd-televizory-1682 [] []
[2017-08-23 17:03:42] ParseIt.INFO: Parsing source - http://www.mvideo.ru/televizory-i-cifrovoe-tv/televizory-65/f/category=4k-uhd-televizory-1682 [] []
[2017-08-23 17:04:35] ParseIt.INFO: Parsing source - http://www.mvideo.ru/televizory-i-cifrovoe-tv/televizory-65/f/category=4k-uhd-televizory-1682 [] []
[2017-08-23 17:06:39] ParseIt.INFO: Parsing source - http://www.mvideo.ru/televizory-i-cifrovoe-tv/televizory-65/f/category=4k-uhd-televizory-1682 [] []
[2017-08-23 17:08:42] ParseIt.INFO: Parsing source - http://www.mvideo.ru/televizory-i-cifrovoe-tv/televizory-65/f/category=4k-uhd-televizory-1682 [] []
[2017-08-23 17:08:45] ParseIt.INFO: Parsing source - http://www.mvideo.ru/televizory-i-cifrovoe-tv/televizory-65/f/category=4k-uhd-televizory-1682 [] []
[2017-08-23 17:09:05] ParseIt.INFO: Parsing source - http://www.mvideo.ru/televizory-i-cifrovoe-tv/televizory-65/f/category=4k-uhd-televizory-1682 [] []
[2017-08-23 17:09:25] ParseIt.INFO: Parsing source - http://www.mvideo.ru/televizory-i-cifrovoe-tv/televizory-65/f/category=4k-uhd-televizory-1682 [] []
[2017-08-23 17:10:37] ParseIt.INFO: Parsing source - http://www.mvideo.ru/televizory-i-cifrovoe-tv/televizory-65/f/category=4k-uhd-televizory-1682 [] []
[2017-08-23 17:11:16] ParseIt.INFO: Parsing source - http://www.mvideo.ru/televizory-i-cifrovoe-tv/televizory-65/f/category=4k-uhd-televizory-1682 [] []
[2017-08-23 17:11:59] ParseIt.INFO: Parsing source - http://www.mvideo.ru/televizory-i-cifrovoe-tv/televizory-65/f/category=4k-uhd-televizory-1682 [] []
[2017-08-23 17:12:08] ParseIt.INFO: Parsing source - http://www.mvideo.ru/televizory-i-cifrovoe-tv/televizory-65/f/category=4k-uhd-televizory-1682 [] []
[2017-08-23 17:12:12] ParseIt.INFO: Parsing source - http://www.mvideo.ru/televizory-i-cifrovoe-tv/televizory-65/f/category=4k-uhd-televizory-1682 [] []
[2017-08-23 17:12:21] ParseIt.INFO: Parsing source - http://www.mvideo.ru/televizory-i-cifrovoe-tv/televizory-65/f/category=4k-uhd-televizory-1682 [] []
[2017-08-23 17:13:03] ParseIt.INFO: Parsing source - http://www.mvideo.ru/televizory-i-cifrovoe-tv/televizory-65/f/category=4k-uhd-televizory-1682 [] []
[2017-08-23 17:14:12] ParseIt.INFO: Parsing source - http://www.mvideo.ru/televizory-i-cifrovoe-tv/televizory-65/f/category=4k-uhd-televizory-1682 [] []
[2017-08-23 17:14:59] ParseIt.INFO: Parsing source - http://www.mvideo.ru/televizory-i-cifrovoe-tv/televizory-65/f/category=4k-uhd-televizory-1682 [] []
[2017-08-23 17:15:38] ParseIt.INFO: Parsing source - http://www.mvideo.ru/televizory-i-cifrovoe-tv/televizory-65/f/category=4k-uhd-televizory-1682 [] []
[2017-08-23 17:15:41] ParseIt.INFO: Parsing source - http://www.mvideo.ru/televizory-i-cifrovoe-tv/televizory-65/f/category=4k-uhd-televizory-1682 [] []
[2017-08-23 17:15:52] ParseIt.INFO: Parsing source - http://www.mvideo.ru/televizory-i-cifrovoe-tv/televizory-65/f/category=4k-uhd-televizory-1682 [] []
[2017-08-23 17:15:56] ParseIt.INFO: Parsing source - http://www.mvideo.ru/televizory-i-cifrovoe-tv/televizory-65/f/category=4k-uhd-televizory-1682 [] []
[2017-08-23 17:16:01] ParseIt.INFO: Parsing source - http://www.mvideo.ru/televizory-i-cifrovoe-tv/televizory-65/f/category=4k-uhd-televizory-1682 [] []
[2017-08-23 17:16:04] ParseIt.INFO: Parsing source - http://www.mvideo.ru/televizory-i-cifrovoe-tv/televizory-65/f/category=4k-uhd-televizory-1682 [] []
[2017-08-23 17:17:04] ParseIt.INFO: Parsing source - http://www.mvideo.ru/televizory-i-cifrovoe-tv/televizory-65/f/category=4k-uhd-televizory-1682 [] []
[2017-08-23 17:20:16] ParseIt.INFO: Parsing source - http://www.mvideo.ru/televizory-i-cifrovoe-tv/televizory-65/f/category=4k-uhd-televizory-1682 [] []
[2017-08-23 17:20:22] ParseIt.INFO: Parsing source - http://www.mvideo.ru/televizory-i-cifrovoe-tv/televizory-65/f/category=4k-uhd-televizory-1682 [] []
[2017-08-23 17:20:25] ParseIt.INFO: Parsing source - http://www.mvideo.ru/televizory-i-cifrovoe-tv/televizory-65/f/category=4k-uhd-televizory-1682 [] []
[2017-08-23 17:21:54] ParseIt.INFO: Parsing source - http://www.mvideo.ru/televizory-i-cifrovoe-tv/televizory-65/f/category=4k-uhd-televizory-1682 [] []
[2017-08-23 17:23:29] ParseIt.INFO: Parsing source - http://www.mvideo.ru/televizory-i-cifrovoe-tv/televizory-65/f/category=4k-uhd-televizory-1682 [] []
[2017-08-23 17:23:30] ParseIt.ERROR: ParseitController.run() {"errors":["[object] (ErrorException(code: 0): Undefined offset: 0 at /home/klyupav/www/mobzilla.su/parseit-mvideo/app/Donors/MvideoRu.php:82)"],"source":"http://www.mvideo.ru/televizory-i-cifrovoe-tv/televizory-65/f/category=4k-uhd-televizory-1682"} []
[2017-08-23 17:24:53] ParseIt.INFO: Parsing source - http://www.mvideo.ru/televizory-i-cifrovoe-tv/televizory-65/f/category=4k-uhd-televizory-1682 [] []
[2017-08-23 17:24:54] ParseIt.ERROR: ParseitController.run() {"errors":["[object] (ErrorException(code: 0): Undefined offset: 0 at /home/klyupav/www/mobzilla.su/parseit-mvideo/app/Donors/MvideoRu.php:82)"],"source":"http://www.mvideo.ru/televizory-i-cifrovoe-tv/televizory-65/f/category=4k-uhd-televizory-1682"} []
[2017-08-23 17:24:59] ParseIt.INFO: Parsing source - http://www.mvideo.ru/televizory-i-cifrovoe-tv/televizory-65/f/category=4k-uhd-televizory-1682 [] []
[2017-08-23 17:26:18] ParseIt.INFO: Parsing source - http://www.mvideo.ru/televizory-i-cifrovoe-tv/televizory-65/f/category=4k-uhd-televizory-1682 [] []
[2017-08-23 17:26:20] ParseIt.INFO: Parsing source - http://www.mvideo.ru/televizory-i-cifrovoe-tv/televizory-65/f/category=4k-uhd-televizory-1682 [] []
[2017-08-23 17:26:57] ParseIt.INFO: Parsing source - http://www.mvideo.ru/televizory-i-cifrovoe-tv/televizory-65/f/category=4k-uhd-televizory-1682 [] []
[2017-08-23 17:27:07] ParseIt.INFO: Parsing source - http://www.mvideo.ru/televizory-i-cifrovoe-tv/televizory-65/f/category=4k-uhd-televizory-1682 [] []
[2017-08-23 17:27:09] ParseIt.ERROR: ParseitController.run() {"errors":["[object] (ErrorException(code: 0): Undefined offset: 0 at /home/klyupav/www/mobzilla.su/parseit-mvideo/app/Donors/MvideoRu.php:82)"],"source":"http://www.mvideo.ru/televizory-i-cifrovoe-tv/televizory-65/f/category=4k-uhd-televizory-1682"} []
[2017-08-23 17:27:32] ParseIt.INFO: Parsing source - http://www.mvideo.ru/televizory-i-cifrovoe-tv/televizory-65/f/category=4k-uhd-televizory-1682 [] []
[2017-08-23 17:28:14] ParseIt.INFO: Parsing source - http://www.mvideo.ru/televizory-i-cifrovoe-tv/televizory-65/f/category=4k-uhd-televizory-1682 [] []
[2017-08-23 17:28:16] ParseIt.ERROR: ParseitController.run() {"errors":["[object] (ErrorException(code: 0): Undefined offset: 0 at /home/klyupav/www/mobzilla.su/parseit-mvideo/app/Donors/MvideoRu.php:82)"],"source":"http://www.mvideo.ru/televizory-i-cifrovoe-tv/televizory-65/f/category=4k-uhd-televizory-1682"} []
[2017-08-23 17:28:23] ParseIt.INFO: Parsing source - http://www.mvideo.ru/televizory-i-cifrovoe-tv/televizory-65/f/category=4k-uhd-televizory-1682 [] []
[2017-08-23 17:28:24] ParseIt.ERROR: ParseitController.run() {"errors":["[object] (ErrorException(code: 0): Undefined offset: 0 at /home/klyupav/www/mobzilla.su/parseit-mvideo/app/Donors/MvideoRu.php:82)"],"source":"http://www.mvideo.ru/televizory-i-cifrovoe-tv/televizory-65/f/category=4k-uhd-televizory-1682"} []
[2017-08-23 17:28:31] ParseIt.INFO: Parsing source - http://www.mvideo.ru/televizory-i-cifrovoe-tv/televizory-65/f/category=4k-uhd-televizory-1682 [] []
[2017-08-23 17:28:33] ParseIt.ERROR: ParseitController.run() {"errors":["[object] (ErrorException(code: 0): Undefined offset: 0 at /home/klyupav/www/mobzilla.su/parseit-mvideo/app/Donors/MvideoRu.php:82)"],"source":"http://www.mvideo.ru/televizory-i-cifrovoe-tv/televizory-65/f/category=4k-uhd-televizory-1682"} []
[2017-08-23 17:28:44] ParseIt.INFO: Parsing source - http://www.mvideo.ru/televizory-i-cifrovoe-tv/televizory-65/f/category=4k-uhd-televizory-1682 [] []
[2017-08-23 17:28:45] ParseIt.ERROR: ParseitController.run() {"errors":["[object] (ErrorException(code: 0): Undefined offset: 0 at /home/klyupav/www/mobzilla.su/parseit-mvideo/app/Donors/MvideoRu.php:82)"],"source":"http://www.mvideo.ru/televizory-i-cifrovoe-tv/televizory-65/f/category=4k-uhd-televizory-1682"} []
[2017-08-23 17:28:50] ParseIt.INFO: Parsing source - http://www.mvideo.ru/televizory-i-cifrovoe-tv/televizory-65/f/category=4k-uhd-televizory-1682 [] []
[2017-08-23 17:29:10] ParseIt.INFO: Parsing source - http://www.mvideo.ru/televizory-i-cifrovoe-tv/televizory-65/f/category=4k-uhd-televizory-1682 [] []
[2017-08-23 17:29:19] ParseIt.INFO: Parsing source - http://www.mvideo.ru/televizory-i-cifrovoe-tv/televizory-65/f/category=4k-uhd-televizory-1682 [] []
[2017-08-23 17:29:20] ParseIt.ERROR: ParseitController.run() {"errors":["[object] (ErrorException(code: 0): Undefined offset: 0 at /home/klyupav/www/mobzilla.su/parseit-mvideo/app/Donors/MvideoRu.php:81)"],"source":"http://www.mvideo.ru/televizory-i-cifrovoe-tv/televizory-65/f/category=4k-uhd-televizory-1682"} []
[2017-08-23 17:29:29] ParseIt.INFO: Parsing source - http://www.mvideo.ru/televizory-i-cifrovoe-tv/televizory-65/f/category=4k-uhd-televizory-1682 [] []
[2017-08-23 17:29:38] ParseIt.ERROR: ParseitController.run() {"errors":["[object] (ErrorException(code: 0): Undefined offset: 0 at /home/klyupav/www/mobzilla.su/parseit-mvideo/app/Donors/MvideoRu.php:81)"],"source":"http://www.mvideo.ru/televizory-i-cifrovoe-tv/televizory-65/f/category=4k-uhd-televizory-1682"} []
[2017-08-23 17:29:44] ParseIt.INFO: Parsing source - http://www.mvideo.ru/televizory-i-cifrovoe-tv/televizory-65/f/category=4k-uhd-televizory-1682 [] []
[2017-08-23 17:29:56] ParseIt.INFO: Parsing source - http://www.mvideo.ru/televizory-i-cifrovoe-tv/televizory-65/f/category=4k-uhd-televizory-1682 [] []
[2017-08-23 17:30:06] ParseIt.INFO: Parsing source - http://www.mvideo.ru/televizory-i-cifrovoe-tv/televizory-65/f/category=4k-uhd-televizory-1682 [] []
[2017-08-23 17:30:16] ParseIt.INFO: Parsing source - http://www.mvideo.ru/televizory-i-cifrovoe-tv/televizory-65/f/category=4k-uhd-televizory-1682 [] []
[2017-08-23 17:31:39] ParseIt.INFO: Parsing source - http://www.mvideo.ru/televizory-i-cifrovoe-tv/televizory-65/f/category=4k-uhd-televizory-1682 [] []
[2017-08-23 17:32:14] ParseIt.INFO: Parsing source - http://www.mvideo.ru/televizory-i-cifrovoe-tv/televizory-65/f/category=4k-uhd-televizory-1682 [] []
[2017-08-23 17:33:23] ParseIt.INFO: Parsing source - http://www.mvideo.ru/televizory-i-cifrovoe-tv/televizory-65/f/category=4k-uhd-televizory-1682 [] []
[2017-08-23 17:34:12] ParseIt.INFO: New - 12, update - 0, from - http://www.mvideo.ru/televizory-i-cifrovoe-tv/televizory-65/f/category=4k-uhd-televizory-1682 [] []
[2017-08-23 17:36:50] ParseIt.INFO: Parsing process - run [] []
[2017-08-23 17:36:54] ParseIt.INFO: Parsing source - http://www.mvideo.ru/televizory-i-cifrovoe-tv/televizory-65/f/category=4k-uhd-televizory-1682 [] []
[2017-08-23 17:37:27] ParseIt.INFO: Parsing process - run [] []
[2017-08-23 17:37:30] ParseIt.INFO: Parsing source - http://www.mvideo.ru/televizory-i-cifrovoe-tv/televizory-65/f/category=4k-uhd-televizory-1682 [] []
[2017-08-23 17:38:08] ParseIt.INFO: Parsing process - run [] []
[2017-08-23 17:38:11] ParseIt.INFO: Parsing source - http://www.mvideo.ru/televizory-i-cifrovoe-tv/televizory-65/f/category=4k-uhd-televizory-1682 [] []
[2017-08-23 17:39:53] ParseIt.ERROR: ParseitController.run() {"errors":["[object] (ErrorException(code: 0): Undefined offset: 0 at /home/klyupav/www/mobzilla.su/parseit-mvideo/app/Donors/MvideoRu.php:91)"],"source":"http://www.mvideo.ru/televizory-i-cifrovoe-tv/televizory-65/f/category=4k-uhd-televizory-1682"} []
[2017-08-23 17:46:29] ParseIt.INFO: Parsing process - run [] []
[2017-08-23 17:47:11] ParseIt.INFO: Parsing source - http://www.mvideo.ru/televizory-i-cifrovoe-tv/televizory-65/f/category=4k-uhd-televizory-1682 [] []
[2017-08-23 17:51:08] ParseIt.INFO: Parsing process - run [] []
[2017-08-23 17:51:10] ParseIt.INFO: Parsing source - http://www.mvideo.ru/televizory-i-cifrovoe-tv/televizory-65/f/category=4k-uhd-televizory-1682 [] []
[2017-08-23 17:52:38] ParseIt.ERROR: ParseitController.run() {"errors":["[object] (ErrorException(code: 0): Undefined offset: 0 at /home/klyupav/www/mobzilla.su/parseit-mvideo/app/Donors/MvideoRu.php:91)"],"source":"http://www.mvideo.ru/televizory-i-cifrovoe-tv/televizory-65/f/category=4k-uhd-televizory-1682"} []
[2017-08-23 18:00:54] ParseIt.INFO: Parsing process - run [] []
[2017-08-23 18:00:56] ParseIt.INFO: Parsing source - http://www.mvideo.ru/televizory-i-cifrovoe-tv/televizory-65/f/category=4k-uhd-televizory-1682 [] []
[2017-08-23 18:02:40] ParseIt.ERROR: ParseitController.run() {"errors":["[object] (ErrorException(code: 0): Undefined offset: 0 at /home/klyupav/www/mobzilla.su/parseit-mvideo/app/Donors/MvideoRu.php:91)"],"source":"http://www.mvideo.ru/televizory-i-cifrovoe-tv/televizory-65/f/category=4k-uhd-televizory-1682"} []
[2017-08-23 18:33:49] ParseIt.INFO: Parsing process - run [] []
[2017-08-23 18:33:51] ParseIt.INFO: Parsing source - http://www.mvideo.ru/televizory-i-cifrovoe-tv/televizory-65/f/category=4k-uhd-televizory-1682 [] []
[2017-08-23 18:35:54] ParseIt.ERROR: ParseitController.run() {"errors":["[object] (ErrorException(code: 0): Undefined offset: 0 at /home/klyupav/www/mobzilla.su/parseit-mvideo/app/Donors/MvideoRu.php:91)"],"source":"http://www.mvideo.ru/televizory-i-cifrovoe-tv/televizory-65/f/category=4k-uhd-televizory-1682"} []
[2017-08-23 18:39:03] ParseIt.INFO: Parsing process - run [] []
[2017-08-23 18:39:08] ParseIt.INFO: Parsing source - http://www.mvideo.ru/televizory-i-cifrovoe-tv/televizory-65/f/category=4k-uhd-televizory-1682 [] []
[2017-08-23 18:40:36] ParseIt.ERROR: ParseitController.run() {"errors":["[object] (ErrorException(code: 0): Undefined offset: 0 at /home/klyupav/www/mobzilla.su/parseit-mvideo/app/Donors/MvideoRu.php:91)"],"source":"http://www.mvideo.ru/televizory-i-cifrovoe-tv/televizory-65/f/category=4k-uhd-televizory-1682"} []
[2017-08-23 18:41:16] ParseIt.INFO: Parsing process - run [] []
[2017-08-23 18:42:03] ParseIt.INFO: Parsing process - run [] []
[2017-08-23 18:42:04] ParseIt.INFO: Parsing source - http://www.mvideo.ru/televizory-i-cifrovoe-tv/televizory-65/f/category=4k-uhd-televizory-1682 [] []
[2017-08-23 18:43:39] ParseIt.ERROR: ParseitController.run() {"errors":["[object] (ErrorException(code: 0): Undefined offset: 0 at /home/klyupav/www/mobzilla.su/parseit-mvideo/app/Donors/MvideoRu.php:91)"],"source":"http://www.mvideo.ru/televizory-i-cifrovoe-tv/televizory-65/f/category=4k-uhd-televizory-1682"} []
[2017-08-23 18:46:49] ParseIt.INFO: Parsing process - run [] []
[2017-08-23 18:46:50] ParseIt.INFO: Parsing source - http://www.mvideo.ru/televizory-i-cifrovoe-tv/televizory-65/f/category=4k-uhd-televizory-1682 [] []
[2017-08-23 18:47:08] ParseIt.INFO: New - 0, update - 0, from - http://www.mvideo.ru/televizory-i-cifrovoe-tv/televizory-65/f/category=4k-uhd-televizory-1682 [] []
[2017-08-23 18:53:31] ParseIt.INFO: Parsing process - run [] []
[2017-08-23 18:53:33] ParseIt.INFO: Parsing source - http://www.mvideo.ru/televizory-i-cifrovoe-tv/televizory-65/f/category=4k-uhd-televizory-1682 [] []
[2017-08-23 18:55:04] ParseIt.ERROR: ParseitController.run() {"errors":["[object] (ErrorException(code: 0): Undefined offset: 0 at /home/klyupav/www/mobzilla.su/parseit-mvideo/app/Donors/MvideoRu.php:91)"],"source":"http://www.mvideo.ru/televizory-i-cifrovoe-tv/televizory-65/f/category=4k-uhd-televizory-1682"} []
[2017-08-23 18:56:16] ParseIt.INFO: Parsing process - run [] []
[2017-08-23 18:56:21] ParseIt.INFO: Parsing source - http://www.mvideo.ru/televizory-i-cifrovoe-tv/televizory-65/f/category=4k-uhd-televizory-1682 [] []
[2017-08-23 18:58:00] ParseIt.ERROR: ParseitController.run() {"errors":["[object] (ErrorException(code: 0): Undefined index: proxy at /home/klyupav/www/mobzilla.su/parseit-mvideo/app/Donors/MvideoRu.php:103)"],"source":"http://www.mvideo.ru/televizory-i-cifrovoe-tv/televizory-65/f/category=4k-uhd-televizory-1682"} []
[2017-08-23 19:03:15] ParseIt.INFO: Parsing process - run [] []
[2017-08-23 19:03:18] ParseIt.INFO: Parsing source - http://www.mvideo.ru/televizory-i-cifrovoe-tv/televizory-65/f/category=4k-uhd-televizory-1682 [] []
[2017-08-23 19:08:00] ParseIt.ERROR: ParseitController.run() {"errors":["[object] (ErrorException(code: 0): Undefined offset: 0 at /home/klyupav/www/mobzilla.su/parseit-mvideo/app/Donors/MvideoRu.php:91)"],"source":"http://www.mvideo.ru/televizory-i-cifrovoe-tv/televizory-65/f/category=4k-uhd-televizory-1682"} []
[2017-08-23 19:10:40] ParseIt.INFO: Parsing process - run [] []
[2017-08-23 19:10:41] ParseIt.INFO: Parsing source - http://www.mvideo.ru/televizory-i-cifrovoe-tv/televizory-65/f/category=4k-uhd-televizory-1682 [] []
[2017-08-23 19:14:40] ParseIt.ERROR: ParseitController.run() {"errors":["[object] (ErrorException(code: 0): Undefined offset: 0 at /home/klyupav/www/mobzilla.su/parseit-mvideo/app/Donors/MvideoRu.php:91)"],"source":"http://www.mvideo.ru/televizory-i-cifrovoe-tv/televizory-65/f/category=4k-uhd-televizory-1682"} []
[2017-08-23 19:20:14] ParseIt.INFO: Parsing process - run [] []
[2017-08-23 19:20:15] ParseIt.INFO: Parsing source - http://www.mvideo.ru/televizory-i-cifrovoe-tv/televizory-65/f/category=4k-uhd-televizory-1682 [] []
[2017-08-23 19:24:26] ParseIt.ERROR: ParseitController.run() {"errors":["[object] (ErrorException(code: 0): Undefined offset: 0 at /home/klyupav/www/mobzilla.su/parseit-mvideo/app/Donors/MvideoRu.php:91)"],"source":"http://www.mvideo.ru/televizory-i-cifrovoe-tv/televizory-65/f/category=4k-uhd-televizory-1682"} []
[2017-08-23 19:28:26] ParseIt.INFO: Parsing process - run [] []
[2017-08-23 19:28:28] ParseIt.INFO: Parsing source - http://www.mvideo.ru/televizory-i-cifrovoe-tv/televizory-65/f/category=4k-uhd-televizory-1682 [] []
[2017-08-23 19:28:43] ParseIt.ERROR: ParseitController.run() {"errors":["[object] (ErrorException(code: 0): Undefined offset: 0 at /home/klyupav/www/mobzilla.su/parseit-mvideo/app/Donors/MvideoRu.php:91)"],"source":"http://www.mvideo.ru/televizory-i-cifrovoe-tv/televizory-65/f/category=4k-uhd-televizory-1682"} []
