[2017-03-26 07:32:17] ParseIt.INFO: Parsing process - run [] []
[2017-03-26 10:47:48] ParseIt.INFO: Parsing source - https://www.citilink.ru/catalog/mobile/cell_phones/?available=1&status=55395790&p=1&f=1376_214XIAOMI [] []
[2017-03-26 10:47:54] ParseIt.INFO: Parsing source - https://www.citilink.ru/catalog/mobile/smartfony/?available=1&status=55395790&p=1&f=1376_214HUAWEI [] []
[2017-03-26 10:48:00] ParseIt.INFO: Parsing process - done [] []
[2017-03-26 10:49:54] ParseIt.INFO: Parsing process - run [] []
[2017-03-26 10:49:55] ParseIt.INFO: Parsing source - https://www.citilink.ru/catalog/mobile/cell_phones/?available=1&status=55395790&p=1&f=1376_214XIAOMI [] []
[2017-03-26 10:50:16] ParseIt.INFO: Parsing source - https://www.citilink.ru/catalog/mobile/smartfony/?available=1&status=55395790&p=1&f=1376_214HUAWEI [] []
[2017-03-26 10:50:53] ParseIt.INFO: Parsing process - run [] []
[2017-03-26 10:50:56] ParseIt.INFO: Parsing source - https://www.citilink.ru/catalog/mobile/cell_phones/?available=1&status=55395790&p=1&f=1376_214XIAOMI [] []
[2017-03-26 10:51:17] ParseIt.ERROR: Url https://www.citilink.ru/catalog/mobile/cell_phones/436670/ return blank page [] []
[2017-03-26 10:51:49] ParseIt.INFO: New - 0, update - 10, from - https://www.citilink.ru/catalog/mobile/cell_phones/?available=1&status=55395790&p=1&f=1376_214XIAOMI [] []
[2017-03-26 10:51:49] ParseIt.INFO: Parsing source - https://www.citilink.ru/catalog/mobile/smartfony/?available=1&status=55395790&p=1&f=1376_214HUAWEI [] []
[2017-03-26 10:53:11] ParseIt.INFO: New - 0, update - 34, from - https://www.citilink.ru/catalog/mobile/smartfony/?available=1&status=55395790&p=1&f=1376_214HUAWEI [] []
[2017-03-26 10:53:11] ParseIt.INFO: Parsing process - done [] []
[2017-03-26 10:54:24] ParseIt.INFO: Parsing process - run [] []
[2017-03-26 10:54:29] ParseIt.INFO: Parsing source - https://www.citilink.ru/catalog/mobile/cell_phones/?available=1&status=55395790&p=1&f=1376_214XIAOMI [] []
[2017-03-26 10:54:32] ParseIt.ERROR: Url https://www.citilink.ru/catalog/mobile/cell_phones/436867/ return blank page [] []
[2017-03-26 10:55:08] ParseIt.ERROR: Url https://www.citilink.ru/catalog/mobile/cell_phones/417592/ return blank page [] []
[2017-03-26 10:55:11] ParseIt.INFO: New - 0, update - 9, from - https://www.citilink.ru/catalog/mobile/cell_phones/?available=1&status=55395790&p=1&f=1376_214XIAOMI [] []
[2017-03-26 10:55:11] ParseIt.INFO: Parsing source - https://www.citilink.ru/catalog/mobile/smartfony/?available=1&status=55395790&p=1&f=1376_214HUAWEI [] []
[2017-03-26 10:56:57] ParseIt.INFO: New - 0, update - 34, from - https://www.citilink.ru/catalog/mobile/smartfony/?available=1&status=55395790&p=1&f=1376_214HUAWEI [] []
[2017-03-26 10:56:57] ParseIt.INFO: Parsing process - done [] []
[2017-03-26 11:40:36] ParseIt.INFO: Parsing process - run [] []
[2017-03-26 11:40:38] ParseIt.INFO: Parsing source - https://www.citilink.ru/catalog/mobile/cell_phones/?available=1&status=55395790&p=1&f=1376_214XIAOMI [] []
[2017-03-26 11:41:02] ParseIt.INFO: New - 0, update - 11, from - https://www.citilink.ru/catalog/mobile/cell_phones/?available=1&status=55395790&p=1&f=1376_214XIAOMI [] []
[2017-03-26 11:41:02] ParseIt.INFO: Parsing source - https://www.citilink.ru/catalog/mobile/smartfony/?available=1&status=55395790&p=1&f=1376_214HUAWEI [] []
[2017-03-26 11:42:32] ParseIt.INFO: New - 0, update - 34, from - https://www.citilink.ru/catalog/mobile/smartfony/?available=1&status=55395790&p=1&f=1376_214HUAWEI [] []
[2017-03-26 11:42:32] ParseIt.INFO: Parsing process - done [] []
[2017-03-26 11:43:15] ParseIt.INFO: Parsing process - run [] []
[2017-03-26 11:43:18] ParseIt.INFO: Parsing source - https://www.citilink.ru/catalog/mobile/cell_phones/?available=1&status=55395790&p=1&f=1376_214XIAOMI [] []
[2017-03-26 11:43:38] ParseIt.INFO: New - 0, update - 11, from - https://www.citilink.ru/catalog/mobile/cell_phones/?available=1&status=55395790&p=1&f=1376_214XIAOMI [] []
[2017-03-26 11:43:38] ParseIt.INFO: Parsing source - https://www.citilink.ru/catalog/mobile/smartfony/?available=1&status=55395790&p=1&f=1376_214HUAWEI [] []
[2017-03-26 11:45:05] ParseIt.INFO: New - 0, update - 34, from - https://www.citilink.ru/catalog/mobile/smartfony/?available=1&status=55395790&p=1&f=1376_214HUAWEI [] []
[2017-03-26 11:45:54] ParseIt.INFO: Parsing process - done [] []
[2017-03-26 11:46:24] ParseIt.INFO: Parsing process - done [] []
[2017-03-26 11:46:27] ParseIt.INFO: Parsing process - done [] []
[2017-03-26 11:46:28] ParseIt.INFO: Parsing process - done [] []
[2017-03-26 11:49:18] ParseIt.INFO: Parsing process - run [] []
[2017-03-26 11:49:23] ParseIt.INFO: Parsing source - https://www.citilink.ru/catalog/mobile/cell_phones/?available=1&status=55395790&p=1&f=1376_214XIAOMI [] []
[2017-03-26 11:49:52] ParseIt.INFO: New - 0, update - 11, from - https://www.citilink.ru/catalog/mobile/cell_phones/?available=1&status=55395790&p=1&f=1376_214XIAOMI [] []
[2017-03-26 11:49:52] ParseIt.INFO: Parsing source - https://www.citilink.ru/catalog/mobile/smartfony/?available=1&status=55395790&p=1&f=1376_214HUAWEI [] []
[2017-03-26 11:51:05] ParseIt.INFO: New - 0, update - 34, from - https://www.citilink.ru/catalog/mobile/smartfony/?available=1&status=55395790&p=1&f=1376_214HUAWEI [] []
[2017-03-26 11:56:41] ParseIt.INFO: Parsing process - run [] []
[2017-03-26 11:56:50] ParseIt.INFO: Parsing source - https://www.citilink.ru/catalog/mobile/cell_phones/?available=1&status=55395790&p=1&f=1376_214XIAOMI [] []
[2017-03-26 11:57:04] ParseIt.INFO: New - 0, update - 11, from - https://www.citilink.ru/catalog/mobile/cell_phones/?available=1&status=55395790&p=1&f=1376_214XIAOMI [] []
[2017-03-26 11:57:04] ParseIt.INFO: Parsing source - https://www.citilink.ru/catalog/mobile/smartfony/?available=1&status=55395790&p=1&f=1376_214HUAWEI [] []
[2017-03-26 11:58:28] ParseIt.INFO: New - 0, update - 34, from - https://www.citilink.ru/catalog/mobile/smartfony/?available=1&status=55395790&p=1&f=1376_214HUAWEI [] []
[2017-03-26 12:06:29] ParseIt.INFO: Parsing process - run [] []
[2017-03-26 12:07:16] ParseIt.INFO: Parsing source - https://www.citilink.ru/catalog/mobile/cell_phones/?available=1&status=55395790&p=1&f=1376_214XIAOMI [] []
[2017-03-26 12:07:46] ParseIt.INFO: New - 0, update - 11, from - https://www.citilink.ru/catalog/mobile/cell_phones/?available=1&status=55395790&p=1&f=1376_214XIAOMI [] []
[2017-03-26 12:07:46] ParseIt.INFO: Parsing source - https://www.citilink.ru/catalog/mobile/smartfony/?available=1&status=55395790&p=1&f=1376_214HUAWEI [] []
[2017-03-26 12:09:11] ParseIt.INFO: New - 0, update - 34, from - https://www.citilink.ru/catalog/mobile/smartfony/?available=1&status=55395790&p=1&f=1376_214HUAWEI [] []
